2026-03-04 10:12:05,757 [INFO] WebApp:194 - Connection lost
2026-03-04 10:13:45,487 [INFO] WebApp:191 - Connection restablished
2026-03-04 10:14:07,318 [INFO] WebApp:194 - Connection lost
2026-03-04 10:14:07,602 [INFO] WebApp:191 - Connection restablished
2026-03-04 12:07:43,934 [INFO] WebApp:194 - Connection lost
2026-03-04 12:10:36,818 [INFO] WebApp:191 - Connection restablished
2026-03-04 12:55:08,569 [INFO] WebApp:194 - Connection lost
2026-03-04 12:55:17,992 [INFO] WebApp:191 - Connection restablished
2026-03-04 12:55:22,946 [INFO] WebApp:194 - Connection lost
2026-03-04 13:27:52,887 [INFO] WebApp:191 - Connection restablished
2026-03-04 13:27:55,603 [INFO] WebApp:194 - Connection lost
2026-03-04 13:27:56,004 [INFO] WebApp:191 - Connection restablished
2026-03-04 14:45:39,617 [INFO] WebApp:194 - Connection lost
2026-03-04 19:48:29,026 [INFO] Activator:176 - 


2026-03-04 19:48:29,037 [INFO] Activator:177 - !SESSION log4j initialized
2026-03-04 19:48:44,282 [INFO] LogOutputStream:77 - [STDOUT_REDIRECT] 
2026-03-04 19:48:47,405 [INFO] ApplicationProperties:184 - Using Application install path: C:\STM\STM32CubeIDE_1.19.0\STM32CubeIDE\plugins\com.st.stm32cube.common.mx_6.15.0.202507011659
2026-03-04 19:48:47,432 [INFO] DbMcusXml:78 - Set database path to: C:\STM\STM32CubeIDE_1.19.0\STM32CubeIDE\plugins\com.st.stm32cube.common.mx_6.15.0.202507011659\\db\/mcu/
2026-03-04 19:48:47,432 [INFO] ApiDb:274 - Set plugin database path to: C:\STM\STM32CubeIDE_1.19.0\STM32CubeIDE\plugins\com.st.stm32cube.common.mx_6.15.0.202507011659\\db\/plugins/boardmanager/
2026-03-04 19:48:47,432 [WARN] ApiDb:259 - Overriding images path with different value:  => C:\STM\STM32CubeIDE_1.19.0\STM32CubeIDE\plugins\com.st.stm32cube.common.mx_6.15.0.202507011659\\db\/plugins/mcufinder/images/
2026-03-04 19:48:47,444 [INFO] ApiDb:250 - Set database path to: C:\Users\Atreya\.stmcufinder\plugins\mcufinder//mcu/
2026-03-04 19:48:47,446 [INFO] DbMcusAds:125 - Set database path to: C:\Users\Atreya\.stmcufinder\plugins\mcufinder//mcu/
2026-03-04 19:48:47,453 [INFO] CrossReferenceDbSqlite:203 - Set database path to: C:\Users\Atreya\.stmcufinder\plugins\mcufinder//mcu/cs/
2026-03-04 19:48:47,610 [INFO] RulesReader:64 - Compatibility file has been processed (317 Rules)
2026-03-04 19:48:47,738 [INFO] DbMcusXml:78 - Set database path to: C:\STM\STM32CubeIDE_1.19.0\STM32CubeIDE\plugins\com.st.stm32cube.common.mx_6.15.0.202507011659\\db\/mcu/
2026-03-04 19:48:47,738 [INFO] ApiDb:274 - Set plugin database path to: C:\STM\STM32CubeIDE_1.19.0\STM32CubeIDE\plugins\com.st.stm32cube.common.mx_6.15.0.202507011659\\db\/plugins/boardmanager/
2026-03-04 19:48:47,738 [INFO] ApiDb:261 - Set plugin images path to: C:\STM\STM32CubeIDE_1.19.0\STM32CubeIDE\plugins\com.st.stm32cube.common.mx_6.15.0.202507011659\\db\/plugins/mcufinder/images/
2026-03-04 19:48:47,739 [WARN] DbFile:41 - Overriding database path with different value: C:\Users\Atreya\.stmcufinder\plugins\mcufinder/ => C:\Users\Atreya\.stmcufinder\plugins\mcufinder
2026-03-04 19:48:47,739 [INFO] ApiDb:250 - Set database path to: C:\Users\Atreya\.stmcufinder\plugins\mcufinder//mcu/
2026-03-04 19:48:47,739 [WARN] DbFile:41 - Overriding database path with different value: C:\Users\Atreya\.stmcufinder\plugins\mcufinder/ => C:\Users\Atreya\.stmcufinder\plugins\mcufinder
2026-03-04 19:48:47,739 [INFO] DbMcusAds:125 - Set database path to: C:\Users\Atreya\.stmcufinder\plugins\mcufinder//mcu/
2026-03-04 19:48:47,739 [WARN] DbFile:41 - Overriding database path with different value: C:\Users\Atreya\.stmcufinder\plugins\mcufinder/ => C:\Users\Atreya\.stmcufinder\plugins\mcufinder
2026-03-04 19:48:47,739 [WARN] DbFile:41 - Overriding database path with different value: C:\Users\Atreya\.stmcufinder\plugins\mcufinder/ => C:\Users\Atreya\.stmcufinder\plugins\mcufinder
2026-03-04 19:48:47,739 [INFO] CrossReferenceDbSqlite:203 - Set database path to: C:\Users\Atreya\.stmcufinder\plugins\mcufinder//mcu/cs/
2026-03-04 19:48:47,853 [INFO] MainPanel:274 - HeapMemory: 268435456
2026-03-04 19:48:48,033 [INFO] DbMcusXml:78 - Set database path to: C:\STM\STM32CubeIDE_1.19.0\STM32CubeIDE\plugins\com.st.stm32cube.common.mx_6.15.0.202507011659\\db\/mcu/
2026-03-04 19:48:48,064 [INFO] ApiDb:274 - Set plugin database path to: C:\STM\STM32CubeIDE_1.19.0\STM32CubeIDE\plugins\com.st.stm32cube.common.mx_6.15.0.202507011659\\db\/plugins/boardmanager/
2026-03-04 19:48:48,064 [INFO] ApiDb:261 - Set plugin images path to: C:\STM\STM32CubeIDE_1.19.0\STM32CubeIDE\plugins\com.st.stm32cube.common.mx_6.15.0.202507011659\\db\/plugins/mcufinder/images/
2026-03-04 19:48:48,064 [WARN] DbFile:41 - Overriding database path with different value: C:\Users\Atreya\.stmcufinder\plugins\mcufinder/ => C:\Users\Atreya\.stmcufinder\plugins\mcufinder
2026-03-04 19:48:48,064 [INFO] ApiDb:250 - Set database path to: C:\Users\Atreya\.stmcufinder\plugins\mcufinder//mcu/
2026-03-04 19:48:48,064 [WARN] DbFile:41 - Overriding database path with different value: C:\Users\Atreya\.stmcufinder\plugins\mcufinder/ => C:\Users\Atreya\.stmcufinder\plugins\mcufinder
2026-03-04 19:48:48,064 [INFO] DbMcusAds:125 - Set database path to: C:\Users\Atreya\.stmcufinder\plugins\mcufinder//mcu/
2026-03-04 19:48:48,064 [WARN] DbFile:41 - Overriding database path with different value: C:\Users\Atreya\.stmcufinder\plugins\mcufinder/ => C:\Users\Atreya\.stmcufinder\plugins\mcufinder
2026-03-04 19:48:48,064 [WARN] DbFile:41 - Overriding database path with different value: C:\Users\Atreya\.stmcufinder\plugins\mcufinder/ => C:\Users\Atreya\.stmcufinder\plugins\mcufinder
2026-03-04 19:48:48,066 [INFO] CrossReferenceDbSqlite:203 - Set database path to: C:\Users\Atreya\.stmcufinder\plugins\mcufinder//mcu/cs/
2026-03-04 19:48:48,095 [INFO] ApplicationProperties:184 - Using Application install path: C:\STM\STM32CubeIDE_1.19.0\STM32CubeIDE\plugins\com.st.stm32cube.common.mx_6.15.0.202507011659
2026-03-04 19:48:48,097 [INFO] PluginManage:196 - Search for loadable plugins [exclusion list=, ]
2026-03-04 19:48:48,101 [INFO] PluginManage:310 - Check plugin analytics
2026-03-04 19:48:48,391 [INFO] AnalyticsPlugin:253 - Accepted Software Licenses: 
2026-03-04 19:48:48,393 [INFO] AnalyticsPlugin:255 - Accepted CMSIS Pack Licenses: 
2026-03-04 19:48:48,393 [INFO] AnalyticsPlugin:257 - Accepted Firmware Licenses: FW.F4.1.28.0
2026-03-04 19:48:48,397 [INFO] PluginManage:359 - Loaded plugin analytics (category:tool,tabindex:-1)
2026-03-04 19:48:48,397 [INFO] PluginManage:310 - Check plugin cadmodel
2026-03-04 19:48:48,407 [INFO] CADModel:105 - Init CAD model plugin
2026-03-04 19:48:48,407 [INFO] PluginManage:359 - Loaded plugin cadmodel (category:power,tabindex:5)
2026-03-04 19:48:48,408 [INFO] PluginManage:310 - Check plugin clock
2026-03-04 19:48:48,425 [INFO] PluginManage:359 - Loaded plugin clock (category:base,tabindex:2)
2026-03-04 19:48:48,427 [INFO] PluginManage:310 - Check plugin ddr
2026-03-04 19:48:48,430 [INFO] PluginManage:359 - Loaded plugin ddr (category:tool,tabindex:6)
2026-03-04 19:48:48,432 [INFO] PluginManage:310 - Check plugin filemanager
2026-03-04 19:48:48,778 [INFO] PluginManage:359 - Loaded plugin filemanager (category:base,tabindex:10)
2026-03-04 19:48:48,778 [INFO] PluginManage:310 - Check plugin ipmanager
2026-03-04 19:48:48,791 [INFO] PluginManage:359 - Loaded plugin ipmanager (category:base,tabindex:5)
2026-03-04 19:48:48,792 [INFO] PluginManage:310 - Check plugin lpbam
2026-03-04 19:48:48,806 [INFO] PluginManage:359 - Loaded plugin lpbam (category:base,tabindex:0)
2026-03-04 19:48:48,807 [INFO] PluginManage:310 - Check plugin memorymap
2026-03-04 19:48:48,831 [INFO] PluginManage:359 - Loaded plugin memorymap (category:base,tabindex:4)
2026-03-04 19:48:48,831 [INFO] PluginManage:310 - Check plugin pinoutandconfiguration
2026-03-04 19:48:48,850 [INFO] PluginManage:359 - Loaded plugin pinoutandconfiguration (category:base,tabindex:1)
2026-03-04 19:48:48,850 [INFO] PluginManage:310 - Check plugin pinoutconfig
2026-03-04 19:48:49,003 [WARN] SupportedApi:132 - Cannot load RTOS API schema: s4s-elt-must-match.1: The content of 'definitions' must match (annotation?, (simpleType | complexType)?, (unique | key | keyref)*)). A problem was found starting at: attribute.
2026-03-04 19:48:49,435 [INFO] PluginManage:359 - Loaded plugin pinoutconfig (category:base,tabindex:0)
2026-03-04 19:48:49,435 [INFO] PluginManage:310 - Check plugin power
2026-03-04 19:48:49,453 [INFO] PluginManage:359 - Loaded plugin power (category:power,tabindex:4)
2026-03-04 19:48:49,454 [INFO] PluginManage:310 - Check plugin projectmanager
2026-03-04 19:48:49,499 [INFO] PluginManage:359 - Loaded plugin projectmanager (category:projectmanager,tabindex:4)
2026-03-04 19:48:49,499 [INFO] PluginManage:310 - Check plugin rif
2026-03-04 19:48:49,518 [INFO] PluginManage:359 - Loaded plugin rif (category:base,tabindex:3)
2026-03-04 19:48:49,520 [INFO] PluginManage:310 - Check plugin thirdparty
2026-03-04 19:48:49,880 [INFO] PluginManage:359 - Loaded plugin thirdparty (category:base,tabindex:-1)
2026-03-04 19:48:49,882 [INFO] PluginManage:310 - Check plugin tools
2026-03-04 19:48:49,882 [WARN] IntegrityCheckThread:84 - waiting for thirdparty lock release [integrity check]
2026-03-04 19:48:49,882 [INFO] IntegrityCheckThread:86 - entering critical section [integrity check]
2026-03-04 19:48:49,884 [INFO] ThirdPartyUpdaterWithRetryManager:70 - Updater plugin not ready yet. [1/15]
2026-03-04 19:48:49,888 [INFO] PluginManage:359 - Loaded plugin tools (category:base,tabindex:7)
2026-03-04 19:48:49,894 [INFO] PluginManage:310 - Check plugin tutovideos
2026-03-04 19:48:52,889 [INFO] ThirdPartyUpdaterWithRetryManager:70 - Updater plugin not ready yet. [2/15]
2026-03-04 19:48:53,052 [INFO] PluginManage:359 - Loaded plugin tutovideos (category:base,tabindex:-1)
2026-03-04 19:48:53,054 [INFO] PluginManage:310 - Check plugin updater
2026-03-04 19:48:53,656 [INFO] PluginManage:359 - Loaded plugin updater (category:base,tabindex:12)
2026-03-04 19:48:53,658 [INFO] PluginManage:310 - Check plugin userauth
2026-03-04 19:48:53,668 [INFO] UserAuth:118 - Init User Auth plugin
2026-03-04 19:48:53,670 [INFO] PluginManage:359 - Loaded plugin userauth (category:base,tabindex:14)
2026-03-04 19:48:53,680 [INFO] PluginManage:283 - PluginManage : Loaded plugins [18]
2026-03-04 19:48:54,356 [INFO] PinOutPanel:1589 - setPackage(No Configuration,No Configuration)
2026-03-04 19:48:54,808 [INFO] CADModel:165 - CPN selected for project level
2026-03-04 19:48:54,809 [INFO] CADModel:114 - Register for checkConnection events
2026-03-04 19:48:54,848 [INFO] IPUIPlugin:80 - create IPUIPlugin
2026-03-04 19:48:54,848 [INFO] PluginManager:220 - loadIPPluginJar : add adc
2026-03-04 19:48:54,855 [INFO] IPUIPlugin:80 - create IPUIPlugin
2026-03-04 19:48:54,855 [INFO] PluginManager:220 - loadIPPluginJar : add aes
2026-03-04 19:48:54,868 [INFO] IPUIPlugin:80 - create IPUIPlugin
2026-03-04 19:48:54,868 [INFO] PluginManager:220 - loadIPPluginJar : add can
2026-03-04 19:48:54,877 [INFO] IPUIPlugin:80 - create IPUIPlugin
2026-03-04 19:48:54,877 [INFO] PluginManager:220 - loadIPPluginJar : add comp
2026-03-04 19:48:54,884 [INFO] IPUIPlugin:80 - create IPUIPlugin
2026-03-04 19:48:54,884 [INFO] PluginManager:220 - loadIPPluginJar : add cryp
2026-03-04 19:48:54,902 [INFO] IPUIPlugin:80 - create IPUIPlugin
2026-03-04 19:48:54,902 [INFO] PluginManager:220 - loadIPPluginJar : add ddr_ctrl_phy
2026-03-04 19:48:54,912 [INFO] IPUIPlugin:80 - create IPUIPlugin
2026-03-04 19:48:54,920 [INFO] PluginManager:220 - loadIPPluginJar : add dfsdm
2026-03-04 19:48:54,944 [INFO] IPUIPlugin:80 - create IPUIPlugin
2026-03-04 19:48:54,947 [INFO] PluginManager:220 - loadIPPluginJar : add dma
2026-03-04 19:48:54,954 [INFO] IPUIPlugin:80 - create IPUIPlugin
2026-03-04 19:48:54,954 [INFO] PluginManager:220 - loadIPPluginJar : add dma3
2026-03-04 19:48:54,966 [INFO] IPUIPlugin:80 - create IPUIPlugin
2026-03-04 19:48:54,966 [INFO] PluginManager:220 - loadIPPluginJar : add extmemmanager
2026-03-04 19:48:54,969 [INFO] IPUIPlugin:80 - create IPUIPlugin
2026-03-04 19:48:54,976 [INFO] PluginManager:220 - loadIPPluginJar : add fatfs
2026-03-04 19:48:54,986 [INFO] IPUIPlugin:80 - create IPUIPlugin
2026-03-04 19:48:54,986 [INFO] PluginManager:220 - loadIPPluginJar : add fmc
2026-03-04 19:48:55,016 [INFO] IPUIPlugin:80 - create IPUIPlugin
2026-03-04 19:48:55,016 [INFO] PluginManager:220 - loadIPPluginJar : add freertos
2026-03-04 19:48:55,021 [INFO] IPUIPlugin:80 - create IPUIPlugin
2026-03-04 19:48:55,023 [INFO] PluginManager:220 - loadIPPluginJar : add genericplugin
2026-03-04 19:48:55,029 [INFO] IPUIPlugin:80 - create IPUIPlugin
2026-03-04 19:48:55,029 [INFO] PluginManager:220 - loadIPPluginJar : add gfxmmu
2026-03-04 19:48:55,044 [INFO] IPUIPlugin:80 - create IPUIPlugin
2026-03-04 19:48:55,045 [INFO] PluginManager:220 - loadIPPluginJar : add gic
2026-03-04 19:48:55,055 [INFO] IPUIPlugin:80 - create IPUIPlugin
2026-03-04 19:48:55,057 [INFO] PluginManager:220 - loadIPPluginJar : add gpio
2026-03-04 19:48:55,070 [INFO] IPUIPlugin:80 - create IPUIPlugin
2026-03-04 19:48:55,071 [INFO] PluginManager:220 - loadIPPluginJar : add gtzc
2026-03-04 19:48:55,076 [INFO] IPUIPlugin:80 - create IPUIPlugin
2026-03-04 19:48:55,076 [INFO] PluginManager:220 - loadIPPluginJar : add hash
2026-03-04 19:48:55,082 [INFO] IPUIPlugin:80 - create IPUIPlugin
2026-03-04 19:48:55,082 [INFO] PluginManager:220 - loadIPPluginJar : add i2c
2026-03-04 19:48:55,089 [INFO] IPUIPlugin:80 - create IPUIPlugin
2026-03-04 19:48:55,090 [INFO] PluginManager:220 - loadIPPluginJar : add i2s
2026-03-04 19:48:55,096 [INFO] IPUIPlugin:80 - create IPUIPlugin
2026-03-04 19:48:55,097 [INFO] PluginManager:220 - loadIPPluginJar : add i3c
2026-03-04 19:48:55,103 [INFO] IPUIPlugin:80 - create IPUIPlugin
2026-03-04 19:48:55,104 [INFO] PluginManager:220 - loadIPPluginJar : add ipddr
2026-03-04 19:48:55,119 [INFO] IPUIPlugin:80 - create IPUIPlugin
2026-03-04 19:48:55,119 [INFO] PluginManager:220 - loadIPPluginJar : add linkedlist
2026-03-04 19:48:55,125 [INFO] IPUIPlugin:80 - create IPUIPlugin
2026-03-04 19:48:55,125 [INFO] PluginManager:220 - loadIPPluginJar : add lorawan
2026-03-04 19:48:55,127 [INFO] IPUIPlugin:80 - create IPUIPlugin
2026-03-04 19:48:55,127 [INFO] PluginManager:220 - loadIPPluginJar : add ltdc
2026-03-04 19:48:55,139 [INFO] IPUIPlugin:80 - create IPUIPlugin
2026-03-04 19:48:55,140 [INFO] PluginManager:220 - loadIPPluginJar : add mdma
2026-03-04 19:48:55,145 [INFO] IPUIPlugin:80 - create IPUIPlugin
2026-03-04 19:48:55,145 [INFO] PluginManager:220 - loadIPPluginJar : add nvic
2026-03-04 19:48:55,150 [INFO] IPUIPlugin:80 - create IPUIPlugin
2026-03-04 19:48:55,150 [INFO] PluginManager:220 - loadIPPluginJar : add opamp
2026-03-04 19:48:55,158 [INFO] IPUIPlugin:80 - create IPUIPlugin
2026-03-04 19:48:55,159 [INFO] PluginManager:220 - loadIPPluginJar : add openamp
2026-03-04 19:48:55,164 [INFO] IPUIPlugin:80 - create IPUIPlugin
2026-03-04 19:48:55,164 [INFO] PluginManager:220 - loadIPPluginJar : add pdm2pcm
2026-03-04 19:48:55,177 [INFO] IPUIPlugin:80 - create IPUIPlugin
2026-03-04 19:48:55,182 [INFO] PluginManager:220 - loadIPPluginJar : add plateformsettings
2026-03-04 19:48:55,185 [INFO] IPUIPlugin:80 - create IPUIPlugin
2026-03-04 19:48:55,185 [INFO] PluginManager:220 - loadIPPluginJar : add quadspi
2026-03-04 19:48:55,189 [INFO] IPUIPlugin:80 - create IPUIPlugin
2026-03-04 19:48:55,191 [INFO] PluginManager:220 - loadIPPluginJar : add radio
2026-03-04 19:48:55,198 [INFO] IPUIPlugin:80 - create IPUIPlugin
2026-03-04 19:48:55,198 [INFO] PluginManager:220 - loadIPPluginJar : add resmgrutility
2026-03-04 19:48:55,204 [INFO] IPUIPlugin:80 - create IPUIPlugin
2026-03-04 19:48:55,204 [INFO] PluginManager:220 - loadIPPluginJar : add sai
2026-03-04 19:48:55,211 [INFO] IPUIPlugin:80 - create IPUIPlugin
2026-03-04 19:48:55,211 [INFO] PluginManager:220 - loadIPPluginJar : add spi
2026-03-04 19:48:55,222 [INFO] IPUIPlugin:80 - create IPUIPlugin
2026-03-04 19:48:55,222 [INFO] PluginManager:220 - loadIPPluginJar : add stm32_wpan
2026-03-04 19:48:55,226 [INFO] IPUIPlugin:80 - create IPUIPlugin
2026-03-04 19:48:55,226 [INFO] PluginManager:220 - loadIPPluginJar : add tim
2026-03-04 19:48:55,232 [INFO] IPUIPlugin:80 - create IPUIPlugin
2026-03-04 19:48:55,232 [INFO] PluginManager:220 - loadIPPluginJar : add touchsensing
2026-03-04 19:48:55,236 [INFO] IPUIPlugin:80 - create IPUIPlugin
2026-03-04 19:48:55,236 [INFO] PluginManager:220 - loadIPPluginJar : add tracer_emb
2026-03-04 19:48:55,239 [INFO] IPUIPlugin:80 - create IPUIPlugin
2026-03-04 19:48:55,240 [INFO] PluginManager:220 - loadIPPluginJar : add ts
2026-03-04 19:48:55,243 [INFO] IPUIPlugin:80 - create IPUIPlugin
2026-03-04 19:48:55,245 [INFO] PluginManager:220 - loadIPPluginJar : add tsc
2026-03-04 19:48:55,248 [INFO] IPUIPlugin:80 - create IPUIPlugin
2026-03-04 19:48:55,249 [INFO] PluginManager:220 - loadIPPluginJar : add ucpd
2026-03-04 19:48:55,256 [INFO] IPUIPlugin:80 - create IPUIPlugin
2026-03-04 19:48:55,256 [INFO] PluginManager:220 - loadIPPluginJar : add usart
2026-03-04 19:48:55,264 [INFO] IPUIPlugin:80 - create IPUIPlugin
2026-03-04 19:48:55,265 [INFO] PluginManager:220 - loadIPPluginJar : add usbx
2026-03-04 19:48:55,464 [FATAL] Updater:351 - Updater called before beeing initialized
2026-03-04 19:48:55,553 [INFO] RulesReader:64 - Compatibility file has been processed (317 Rules)
2026-03-04 19:48:55,570 [INFO] RulesReader:64 - Compatibility file has been processed (317 Rules)
2026-03-04 19:48:55,588 [INFO] CADModel:165 - CPN selected for project level
2026-03-04 19:48:55,588 [INFO] CADModel:114 - Register for checkConnection events
2026-03-04 19:48:55,588 [FATAL] Updater:351 - Updater called before beeing initialized
2026-03-04 19:48:55,588 [ERROR] CADModel:125 - Updater not yet initialized, retry later 
2026-03-04 19:48:55,881 [FATAL] Updater:351 - Updater called before beeing initialized
2026-03-04 19:48:55,905 [INFO] ThirdPartyUpdaterWithRetryManager:70 - Updater plugin not ready yet. [3/15]
2026-03-04 19:48:55,907 [INFO] CADModel:165 - CPN selected for project level
2026-03-04 19:48:55,907 [INFO] CADModel:114 - Register for checkConnection events
2026-03-04 19:48:55,907 [FATAL] Updater:351 - Updater called before beeing initialized
2026-03-04 19:48:55,907 [ERROR] CADModel:125 - Updater not yet initialized, retry later 
2026-03-04 19:48:55,912 [FATAL] Updater:351 - Updater called before beeing initialized
2026-03-04 19:48:56,090 [FATAL] Updater:351 - Updater called before beeing initialized
2026-03-04 19:48:56,096 [INFO] DbMcusAds:53 - JSON generation date=Wed Feb 18 20:02:49 IST 2026 (1771425169371)
2026-03-04 19:48:56,098 [FATAL] Updater:351 - Updater called before beeing initialized
2026-03-04 19:48:56,162 [WARN] DetailPanel:346 - Failed to get advertising image, set to default
2026-03-04 19:48:56,273 [FATAL] Updater:351 - Updater called before beeing initialized
2026-03-04 19:48:56,275 [FATAL] Updater:351 - Updater called before beeing initialized
2026-03-04 19:48:56,277 [FATAL] Updater:351 - Updater called before beeing initialized
2026-03-04 19:48:56,277 [WARN] DetailPanel:346 - Failed to get advertising image, set to default
2026-03-04 19:48:56,278 [FATAL] Updater:351 - Updater called before beeing initialized
2026-03-04 19:48:56,344 [ERROR] Updater:1198 - MainUpdater not yet initialized. External WinMGr cannot be set.
2026-03-04 19:48:56,348 [INFO] Updater:1134 - Updater Version found : 6.15.0
2026-03-04 19:48:56,378 [INFO] ApplicationProperties:184 - Using Application install path: C:\STM\STM32CubeIDE_1.19.0\STM32CubeIDE\plugins\com.st.stm32cube.common.mx_6.15.0.202507011659
2026-03-04 19:48:57,999 [ERROR] LogOutputStream:75 - [STDERR_REDIRECT] Mar 04, 2026 7:48:57 PM java.util.prefs.WindowsPreferences <init>
2026-03-04 19:48:58,001 [ERROR] LogOutputStream:75 - [STDERR_REDIRECT] WARNING: Could not open/create prefs root node Software\JavaSoft\Prefs at root 0xffffffff80000002. Windows RegCreateKeyEx(...) returned error code 5.
2026-03-04 19:48:58,001 [ERROR] LogOutputStream:75 - [STDERR_REDIRECT] 
2026-03-04 19:48:58,907 [FATAL] Updater:351 - Updater called before beeing initialized
2026-03-04 19:48:58,908 [ERROR] IntegrityCheckThread:130 - Cannot retrieve database content from updater: error 21
2026-03-04 19:48:58,908 [INFO] ThirdParty:978 - Integrity check success = false
2026-03-04 19:48:58,909 [INFO] IntegrityCheckThread:100 - exiting critical section [integrity check]
2026-03-04 19:48:58,909 [INFO] IntegrityCheckThread:103 - End integrity checks thread
2026-03-04 19:48:59,324 [INFO] MainUpdater:2872 - connection check result : 10
2026-03-04 19:48:59,325 [INFO] MainUpdater:289 - Updater Check For Update Now.
2026-03-04 19:48:59,326 [INFO] MicroXplorer:498 - Change Database Version : DB.6.0.150
2026-03-04 19:48:59,355 [INFO] McuFinderGlobals:63 - Set McuFinder mode to 2 (CubeIDE integrated)
2026-03-04 19:48:59,363 [INFO] UserAuth:487 - Internet connection configuration mode: 1
2026-03-04 19:48:59,498 [INFO] JxBrowserEngine:152 - Initiate JxBrowser Engine with user profile folder
2026-03-04 19:48:59,769 [INFO] CheckServerUpdateThread:120 - End of CheckServer Thread
2026-03-04 19:49:02,699 [INFO] WebApp:169 - Instantiating new browser for Auth
2026-03-04 19:49:04,769 [INFO] WebApp:463 - Apply proxy settings
2026-03-04 19:49:04,769 [INFO] WebApp:548 - Chromium requires no authentication
2026-03-04 19:49:04,817 [INFO] WebApp:491 - Direct internet connection detected
2026-03-04 19:49:04,940 [INFO] WebApp:900 - Register for checkConnection events
2026-03-04 19:49:04,940 [INFO] WebApp:463 - Apply proxy settings
2026-03-04 19:49:04,940 [INFO] WebApp:548 - Chromium requires no authentication
2026-03-04 19:49:04,941 [INFO] WebApp:491 - Direct internet connection detected
2026-03-04 19:49:05,448 [INFO] WebApp:191 - Connection restablished
2026-03-04 19:49:05,658 [INFO] WebApp:225 - Starting web application
2026-03-04 19:49:05,658 [INFO] WebApp:593 - Web application path used C:\STM\STM32CubeIDE_1.19.0\STM32CubeIDE\plugins\com.st.stm32cube.common.mx_6.15.0.202507011659\db\plugins\mcufinder\reactClient1\index.html
2026-03-04 19:49:06,981 [INFO] UserAuth:487 - Internet connection configuration mode: 1
2026-03-04 20:06:17,632 [INFO] WebApp:194 - Connection lost
2026-03-04 20:06:19,406 [INFO] WebApp:191 - Connection restablished
2026-03-04 20:06:19,418 [INFO] WebApp:194 - Connection lost
2026-03-04 20:06:19,678 [INFO] WebApp:191 - Connection restablished
2026-03-04 20:58:58,144 [INFO] WebApp:194 - Connection lost
2026-03-04 20:58:58,866 [INFO] WebApp:191 - Connection restablished
2026-03-04 20:59:02,324 [INFO] WebApp:194 - Connection lost
2026-03-04 20:59:02,660 [INFO] WebApp:191 - Connection restablished
2026-03-04 20:59:05,504 [INFO] WebApp:194 - Connection lost
2026-03-04 20:59:05,835 [INFO] WebApp:191 - Connection restablished
2026-03-04 20:59:27,958 [INFO] WebApp:194 - Connection lost
2026-03-04 20:59:34,939 [INFO] WebApp:191 - Connection restablished
2026-03-04 21:06:31,983 [INFO] WebApp:194 - Connection lost
