2026-03-02 16:07:23,557 [INFO] LogOutputStream:77 - [STDOUT_REDIRECT] 
2026-03-02 16:07:26,162 [INFO] ProjectBuilder:5496 - Time for Generating toolchain IDE Files: 3722mS.
2026-03-02 16:07:26,163 [INFO] ProjectBuilder:3463 - Time for Copy CMSIS : 0mS.
2026-03-02 16:07:26,168 [INFO] ProjectBuilder:3463 - Time for Copy CMSIS : 0mS.
2026-03-02 18:44:34,249 [INFO] WebApp:194 - Connection lost
2026-03-02 18:44:36,286 [INFO] WebApp:191 - Connection restablished
2026-03-02 18:46:12,354 [INFO] WebApp:194 - Connection lost
2026-03-02 18:56:11,080 [INFO] WebApp:191 - Connection restablished
2026-03-02 18:56:13,845 [INFO] WebApp:194 - Connection lost
2026-03-02 18:56:14,696 [INFO] WebApp:191 - Connection restablished
2026-03-02 18:59:17,541 [INFO] WebApp:194 - Connection lost
2026-03-02 18:59:18,853 [INFO] WebApp:191 - Connection restablished
2026-03-02 18:59:19,941 [INFO] WebApp:194 - Connection lost
2026-03-02 18:59:20,749 [INFO] WebApp:191 - Connection restablished
2026-03-02 19:21:31,387 [INFO] WebApp:194 - Connection lost
2026-03-02 19:21:32,091 [INFO] WebApp:191 - Connection restablished
2026-03-02 19:21:34,157 [INFO] WebApp:194 - Connection lost
2026-03-02 19:21:34,432 [INFO] WebApp:191 - Connection restablished
2026-03-02 20:49:07,943 [INFO] WebApp:194 - Connection lost
2026-03-02 20:49:09,424 [INFO] WebApp:191 - Connection restablished
2026-03-02 20:56:42,815 [INFO] WebApp:194 - Connection lost
2026-03-02 21:42:23,782 [INFO] WebApp:191 - Connection restablished
2026-03-02 21:42:27,489 [INFO] WebApp:194 - Connection lost
2026-03-02 21:42:28,374 [INFO] WebApp:191 - Connection restablished
2026-03-02 22:13:39,118 [INFO] WebApp:194 - Connection lost
2026-03-02 22:13:41,068 [INFO] WebApp:191 - Connection restablished
2026-03-02 22:26:02,151 [INFO] WebApp:194 - Connection lost
2026-03-02 22:26:02,455 [INFO] WebApp:191 - Connection restablished
