2026-02-21 11:36:56,758 [INFO] LogOutputStream:77 - [STDOUT_REDIRECT] 
2026-02-21 11:37:02,898 [INFO] ProjectBuilder:5496 - Time for Generating toolchain IDE Files: 7194mS.
2026-02-21 11:37:02,899 [INFO] ProjectBuilder:3463 - Time for Copy CMSIS : 1mS.
2026-02-21 11:37:02,900 [INFO] ProjectBuilder:3463 - Time for Copy CMSIS : 0mS.
2026-02-21 11:37:04,938 [INFO] McuFinderGlobals:76 - Set McuFinderConnectedMode to true
2026-02-21 11:37:04,947 [INFO] ApiDb:448 - Save user favorites file C:\Users\Atreya/.stm32cubeide/favorites.mcus.txt: 0 item(s)
2026-02-21 11:37:04,947 [INFO] ApiDb:452 - User favorites MCUs=[]
2026-02-21 11:37:04,952 [INFO] ApiDb:448 - Save user favorites file C:\Users\Atreya/.stm32cubeide/favorites.boards.txt: 0 item(s)
2026-02-21 11:37:04,953 [INFO] ApiDb:452 - User favorites Boards=[]
2026-02-21 11:37:47,360 [INFO] UtilMem:75 - End SaveConfig() Used Memory: 915161744 Bytes (1073741824)
2026-02-21 11:37:51,395 [INFO] MainUpdater:2872 - connection check result : 10
2026-02-21 11:37:51,395 [INFO] MainUpdater:2872 - connection check result : 10
2026-02-21 11:37:51,592 [INFO] MicroXplorer:468 - Change Database Path : 
2026-02-21 11:37:51,592 [INFO] MicroXplorer:498 - Change Database Version : DB.6.0.150
2026-02-21 11:37:51,636 [ERROR] ProjectManagerView:395 - 
java.lang.NullPointerException: Cannot invoke "javax.swing.JTextField.getText()" because the return value of "java.util.List.get(int)" is null
	at com.st.microxplorer.plugins.projectmanager.gui.ProjectChoiceTab$9.caretUpdate(ProjectChoiceTab.java:2706) ~[filemanager.jar:?]
	at javax.swing.text.JTextComponent.fireCaretUpdate(JTextComponent.java:408) ~[?:?]
	at javax.swing.text.JTextComponent$MutableCaretEvent.fire(JTextComponent.java:4484) ~[?:?]
	at javax.swing.text.JTextComponent$MutableCaretEvent.stateChanged(JTextComponent.java:4506) ~[?:?]
	at javax.swing.text.DefaultCaret.fireStateChanged(DefaultCaret.java:857) ~[?:?]
	at javax.swing.text.DefaultCaret.changeCaretPosition(DefaultCaret.java:1343) ~[?:?]
	at javax.swing.text.DefaultCaret.handleSetDot(DefaultCaret.java:1242) ~[?:?]
	at javax.swing.text.DefaultCaret.setDot(DefaultCaret.java:1223) ~[?:?]
	at javax.swing.text.DefaultCaret$Handler.insertUpdate(DefaultCaret.java:1819) ~[?:?]
	at javax.swing.text.AbstractDocument.fireInsertUpdate(AbstractDocument.java:227) ~[?:?]
	at javax.swing.text.AbstractDocument.handleInsertString(AbstractDocument.java:781) ~[?:?]
	at javax.swing.text.AbstractDocument.insertString(AbstractDocument.java:740) ~[?:?]
	at javax.swing.text.PlainDocument.insertString(PlainDocument.java:131) ~[?:?]
	at javax.swing.text.AbstractDocument.replace(AbstractDocument.java:699) ~[?:?]
	at javax.swing.text.JTextComponent.setText(JTextComponent.java:1725) ~[?:?]
	at com.st.microxplorer.plugins.projectmanager.gui.ProjectChoiceTab.createHeapStackFields(ProjectChoiceTab.java:993) ~[filemanager.jar:?]
	at com.st.microxplorer.plugins.projectmanager.gui.ProjectChoiceTab.buildLinkSettingsPanel(ProjectChoiceTab.java:3813) ~[filemanager.jar:?]
	at com.st.microxplorer.plugins.projectmanager.gui.ProjectChoiceTab.defineWindowsFields(ProjectChoiceTab.java:1987) ~[filemanager.jar:?]
	at com.st.microxplorer.plugins.projectmanager.gui.ProjectChoiceTab.updateSettings(ProjectChoiceTab.java:558) ~[filemanager.jar:?]
	at com.st.microxplorer.plugins.projectmanager.gui.ProjectSettingsPanel.UpdateDialog(ProjectSettingsPanel.java:247) ~[filemanager.jar:?]
	at com.st.microxplorer.plugins.projectmanager.ProjectManagerView.propertyChange(ProjectManagerView.java:392) ~[filemanager.jar:?]
	at java.beans.PropertyChangeSupport.fire(PropertyChangeSupport.java:343) ~[?:?]
	at java.beans.PropertyChangeSupport.firePropertyChange(PropertyChangeSupport.java:335) ~[?:?]
	at java.beans.PropertyChangeSupport.firePropertyChange(PropertyChangeSupport.java:268) ~[?:?]
	at com.st.microxplorer.util.MXPropertyChangeSupport.firePropertyChange(MXPropertyChangeSupport.java:54) ~[STM32CubeMX.jar:?]
	at com.st.microxplorer.mxsystem.MxSystem.closeConfig(MxSystem.java:899) ~[STM32CubeMX.jar:?]
	at com.st.microxplorer.maingui.MainPanel.closeConfig(MainPanel.java:792) ~[STM32CubeMX.jar:?]
	at com.st.microxplorer.plugins.filemanager.engine.OpenFileManager.loadConfigurationFile(OpenFileManager.java:288) ~[filemanager.jar:?]
	at com.st.microxplorer.plugins.filemanager.engine.MainFileManager.userLoadConfig(MainFileManager.java:364) ~[filemanager.jar:?]
	at com.st.microxplorer.plugins.filemanager.engine.MainFileManager.userLoadConfig(MainFileManager.java:342) ~[filemanager.jar:?]
	at com.st.microxplorer.plugins.filemanager.FileManagerView.getSpecificTask(FileManagerView.java:264) ~[filemanager.jar:?]
	at com.st.stm32cube.common.mx.editor.CubeMxEditor.getMxTabbedPaneInstance(CubeMxEditor.java:1198) ~[com.st.stm32cube.common.mx_6.15.0.202507011659/:?]
	at com.st.stm32cube.common.mx.editor.CubeMxEditor$12$1.createSwingComponent(CubeMxEditor.java:1068) ~[com.st.stm32cube.common.mx_6.15.0.202507011659/:?]
	at com.st.stm32cube.common.mx.oss.core.awtswtbridge.EmbeddedSwingComposite.doComponentCreation(EmbeddedSwingComposite.java:492) ~[com.st.stm32cube.common.mx.oss_6.15.0.202507011659/:?]
	at com.st.stm32cube.common.mx.oss.core.awtswtbridge.EmbeddedSwingComposite$4.run(EmbeddedSwingComposite.java:291) ~[com.st.stm32cube.common.mx.oss_6.15.0.202507011659/:?]
	at com.st.stm32cube.common.mx.oss.core.awtswtbridge.AwtEnvironment$2.run(AwtEnvironment.java:166) ~[com.st.stm32cube.common.mx.oss_6.15.0.202507011659/:?]
	at java.awt.event.InvocationEvent.dispatch(InvocationEvent.java:318) ~[?:?]
	at java.awt.EventQueue.dispatchEventImpl(EventQueue.java:773) ~[?:?]
	at java.awt.EventQueue$4.run(EventQueue.java:720) ~[?:?]
	at java.awt.EventQueue$4.run(EventQueue.java:714) ~[?:?]
	at java.security.AccessController.doPrivileged(AccessController.java:400) ~[?:?]
	at java.security.ProtectionDomain$JavaSecurityAccessImpl.doIntersectionPrivilege(ProtectionDomain.java:87) ~[?:?]
	at java.awt.EventQueue.dispatchEvent(EventQueue.java:742) ~[?:?]
	at java.awt.EventDispatchThread.pumpOneEventForFilters(EventDispatchThread.java:203) ~[?:?]
	at java.awt.EventDispatchThread.pumpEventsForFilter(EventDispatchThread.java:124) ~[?:?]
	at java.awt.EventDispatchThread.pumpEventsForHierarchy(EventDispatchThread.java:113) ~[?:?]
	at java.awt.EventDispatchThread.pumpEvents(EventDispatchThread.java:109) ~[?:?]
	at java.awt.EventDispatchThread.pumpEvents(EventDispatchThread.java:101) ~[?:?]
	at java.awt.EventDispatchThread.run(EventDispatchThread.java:90) ~[?:?]
2026-02-21 11:37:51,666 [WARN] ThirdParty:871 - waiting for thirdparty lock release [close project]
2026-02-21 11:37:51,667 [INFO] ThirdParty:873 - entering critical section [close project]
2026-02-21 11:37:51,667 [INFO] ThirdParty:883 - exiting critical section [close project]
2026-02-21 11:37:51,670 [INFO] PinOutPanel:1589 - setPackage(No Configuration,No Configuration)
2026-02-21 11:37:51,716 [WARN] IpParametersView:155 - Warning: This peripheral hasn't parameters
2026-02-21 11:37:51,820 [WARN] MainPanel:289 - <html><b><center>Warning: This peripheral has no parameters to be configured<br></b></html>
2026-02-21 11:37:51,887 [INFO] UtilMem:75 - Begin LoadConfig() Used Memory: 950219872 Bytes (1073741824)
2026-02-21 11:37:51,895 [INFO] MicroXplorer:468 - Change Database Path : 
2026-02-21 11:37:51,896 [INFO] MicroXplorer:498 - Change Database Version : DB.6.0.150
2026-02-21 11:37:51,896 [INFO] OpenFileManager:355 - Change cursor
2026-02-21 11:37:52,053 [INFO] RulesReader:64 - Compatibility file has been processed (317 Rules)
2026-02-21 11:37:52,075 [INFO] Mcu:2029 - Initializing MCU STM32F407V(E-G)Tx STM32F407VGTx STM32F407VGT6
2026-02-21 11:37:55,086 [INFO] Context:786 - Trying to add GPIOservice into a context  which must be forbidden
2026-02-21 11:37:56,077 [INFO] ImportTextPane:234 - (OptionalMessage_ERROR) Pin19 (VP_RIF_VS_RIF1) cannot be retrieved for this MCU
2026-02-21 11:37:56,394 [INFO] RtosManager:558 - Registered RTOS mode: class=CMSIS, group=RTOS, mode=CMSIS_V1, owner=FREERTOS
2026-02-21 11:37:56,394 [INFO] RtosManager:558 - Registered RTOS mode: class=CMSIS, group=RTOS2, mode=CMSIS_V2, owner=FREERTOS
2026-02-21 11:37:56,394 [INFO] RtosManager:558 - Registered RTOS mode: class=RTOS, group=Core, mode=CMSIS_V1, owner=FREERTOS
2026-02-21 11:37:56,394 [INFO] RtosManager:558 - Registered RTOS mode: class=RTOS, group=Core, mode=CMSIS_V2, owner=FREERTOS
2026-02-21 11:37:56,394 [WARN] ModelIntegratedComponent:184 - Missing modes for component STMicroelectronics:FreeRTOS:0.0.1:STMicroelectronics:RTOS:FreeRTOS:Core:::10.2.0:
2026-02-21 11:37:56,441 [WARN] ModelIntegratedComponent:63 - No mode defined for component null
2026-02-21 11:37:56,441 [WARN] ModelIntegratedComponent:63 - No mode defined for component null
2026-02-21 11:37:56,441 [WARN] ModelIntegratedComponent:63 - No mode defined for component null
2026-02-21 11:37:56,441 [WARN] ModelIntegratedComponent:63 - No mode defined for component null
2026-02-21 11:37:56,443 [WARN] ModelIntegratedComponent:63 - No mode defined for component null
2026-02-21 11:37:56,444 [WARN] ModelIntegratedComponent:63 - No mode defined for component null
2026-02-21 11:37:56,444 [WARN] ModelIntegratedComponent:63 - No mode defined for component null
2026-02-21 11:37:56,444 [WARN] ModelIntegratedComponent:63 - No mode defined for component null
2026-02-21 11:37:56,444 [WARN] ModelIntegratedComponent:63 - No mode defined for component null
2026-02-21 11:37:56,444 [WARN] ModelIntegratedComponent:63 - No mode defined for component null
2026-02-21 11:37:56,444 [WARN] ModelIntegratedComponent:63 - No mode defined for component null
2026-02-21 11:37:56,445 [WARN] ModelIntegratedComponent:63 - No mode defined for component null
2026-02-21 11:37:56,445 [WARN] ModelIntegratedComponent:63 - No mode defined for component null
2026-02-21 11:37:56,445 [WARN] ModelIntegratedComponent:63 - No mode defined for component null
2026-02-21 11:37:56,445 [WARN] ModelIntegratedComponent:63 - No mode defined for component null
2026-02-21 11:37:56,445 [WARN] ModelIntegratedComponent:63 - No mode defined for component null
2026-02-21 11:37:56,446 [WARN] ModelIntegratedComponent:63 - No mode defined for component null
2026-02-21 11:37:56,446 [WARN] ModelIntegratedComponent:63 - No mode defined for component null
2026-02-21 11:37:56,446 [WARN] ModelIntegratedComponent:63 - No mode defined for component null
2026-02-21 11:37:56,446 [WARN] ModelIntegratedComponent:63 - No mode defined for component null
2026-02-21 11:37:56,446 [WARN] ModelIntegratedComponent:63 - No mode defined for component null
2026-02-21 11:37:56,446 [WARN] ModelIntegratedComponent:63 - No mode defined for component null
2026-02-21 11:37:56,446 [WARN] ModelIntegratedComponent:63 - No mode defined for component null
2026-02-21 11:37:56,446 [WARN] ModelIntegratedComponent:63 - No mode defined for component null
2026-02-21 11:37:56,446 [WARN] ModelIntegratedComponent:63 - No mode defined for component null
2026-02-21 11:37:56,447 [WARN] ModelIntegratedComponent:63 - No mode defined for component null
2026-02-21 11:37:56,447 [WARN] ModelIntegratedComponent:63 - No mode defined for component null
2026-02-21 11:37:56,447 [WARN] ModelIntegratedComponent:63 - No mode defined for component null
2026-02-21 11:37:56,448 [WARN] ModelIntegratedComponent:63 - No mode defined for component null
2026-02-21 11:37:56,448 [WARN] ModelIntegratedComponent:63 - No mode defined for component null
2026-02-21 11:37:56,448 [WARN] ModelIntegratedComponent:63 - No mode defined for component null
2026-02-21 11:37:56,448 [WARN] ModelIntegratedComponent:63 - No mode defined for component null
2026-02-21 11:37:56,448 [WARN] ModelIntegratedComponent:63 - No mode defined for component null
2026-02-21 11:37:56,448 [WARN] ModelIntegratedComponent:63 - No mode defined for component null
2026-02-21 11:37:56,448 [WARN] ModelIntegratedComponent:63 - No mode defined for component null
2026-02-21 11:37:56,449 [WARN] ModelPack:524 - Component already loaded: STMicroelectronics:HAL Drivers:0.0.0:STMicroelectronics:Device:STMicro_Driver:XSPI:HAL::0.0.1:HAL_XSPI
2026-02-21 11:37:56,657 [INFO] ThirdPartyModel:298 - Start build external matchings
2026-02-21 11:37:57,604 [INFO] ThirdPartyModel:316 - End build external matchings
2026-02-21 11:37:58,164 [INFO] UtilMem:75 - End LoadConfig() Used Memory: 915944200 Bytes (1073741824)
2026-02-21 11:37:58,228 [WARN] ThirdParty:833 - waiting for thirdparty lock release [change project]
2026-02-21 11:37:58,236 [INFO] ThirdParty:835 - entering critical section [change project]
2026-02-21 11:37:58,237 [INFO] ThirdParty:1030 - CMSIS Pack Vendor :STMicroelectronics X-CUBE-PM33A1 1.0.0
2026-02-21 11:37:58,237 [INFO] ThirdParty:1030 - CMSIS Pack Vendor :STMicroelectronics USBPD 4.1
2026-02-21 11:37:58,237 [INFO] ThirdParty:1030 - CMSIS Pack Vendor :STMicroelectronics X-CUBE-NFC9 1.0.0
2026-02-21 11:37:58,237 [INFO] ThirdParty:1030 - CMSIS Pack Vendor :STMicroelectronics USB_HOST 2.0.0
2026-02-21 11:37:58,237 [INFO] ThirdParty:1030 - CMSIS Pack Vendor :STMicroelectronics FP-SNS-MOTENVWB1 1.4.0
2026-02-21 11:37:58,237 [INFO] ThirdParty:1030 - CMSIS Pack Vendor :STMicroelectronics X-CUBE-AZRTOS-F4 1.1.0
2026-02-21 11:37:58,237 [INFO] ThirdParty:1030 - CMSIS Pack Vendor :STMicroelectronics LIBJPEG 8.0.0
2026-02-21 11:37:58,237 [INFO] ThirdParty:1030 - CMSIS Pack Vendor :STMicroelectronics FP-ATR-ASTRA1 2.0.2
2026-02-21 11:37:58,237 [INFO] ThirdParty:1030 - CMSIS Pack Vendor :wolfSSL I-CUBE-wolfSSL 5.8.2
2026-02-21 11:37:58,237 [INFO] ThirdParty:1030 - CMSIS Pack Vendor :STMicroelectronics X-CUBE-BLE1 7.1.0
2026-02-21 11:37:58,238 [INFO] ThirdParty:1030 - CMSIS Pack Vendor :STMicroelectronics X-CUBE-SMBUS 2.1.0
2026-02-21 11:37:58,238 [INFO] ThirdParty:1030 - CMSIS Pack Vendor :wolfSSL I-CUBE-wolfMQTT 1.19.2
2026-02-21 11:37:58,238 [INFO] ThirdParty:1030 - CMSIS Pack Vendor :STMicroelectronics USB_DEVICE 3.0.0
2026-02-21 11:37:58,238 [INFO] ThirdParty:1030 - CMSIS Pack Vendor :STMicroelectronics X-CUBE-ISPU 2.1.0
2026-02-21 11:37:58,238 [INFO] ThirdParty:1030 - CMSIS Pack Vendor :STMicroelectronics X-CUBE-FREERTOS 1.4.0
2026-02-21 11:37:58,238 [INFO] ThirdParty:1030 - CMSIS Pack Vendor :STMicroelectronics X-CUBE-EEPRMA1 5.2.0
2026-02-21 11:37:58,238 [INFO] ThirdParty:1030 - CMSIS Pack Vendor :STMicroelectronics X-CUBE-IPS 3.2.0
2026-02-21 11:37:58,238 [INFO] ThirdParty:1030 - CMSIS Pack Vendor :STMicroelectronics X-CUBE-BLEMGR 4.1.0
2026-02-21 11:37:58,238 [INFO] ThirdParty:1030 - CMSIS Pack Vendor :STMicroelectronics X-CUBE-AZRTOS-WB 2.0.0
2026-02-21 11:37:58,238 [INFO] ThirdParty:1030 - CMSIS Pack Vendor :STMicroelectronics X-CUBE-ST60 1.0.0
2026-02-21 11:37:58,238 [INFO] ThirdParty:1030 - CMSIS Pack Vendor :STMicroelectronics X-CUBE-GNSS1 7.0.1
2026-02-21 11:37:58,238 [INFO] ThirdParty:1030 - CMSIS Pack Vendor :STMicroelectronics X-CUBE-NFC12 1.0.0
2026-02-21 11:37:58,238 [INFO] ThirdParty:1030 - CMSIS Pack Vendor :STMicroelectronics X-CUBE-AZRTOS-F7 1.1.0
2026-02-21 11:37:58,238 [INFO] ThirdParty:1030 - CMSIS Pack Vendor :STMicroelectronics X-CUBE-AZRTOS-L5 2.0.0
2026-02-21 11:37:58,238 [INFO] ThirdParty:1030 - CMSIS Pack Vendor :STMicroelectronics USB_DEVICE 2.0.0
2026-02-21 11:37:58,238 [INFO] ThirdParty:1030 - CMSIS Pack Vendor :STMicroelectronics X-CUBE-NFC6 3.1.0
2026-02-21 11:37:58,238 [INFO] ThirdParty:1030 - CMSIS Pack Vendor :STMicroelectronics X-CUBE-ST67W61 1.1.0
2026-02-21 11:37:58,238 [INFO] ThirdParty:1030 - CMSIS Pack Vendor :Cesanta I-CUBE-Mongoose 7.19.0
2026-02-21 11:37:58,238 [INFO] ThirdParty:1030 - CMSIS Pack Vendor :quantropi X-CUBE-qispace-sdk-base 2.1.0
2026-02-21 11:37:58,238 [INFO] ThirdParty:1030 - CMSIS Pack Vendor :STMicroelectronics X-CUBE-MEMS1 12.0.0
2026-02-21 11:37:58,239 [INFO] ThirdParty:1030 - CMSIS Pack Vendor :STMicroelectronics X-CUBE-STSE01 2.0.0
2026-02-21 11:37:58,241 [INFO] ThirdParty:1030 - CMSIS Pack Vendor :STMicroelectronics FP-SNS-MOTENV1 5.1.0
2026-02-21 11:37:58,241 [INFO] ThirdParty:1030 - CMSIS Pack Vendor :STMicroelectronics FreeRTOS 0.0.1
2026-02-21 11:37:58,241 [INFO] ThirdParty:1030 - CMSIS Pack Vendor :STMicroelectronics X-CUBE-AZRTOS-G0 1.1.0
2026-02-21 11:37:58,241 [INFO] ThirdParty:1030 - CMSIS Pack Vendor :STMicroelectronics X-CUBE-SAFEA1 1.2.2
2026-02-21 11:37:58,241 [INFO] ThirdParty:1030 - CMSIS Pack Vendor :STMicroelectronics X-CUBE-NFC4 3.0.0
2026-02-21 11:37:58,241 [INFO] ThirdParty:1030 - CMSIS Pack Vendor :STMicroelectronics X-CUBE-SUBG2 5.0.0
2026-02-21 11:37:58,242 [INFO] ThirdParty:1030 - CMSIS Pack Vendor :STMicroelectronics X-CUBE-AZRTOS-H7RS 1.1.0
2026-02-21 11:37:58,242 [INFO] ThirdParty:1030 - CMSIS Pack Vendor :STMicroelectronics STM32_WPAN 1.0.0
2026-02-21 11:37:58,242 [INFO] ThirdParty:1030 - CMSIS Pack Vendor :EmbeddedOffice I-CUBE-FS-RTOS 1.0.1
2026-02-21 11:37:58,242 [INFO] ThirdParty:1030 - CMSIS Pack Vendor :STMicroelectronics lwIP 2.0.3
2026-02-21 11:37:58,243 [INFO] ThirdParty:1030 - CMSIS Pack Vendor :WES I-CUBE-Cesium 1.4.0
2026-02-21 11:37:58,243 [INFO] ThirdParty:1030 - CMSIS Pack Vendor :STMicroelectronics USB_HOST 1.0.0
2026-02-21 11:37:58,243 [INFO] ThirdParty:1030 - CMSIS Pack Vendor :Infineon AIROC-Wi-Fi-Bluetooth-STM32 1.7.1
2026-02-21 11:37:58,243 [INFO] ThirdParty:1030 - CMSIS Pack Vendor :STMicroelectronics X-CUBE-AZRTOS-G4 2.0.0
2026-02-21 11:37:58,243 [INFO] ThirdParty:1030 - CMSIS Pack Vendor :STMicroelectronics X-CUBE-WB05N 2.0.0
2026-02-21 11:37:58,243 [INFO] ThirdParty:1030 - CMSIS Pack Vendor :STMicroelectronics PDM2PCM 3.1.0
2026-02-21 11:37:58,243 [INFO] ThirdParty:1030 - CMSIS Pack Vendor :STMicroelectronics PDM2PCM 3.3.0
2026-02-21 11:37:58,245 [INFO] ThirdParty:1030 - CMSIS Pack Vendor :wolfSSL I-CUBE-wolfTPM 3.8.0
2026-02-21 11:37:58,245 [INFO] ThirdParty:1030 - CMSIS Pack Vendor :STMicroelectronics X-CUBE-AZRTOS-H7 3.4.0
2026-02-21 11:37:58,245 [INFO] ThirdParty:1030 - CMSIS Pack Vendor :STMicroelectronics X-CUBE-DISPLAY 3.0.0
2026-02-21 11:37:58,245 [INFO] ThirdParty:1030 - CMSIS Pack Vendor :wolfSSL I-CUBE-wolfSSH 1.4.20
2026-02-21 11:37:58,245 [INFO] ThirdParty:1030 - CMSIS Pack Vendor :STMicroelectronics X-CUBE-NFC7 2.0.0
2026-02-21 11:37:58,246 [INFO] ThirdParty:1030 - CMSIS Pack Vendor :STMicroelectronics FP-SNS-MOTENVWB1 1.5.0
2026-02-21 11:37:58,246 [INFO] ThirdParty:1030 - CMSIS Pack Vendor :STMicroelectronics X-CUBE-TCPP 4.2.0
2026-02-21 11:37:58,246 [INFO] ThirdParty:1030 - CMSIS Pack Vendor :RealThread X-CUBE-RT-Thread_Nano 4.1.1
2026-02-21 11:37:58,246 [INFO] ThirdParty:1030 - CMSIS Pack Vendor :STMicroelectronics FP-ATR-SIGFOX1 3.2.0
2026-02-21 11:37:58,247 [INFO] ThirdParty:1030 - CMSIS Pack Vendor :STMicroelectronics X-CUBE-NFC10 1.0.0
2026-02-21 11:37:58,247 [INFO] ThirdParty:1030 - CMSIS Pack Vendor :STMicroelectronics X-CUBE-FREERTOS 1.3.1
2026-02-21 11:37:58,247 [INFO] ThirdParty:1030 - CMSIS Pack Vendor :STMicroelectronics HAL Drivers 0.0.0
2026-02-21 11:37:58,247 [INFO] ThirdParty:1030 - CMSIS Pack Vendor :STMicroelectronics MBEDTLS 2.16.2
2026-02-21 11:37:58,248 [INFO] ThirdParty:1030 - CMSIS Pack Vendor :STMicroelectronics X-CUBE-ST60 1.1.0
2026-02-21 11:37:58,248 [INFO] ThirdParty:1030 - CMSIS Pack Vendor :STMicroelectronics X-CUBE-IPS 3.1.0
2026-02-21 11:37:58,249 [INFO] ThirdParty:1030 - CMSIS Pack Vendor :STMicroelectronics X-CUBE-ALS 1.0.2
2026-02-21 11:37:58,249 [INFO] ThirdParty:1030 - CMSIS Pack Vendor :emotas I-CUBE-CANOPEN 1.3.0
2026-02-21 11:37:58,249 [INFO] ThirdParty:1030 - CMSIS Pack Vendor :STMicroelectronics MBEDTLS 2.14.1
2026-02-21 11:37:58,249 [INFO] ThirdParty:1030 - CMSIS Pack Vendor :STMicroelectronics X-CUBE-GNSS1 7.1.0
2026-02-21 11:37:58,249 [INFO] ThirdParty:1030 - CMSIS Pack Vendor :ITTIA_DB I-CUBE-ITTIADB 8.9.0
2026-02-21 11:37:58,249 [INFO] ThirdParty:1030 - CMSIS Pack Vendor :STMicroelectronics X-CUBE-TOUCHGFX 4.26.0
2026-02-21 11:37:58,249 [INFO] ThirdParty:1030 - CMSIS Pack Vendor :STMicroelectronics X-CUBE-STSE01 1.0.0
2026-02-21 11:37:58,249 [INFO] ThirdParty:1030 - CMSIS Pack Vendor :STMicroelectronics X-CUBE-NFC6 3.2.0
2026-02-21 11:37:58,249 [INFO] ThirdParty:1030 - CMSIS Pack Vendor :STMicroelectronics X-CUBE-ST67W61 1.0.0
2026-02-21 11:37:58,249 [INFO] ThirdParty:1030 - CMSIS Pack Vendor :STMicroelectronics FP-SNS-STBOX1 2.1.0
2026-02-21 11:37:58,249 [INFO] ThirdParty:1030 - CMSIS Pack Vendor :STMicroelectronics X-CUBE-AI 10.2.0
2026-02-21 11:37:58,249 [INFO] ThirdParty:1030 - CMSIS Pack Vendor :STMicroelectronics FP-SNS-STAIOTCFT 1.0.0
2026-02-21 11:37:58,250 [INFO] ThirdParty:1030 - CMSIS Pack Vendor :STMicroelectronics ThreadX 1.0.0
2026-02-21 11:37:58,250 [INFO] ThirdParty:1030 - CMSIS Pack Vendor :STMicroelectronics FP-SNS-SMARTAG2 1.2.0
2026-02-21 11:37:58,250 [INFO] ThirdParty:1030 - CMSIS Pack Vendor :STMicroelectronics FP-SNS-FLIGHT1 5.1.0
2026-02-21 11:37:58,250 [INFO] ThirdParty:1030 - CMSIS Pack Vendor :STMicroelectronics X-CUBE-AZRTOS-WL 2.0.0
2026-02-21 11:37:58,250 [INFO] ThirdParty:1030 - CMSIS Pack Vendor :SEGGER I-CUBE-embOS 1.3.1
2026-02-21 11:37:58,250 [INFO] ThirdParty:1030 - CMSIS Pack Vendor :STMicroelectronics X-CUBE-ALGOBUILD 1.4.0
2026-02-21 11:37:58,250 [INFO] ThirdParty:1030 - CMSIS Pack Vendor :STMicroelectronics X-CUBE-DPower 1.3.0
2026-02-21 11:37:58,250 [INFO] ThirdParty:1030 - CMSIS Pack Vendor :STMicroelectronics X-CUBE-MEMS1 11.3.0
2026-02-21 11:37:58,250 [INFO] ThirdParty:1030 - CMSIS Pack Vendor :STMicroelectronics FP-SNS-MOTENV1 5.0.0
2026-02-21 11:37:58,250 [INFO] ThirdParty:1030 - CMSIS Pack Vendor :STMicroelectronics USB_DEVICE 1.0.0
2026-02-21 11:37:58,250 [INFO] ThirdParty:1030 - CMSIS Pack Vendor :STMicroelectronics X-CUBE-AZRTOS-H7RS 1.2.0
2026-02-21 11:37:58,250 [INFO] ThirdParty:1030 - CMSIS Pack Vendor :STMicroelectronics X-CUBE-AZRTOS-L4 2.0.0
2026-02-21 11:37:58,250 [INFO] ThirdParty:1030 - CMSIS Pack Vendor :STMicroelectronics ThreadX 0.0.2
2026-02-21 11:37:58,250 [INFO] ThirdParty:1030 - CMSIS Pack Vendor :STMicroelectronics lwIP 2.1.2
2026-02-21 11:37:58,250 [INFO] ThirdParty:1030 - CMSIS Pack Vendor :STMicroelectronics X-CUBE-SFXS2LP1 4.0.0
2026-02-21 11:37:58,250 [INFO] ThirdParty:1030 - CMSIS Pack Vendor :STMicroelectronics X-CUBE-BLE2 3.3.0
2026-02-21 11:37:58,250 [INFO] ThirdParty:1030 - CMSIS Pack Vendor :Avnet-IOTCONNECT X-CUBE-iotc-st67-sdk 1.0.0
2026-02-21 11:37:58,250 [INFO] ThirdParty:1030 - CMSIS Pack Vendor :STMicroelectronics X-CUBE-TOF1 3.4.3
2026-02-21 11:37:58,250 [INFO] ThirdParty:1030 - CMSIS Pack Vendor :STMicroelectronics PDM2PCM 3.2.0
2026-02-21 11:37:58,250 [INFO] ThirdParty:1030 - CMSIS Pack Vendor :STMicroelectronics X-CUBE-ST67W61 1.2.0
2026-02-21 11:37:58,251 [INFO] ThirdParty:841 - exiting critical section [change project]
2026-02-21 11:37:58,948 [INFO] PinOutPanel:1589 - setPackage(No Configuration,No Configuration)
2026-02-21 11:37:58,949 [INFO] PinOutPanel:1589 - setPackage(STM32F407VGTx,LQFP100)
2026-02-21 11:37:59,436 [INFO] UtilMem:75 - Before build in PCC Used Memory: 950742248 Bytes (1073741824)
2026-02-21 11:37:59,832 [INFO] UtilMem:75 - After build in PCC Used Memory: 996357352 Bytes (1073741824)
2026-02-21 11:37:59,944 [INFO] IPUIPlugin:80 - create IPUIPlugin
2026-02-21 11:37:59,944 [INFO] IPUIPlugin:80 - create IPUIPlugin
2026-02-21 11:37:59,944 [INFO] IPUIPlugin:80 - create IPUIPlugin
2026-02-21 11:37:59,944 [INFO] IPUIPlugin:80 - create IPUIPlugin
2026-02-21 11:37:59,945 [INFO] IPUIPlugin:80 - create IPUIPlugin
2026-02-21 11:37:59,945 [INFO] IPUIPlugin:80 - create IPUIPlugin
2026-02-21 11:37:59,949 [INFO] IPUIPlugin:80 - create IPUIPlugin
2026-02-21 11:37:59,950 [INFO] IPUIPlugin:80 - create IPUIPlugin
2026-02-21 11:37:59,950 [INFO] IPUIPlugin:80 - create IPUIPlugin
2026-02-21 11:37:59,950 [INFO] IPUIPlugin:80 - create IPUIPlugin
2026-02-21 11:37:59,950 [INFO] IPUIPlugin:80 - create IPUIPlugin
2026-02-21 11:37:59,950 [INFO] IPUIPlugin:80 - create IPUIPlugin
2026-02-21 11:37:59,951 [INFO] IPUIPlugin:80 - create IPUIPlugin
2026-02-21 11:37:59,951 [INFO] IPUIPlugin:80 - create IPUIPlugin
2026-02-21 11:37:59,951 [INFO] IPUIPlugin:80 - create IPUIPlugin
2026-02-21 11:37:59,951 [INFO] IPUIPlugin:80 - create IPUIPlugin
2026-02-21 11:37:59,951 [INFO] IPUIPlugin:80 - create IPUIPlugin
2026-02-21 11:37:59,951 [INFO] IPUIPlugin:80 - create IPUIPlugin
2026-02-21 11:37:59,951 [INFO] IPUIPlugin:80 - create IPUIPlugin
2026-02-21 11:37:59,952 [INFO] IPUIPlugin:80 - create IPUIPlugin
2026-02-21 11:37:59,952 [INFO] IPUIPlugin:80 - create IPUIPlugin
2026-02-21 11:37:59,952 [INFO] IPUIPlugin:80 - create IPUIPlugin
2026-02-21 11:37:59,952 [INFO] IPUIPlugin:80 - create IPUIPlugin
2026-02-21 11:37:59,953 [INFO] IPUIPlugin:80 - create IPUIPlugin
2026-02-21 11:37:59,953 [INFO] IPUIPlugin:80 - create IPUIPlugin
2026-02-21 11:37:59,953 [INFO] IPUIPlugin:80 - create IPUIPlugin
2026-02-21 11:37:59,965 [INFO] IPUIPlugin:80 - create IPUIPlugin
2026-02-21 11:37:59,965 [INFO] IPUIPlugin:80 - create IPUIPlugin
2026-02-21 11:37:59,965 [INFO] IPUIPlugin:80 - create IPUIPlugin
2026-02-21 11:37:59,965 [INFO] IPUIPlugin:80 - create IPUIPlugin
2026-02-21 11:37:59,966 [INFO] IPUIPlugin:80 - create IPUIPlugin
2026-02-21 11:37:59,966 [INFO] IPUIPlugin:80 - create IPUIPlugin
2026-02-21 11:37:59,967 [INFO] IPUIPlugin:80 - create IPUIPlugin
2026-02-21 11:37:59,968 [INFO] IPUIPlugin:80 - create IPUIPlugin
2026-02-21 11:37:59,968 [INFO] IPUIPlugin:80 - create IPUIPlugin
2026-02-21 11:37:59,968 [INFO] IPUIPlugin:80 - create IPUIPlugin
2026-02-21 11:37:59,969 [INFO] IPUIPlugin:80 - create IPUIPlugin
2026-02-21 11:37:59,970 [INFO] IPUIPlugin:80 - create IPUIPlugin
2026-02-21 11:37:59,970 [INFO] IPUIPlugin:80 - create IPUIPlugin
2026-02-21 11:37:59,970 [INFO] IPUIPlugin:80 - create IPUIPlugin
2026-02-21 11:37:59,970 [INFO] IPUIPlugin:80 - create IPUIPlugin
2026-02-21 11:37:59,971 [INFO] IPUIPlugin:80 - create IPUIPlugin
2026-02-21 11:37:59,971 [INFO] IPUIPlugin:80 - create IPUIPlugin
2026-02-21 11:37:59,974 [INFO] IPUIPlugin:80 - create IPUIPlugin
2026-02-21 11:37:59,976 [INFO] IPUIPlugin:80 - create IPUIPlugin
2026-02-21 11:37:59,977 [INFO] IPUIPlugin:80 - create IPUIPlugin
2026-02-21 11:37:59,978 [INFO] IPUIPlugin:80 - create IPUIPlugin
2026-02-21 11:37:59,978 [INFO] IPUIPlugin:80 - create IPUIPlugin
2026-02-21 11:37:59,978 [INFO] IPUIPlugin:80 - create IPUIPlugin
2026-02-21 11:37:59,979 [INFO] IPUIPlugin:80 - create IPUIPlugin
2026-02-21 11:37:59,980 [INFO] IPUIPlugin:80 - create IPUIPlugin
2026-02-21 11:37:59,980 [INFO] IPUIPlugin:80 - create IPUIPlugin
2026-02-21 11:37:59,980 [INFO] IPUIPlugin:80 - create IPUIPlugin
2026-02-21 11:37:59,981 [INFO] IPUIPlugin:80 - create IPUIPlugin
2026-02-21 11:37:59,982 [INFO] IPUIPlugin:80 - create IPUIPlugin
2026-02-21 11:37:59,982 [INFO] IPUIPlugin:80 - create IPUIPlugin
2026-02-21 11:37:59,982 [INFO] IPUIPlugin:80 - create IPUIPlugin
2026-02-21 11:37:59,983 [INFO] IPUIPlugin:80 - create IPUIPlugin
2026-02-21 11:37:59,999 [INFO] ApiDbMcu:532 - Load IP Config File for PDM2PCM
2026-02-21 11:38:00,010 [WARN] IP:2250 - I2C_Coeff_DF not found: check if there is a RefParameter without a condition.
2026-02-21 11:38:00,011 [WARN] IP:2250 - Analog_Filter not found: check if there is a RefParameter without a condition.
2026-02-21 11:38:00,233 [INFO] CADModel:165 - CPN selected for project levelSTM32F407VGT6
2026-02-21 11:38:00,234 [INFO] CADModel:114 - Register for checkConnection events
2026-02-21 11:38:00,332 [INFO] OpenFileManager:386 - Restore cursor
2026-02-21 11:38:00,518 [WARN] IP:2250 - I2C_Coeff_DF not found: check if there is a RefParameter without a condition.
2026-02-21 11:38:00,518 [WARN] IP:2250 - Analog_Filter not found: check if there is a RefParameter without a condition.
2026-02-21 11:38:00,519 [WARN] IP:2250 - I2C_Coeff_DF not found: check if there is a RefParameter without a condition.
2026-02-21 11:38:00,519 [WARN] IP:2250 - Analog_Filter not found: check if there is a RefParameter without a condition.
2026-02-21 11:38:32,192 [INFO] MainUpdater:2872 - connection check result : 10
2026-02-21 11:38:32,193 [INFO] MainUpdater:2872 - connection check result : 10
2026-02-21 11:38:32,583 [INFO] MicroXplorer:468 - Change Database Path : 
2026-02-21 11:38:32,584 [INFO] MicroXplorer:498 - Change Database Version : DB.6.0.150
2026-02-21 11:38:32,597 [ERROR] ProjectManagerView:395 - 
java.lang.NullPointerException: Cannot invoke "javax.swing.JTextField.getText()" because the return value of "java.util.List.get(int)" is null
	at com.st.microxplorer.plugins.projectmanager.gui.ProjectChoiceTab$9.caretUpdate(ProjectChoiceTab.java:2706) ~[filemanager.jar:?]
	at javax.swing.text.JTextComponent.fireCaretUpdate(JTextComponent.java:408) ~[?:?]
	at javax.swing.text.JTextComponent$MutableCaretEvent.fire(JTextComponent.java:4484) ~[?:?]
	at javax.swing.text.JTextComponent$MutableCaretEvent.stateChanged(JTextComponent.java:4506) ~[?:?]
	at javax.swing.text.DefaultCaret.fireStateChanged(DefaultCaret.java:857) ~[?:?]
	at javax.swing.text.DefaultCaret.changeCaretPosition(DefaultCaret.java:1343) ~[?:?]
	at javax.swing.text.DefaultCaret.handleSetDot(DefaultCaret.java:1242) ~[?:?]
	at javax.swing.text.DefaultCaret.setDot(DefaultCaret.java:1223) ~[?:?]
	at javax.swing.text.DefaultCaret$Handler.insertUpdate(DefaultCaret.java:1819) ~[?:?]
	at javax.swing.text.AbstractDocument.fireInsertUpdate(AbstractDocument.java:227) ~[?:?]
	at javax.swing.text.AbstractDocument.handleInsertString(AbstractDocument.java:781) ~[?:?]
	at javax.swing.text.AbstractDocument.insertString(AbstractDocument.java:740) ~[?:?]
	at javax.swing.text.PlainDocument.insertString(PlainDocument.java:131) ~[?:?]
	at javax.swing.text.AbstractDocument.replace(AbstractDocument.java:699) ~[?:?]
	at javax.swing.text.JTextComponent.setText(JTextComponent.java:1725) ~[?:?]
	at com.st.microxplorer.plugins.projectmanager.gui.ProjectChoiceTab.createHeapStackFields(ProjectChoiceTab.java:993) ~[filemanager.jar:?]
	at com.st.microxplorer.plugins.projectmanager.gui.ProjectChoiceTab.buildLinkSettingsPanel(ProjectChoiceTab.java:3813) ~[filemanager.jar:?]
	at com.st.microxplorer.plugins.projectmanager.gui.ProjectChoiceTab.defineWindowsFields(ProjectChoiceTab.java:1987) ~[filemanager.jar:?]
	at com.st.microxplorer.plugins.projectmanager.gui.ProjectChoiceTab.updateSettings(ProjectChoiceTab.java:558) ~[filemanager.jar:?]
	at com.st.microxplorer.plugins.projectmanager.gui.ProjectSettingsPanel.UpdateDialog(ProjectSettingsPanel.java:247) ~[filemanager.jar:?]
	at com.st.microxplorer.plugins.projectmanager.ProjectManagerView.propertyChange(ProjectManagerView.java:392) ~[filemanager.jar:?]
	at java.beans.PropertyChangeSupport.fire(PropertyChangeSupport.java:343) ~[?:?]
	at java.beans.PropertyChangeSupport.firePropertyChange(PropertyChangeSupport.java:335) ~[?:?]
	at java.beans.PropertyChangeSupport.firePropertyChange(PropertyChangeSupport.java:268) ~[?:?]
	at com.st.microxplorer.util.MXPropertyChangeSupport.firePropertyChange(MXPropertyChangeSupport.java:54) ~[STM32CubeMX.jar:?]
	at com.st.microxplorer.mxsystem.MxSystem.closeConfig(MxSystem.java:899) ~[STM32CubeMX.jar:?]
	at com.st.microxplorer.maingui.MainPanel.closeConfig(MainPanel.java:792) ~[STM32CubeMX.jar:?]
	at com.st.microxplorer.plugins.filemanager.engine.OpenFileManager.loadConfigurationFile(OpenFileManager.java:288) ~[filemanager.jar:?]
	at com.st.microxplorer.plugins.filemanager.engine.MainFileManager.userLoadConfig(MainFileManager.java:364) ~[filemanager.jar:?]
	at com.st.microxplorer.plugins.filemanager.engine.MainFileManager.userLoadConfig(MainFileManager.java:342) ~[filemanager.jar:?]
	at com.st.microxplorer.plugins.filemanager.FileManagerView.getSpecificTask(FileManagerView.java:264) ~[filemanager.jar:?]
	at com.st.stm32cube.common.mx.editor.CubeMxEditor.getMxTabbedPaneInstance(CubeMxEditor.java:1198) ~[com.st.stm32cube.common.mx_6.15.0.202507011659/:?]
	at com.st.stm32cube.common.mx.editor.CubeMxEditor$12$1.createSwingComponent(CubeMxEditor.java:1068) ~[com.st.stm32cube.common.mx_6.15.0.202507011659/:?]
	at com.st.stm32cube.common.mx.oss.core.awtswtbridge.EmbeddedSwingComposite.doComponentCreation(EmbeddedSwingComposite.java:492) ~[com.st.stm32cube.common.mx.oss_6.15.0.202507011659/:?]
	at com.st.stm32cube.common.mx.oss.core.awtswtbridge.EmbeddedSwingComposite$4.run(EmbeddedSwingComposite.java:291) ~[com.st.stm32cube.common.mx.oss_6.15.0.202507011659/:?]
	at com.st.stm32cube.common.mx.oss.core.awtswtbridge.AwtEnvironment$2.run(AwtEnvironment.java:166) ~[com.st.stm32cube.common.mx.oss_6.15.0.202507011659/:?]
	at java.awt.event.InvocationEvent.dispatch(InvocationEvent.java:318) ~[?:?]
	at java.awt.EventQueue.dispatchEventImpl(EventQueue.java:773) ~[?:?]
	at java.awt.EventQueue$4.run(EventQueue.java:720) ~[?:?]
	at java.awt.EventQueue$4.run(EventQueue.java:714) ~[?:?]
	at java.security.AccessController.doPrivileged(AccessController.java:400) ~[?:?]
	at java.security.ProtectionDomain$JavaSecurityAccessImpl.doIntersectionPrivilege(ProtectionDomain.java:87) ~[?:?]
	at java.awt.EventQueue.dispatchEvent(EventQueue.java:742) ~[?:?]
	at java.awt.EventDispatchThread.pumpOneEventForFilters(EventDispatchThread.java:203) ~[?:?]
	at java.awt.EventDispatchThread.pumpEventsForFilter(EventDispatchThread.java:124) ~[?:?]
	at java.awt.EventDispatchThread.pumpEventsForHierarchy(EventDispatchThread.java:113) ~[?:?]
	at java.awt.EventDispatchThread.pumpEvents(EventDispatchThread.java:109) ~[?:?]
	at java.awt.EventDispatchThread.pumpEvents(EventDispatchThread.java:101) ~[?:?]
	at java.awt.EventDispatchThread.run(EventDispatchThread.java:90) ~[?:?]
2026-02-21 11:38:32,598 [WARN] ThirdParty:871 - waiting for thirdparty lock release [close project]
2026-02-21 11:38:32,598 [INFO] ThirdParty:873 - entering critical section [close project]
2026-02-21 11:38:32,599 [INFO] ThirdParty:883 - exiting critical section [close project]
2026-02-21 11:38:32,600 [INFO] PinOutPanel:1589 - setPackage(No Configuration,No Configuration)
2026-02-21 11:38:32,608 [WARN] IpParametersView:155 - Warning: This peripheral hasn't parameters
2026-02-21 11:38:32,614 [WARN] MainPanel:289 - <html><b><center>Warning: This peripheral has no parameters to be configured<br></b></html>
2026-02-21 11:38:32,618 [INFO] UtilMem:75 - Begin LoadConfig() Used Memory: 894600576 Bytes (1073741824)
2026-02-21 11:38:32,620 [INFO] MicroXplorer:468 - Change Database Path : 
2026-02-21 11:38:32,620 [INFO] MicroXplorer:498 - Change Database Version : DB.6.0.150
2026-02-21 11:38:32,620 [INFO] OpenFileManager:355 - Change cursor
2026-02-21 11:38:32,646 [INFO] Mcu:2029 - Initializing MCU STM32F407V(E-G)Tx STM32F407VGTx STM32F407VGT6
2026-02-21 11:38:34,093 [INFO] Context:786 - Trying to add GPIOservice into a context  which must be forbidden
2026-02-21 11:38:34,415 [INFO] ImportTextPane:234 - (OptionalMessage_ERROR) Pin1 (VP_RIF_VS_RIF1) cannot be retrieved for this MCU
2026-02-21 11:38:34,495 [INFO] RtosManager:558 - Registered RTOS mode: class=CMSIS, group=RTOS, mode=CMSIS_V1, owner=FREERTOS
2026-02-21 11:38:34,495 [INFO] RtosManager:558 - Registered RTOS mode: class=CMSIS, group=RTOS2, mode=CMSIS_V2, owner=FREERTOS
2026-02-21 11:38:34,495 [INFO] RtosManager:558 - Registered RTOS mode: class=RTOS, group=Core, mode=CMSIS_V1, owner=FREERTOS
2026-02-21 11:38:34,495 [INFO] RtosManager:558 - Registered RTOS mode: class=RTOS, group=Core, mode=CMSIS_V2, owner=FREERTOS
2026-02-21 11:38:34,495 [WARN] ModelIntegratedComponent:184 - Missing modes for component STMicroelectronics:FreeRTOS:0.0.1:STMicroelectronics:RTOS:FreeRTOS:Core:::10.2.0:
2026-02-21 11:38:34,503 [WARN] ModelIntegratedComponent:63 - No mode defined for component null
2026-02-21 11:38:34,503 [WARN] ModelIntegratedComponent:63 - No mode defined for component null
2026-02-21 11:38:34,503 [WARN] ModelIntegratedComponent:63 - No mode defined for component null
2026-02-21 11:38:34,503 [WARN] ModelIntegratedComponent:63 - No mode defined for component null
2026-02-21 11:38:34,503 [WARN] ModelIntegratedComponent:63 - No mode defined for component null
2026-02-21 11:38:34,503 [WARN] ModelIntegratedComponent:63 - No mode defined for component null
2026-02-21 11:38:34,503 [WARN] ModelIntegratedComponent:63 - No mode defined for component null
2026-02-21 11:38:34,503 [WARN] ModelIntegratedComponent:63 - No mode defined for component null
2026-02-21 11:38:34,503 [WARN] ModelIntegratedComponent:63 - No mode defined for component null
2026-02-21 11:38:34,503 [WARN] ModelIntegratedComponent:63 - No mode defined for component null
2026-02-21 11:38:34,503 [WARN] ModelIntegratedComponent:63 - No mode defined for component null
2026-02-21 11:38:34,503 [WARN] ModelIntegratedComponent:63 - No mode defined for component null
2026-02-21 11:38:34,504 [WARN] ModelIntegratedComponent:63 - No mode defined for component null
2026-02-21 11:38:34,504 [WARN] ModelIntegratedComponent:63 - No mode defined for component null
2026-02-21 11:38:34,504 [WARN] ModelIntegratedComponent:63 - No mode defined for component null
2026-02-21 11:38:34,504 [WARN] ModelIntegratedComponent:63 - No mode defined for component null
2026-02-21 11:38:34,504 [WARN] ModelIntegratedComponent:63 - No mode defined for component null
2026-02-21 11:38:34,504 [WARN] ModelIntegratedComponent:63 - No mode defined for component null
2026-02-21 11:38:34,504 [WARN] ModelIntegratedComponent:63 - No mode defined for component null
2026-02-21 11:38:34,504 [WARN] ModelIntegratedComponent:63 - No mode defined for component null
2026-02-21 11:38:34,504 [WARN] ModelIntegratedComponent:63 - No mode defined for component null
2026-02-21 11:38:34,504 [WARN] ModelIntegratedComponent:63 - No mode defined for component null
2026-02-21 11:38:34,504 [WARN] ModelIntegratedComponent:63 - No mode defined for component null
2026-02-21 11:38:34,504 [WARN] ModelIntegratedComponent:63 - No mode defined for component null
2026-02-21 11:38:34,504 [WARN] ModelIntegratedComponent:63 - No mode defined for component null
2026-02-21 11:38:34,504 [WARN] ModelIntegratedComponent:63 - No mode defined for component null
2026-02-21 11:38:34,504 [WARN] ModelIntegratedComponent:63 - No mode defined for component null
2026-02-21 11:38:34,504 [WARN] ModelIntegratedComponent:63 - No mode defined for component null
2026-02-21 11:38:34,504 [WARN] ModelIntegratedComponent:63 - No mode defined for component null
2026-02-21 11:38:34,504 [WARN] ModelIntegratedComponent:63 - No mode defined for component null
2026-02-21 11:38:34,504 [WARN] ModelIntegratedComponent:63 - No mode defined for component null
2026-02-21 11:38:34,504 [WARN] ModelIntegratedComponent:63 - No mode defined for component null
2026-02-21 11:38:34,504 [WARN] ModelIntegratedComponent:63 - No mode defined for component null
2026-02-21 11:38:34,504 [WARN] ModelIntegratedComponent:63 - No mode defined for component null
2026-02-21 11:38:34,504 [WARN] ModelIntegratedComponent:63 - No mode defined for component null
2026-02-21 11:38:34,504 [WARN] ModelPack:524 - Component already loaded: STMicroelectronics:HAL Drivers:0.0.0:STMicroelectronics:Device:STMicro_Driver:XSPI:HAL::0.0.1:HAL_XSPI
2026-02-21 11:38:34,600 [INFO] ThirdPartyModel:298 - Start build external matchings
2026-02-21 11:38:35,615 [INFO] ThirdPartyModel:316 - End build external matchings
2026-02-21 11:38:35,966 [INFO] UtilMem:75 - End LoadConfig() Used Memory: 942256672 Bytes (1073741824)
2026-02-21 11:38:36,034 [WARN] ThirdParty:833 - waiting for thirdparty lock release [change project]
2026-02-21 11:38:36,034 [INFO] ThirdParty:835 - entering critical section [change project]
2026-02-21 11:38:36,034 [INFO] ThirdParty:1030 - CMSIS Pack Vendor :STMicroelectronics X-CUBE-PM33A1 1.0.0
2026-02-21 11:38:36,034 [INFO] ThirdParty:1030 - CMSIS Pack Vendor :STMicroelectronics USBPD 4.1
2026-02-21 11:38:36,034 [INFO] ThirdParty:1030 - CMSIS Pack Vendor :STMicroelectronics X-CUBE-NFC9 1.0.0
2026-02-21 11:38:36,034 [INFO] ThirdParty:1030 - CMSIS Pack Vendor :STMicroelectronics USB_HOST 2.0.0
2026-02-21 11:38:36,034 [INFO] ThirdParty:1030 - CMSIS Pack Vendor :STMicroelectronics FP-SNS-MOTENVWB1 1.4.0
2026-02-21 11:38:36,034 [INFO] ThirdParty:1030 - CMSIS Pack Vendor :STMicroelectronics X-CUBE-AZRTOS-F4 1.1.0
2026-02-21 11:38:36,034 [INFO] ThirdParty:1030 - CMSIS Pack Vendor :STMicroelectronics LIBJPEG 8.0.0
2026-02-21 11:38:36,034 [INFO] ThirdParty:1030 - CMSIS Pack Vendor :STMicroelectronics FP-ATR-ASTRA1 2.0.2
2026-02-21 11:38:36,034 [INFO] ThirdParty:1030 - CMSIS Pack Vendor :wolfSSL I-CUBE-wolfSSL 5.8.2
2026-02-21 11:38:36,034 [INFO] ThirdParty:1030 - CMSIS Pack Vendor :STMicroelectronics X-CUBE-BLE1 7.1.0
2026-02-21 11:38:36,034 [INFO] ThirdParty:1030 - CMSIS Pack Vendor :STMicroelectronics X-CUBE-SMBUS 2.1.0
2026-02-21 11:38:36,034 [INFO] ThirdParty:1030 - CMSIS Pack Vendor :wolfSSL I-CUBE-wolfMQTT 1.19.2
2026-02-21 11:38:36,034 [INFO] ThirdParty:1030 - CMSIS Pack Vendor :STMicroelectronics USB_DEVICE 3.0.0
2026-02-21 11:38:36,034 [INFO] ThirdParty:1030 - CMSIS Pack Vendor :STMicroelectronics X-CUBE-ISPU 2.1.0
2026-02-21 11:38:36,034 [INFO] ThirdParty:1030 - CMSIS Pack Vendor :STMicroelectronics X-CUBE-FREERTOS 1.4.0
2026-02-21 11:38:36,034 [INFO] ThirdParty:1030 - CMSIS Pack Vendor :STMicroelectronics X-CUBE-EEPRMA1 5.2.0
2026-02-21 11:38:36,034 [INFO] ThirdParty:1030 - CMSIS Pack Vendor :STMicroelectronics X-CUBE-IPS 3.2.0
2026-02-21 11:38:36,034 [INFO] ThirdParty:1030 - CMSIS Pack Vendor :STMicroelectronics X-CUBE-BLEMGR 4.1.0
2026-02-21 11:38:36,034 [INFO] ThirdParty:1030 - CMSIS Pack Vendor :STMicroelectronics X-CUBE-AZRTOS-WB 2.0.0
2026-02-21 11:38:36,035 [INFO] ThirdParty:1030 - CMSIS Pack Vendor :STMicroelectronics X-CUBE-ST60 1.0.0
2026-02-21 11:38:36,035 [INFO] ThirdParty:1030 - CMSIS Pack Vendor :STMicroelectronics X-CUBE-GNSS1 7.0.1
2026-02-21 11:38:36,035 [INFO] ThirdParty:1030 - CMSIS Pack Vendor :STMicroelectronics X-CUBE-NFC12 1.0.0
2026-02-21 11:38:36,035 [INFO] ThirdParty:1030 - CMSIS Pack Vendor :STMicroelectronics X-CUBE-AZRTOS-F7 1.1.0
2026-02-21 11:38:36,035 [INFO] ThirdParty:1030 - CMSIS Pack Vendor :STMicroelectronics X-CUBE-AZRTOS-L5 2.0.0
2026-02-21 11:38:36,035 [INFO] ThirdParty:1030 - CMSIS Pack Vendor :STMicroelectronics USB_DEVICE 2.0.0
2026-02-21 11:38:36,035 [INFO] ThirdParty:1030 - CMSIS Pack Vendor :STMicroelectronics X-CUBE-NFC6 3.1.0
2026-02-21 11:38:36,035 [INFO] ThirdParty:1030 - CMSIS Pack Vendor :STMicroelectronics X-CUBE-ST67W61 1.1.0
2026-02-21 11:38:36,035 [INFO] ThirdParty:1030 - CMSIS Pack Vendor :Cesanta I-CUBE-Mongoose 7.19.0
2026-02-21 11:38:36,035 [INFO] ThirdParty:1030 - CMSIS Pack Vendor :quantropi X-CUBE-qispace-sdk-base 2.1.0
2026-02-21 11:38:36,035 [INFO] ThirdParty:1030 - CMSIS Pack Vendor :STMicroelectronics X-CUBE-MEMS1 12.0.0
2026-02-21 11:38:36,035 [INFO] ThirdParty:1030 - CMSIS Pack Vendor :STMicroelectronics X-CUBE-STSE01 2.0.0
2026-02-21 11:38:36,035 [INFO] ThirdParty:1030 - CMSIS Pack Vendor :STMicroelectronics FP-SNS-MOTENV1 5.1.0
2026-02-21 11:38:36,035 [INFO] ThirdParty:1030 - CMSIS Pack Vendor :STMicroelectronics FreeRTOS 0.0.1
2026-02-21 11:38:36,035 [INFO] ThirdParty:1030 - CMSIS Pack Vendor :STMicroelectronics X-CUBE-AZRTOS-G0 1.1.0
2026-02-21 11:38:36,035 [INFO] ThirdParty:1030 - CMSIS Pack Vendor :STMicroelectronics X-CUBE-SAFEA1 1.2.2
2026-02-21 11:38:36,035 [INFO] ThirdParty:1030 - CMSIS Pack Vendor :STMicroelectronics X-CUBE-NFC4 3.0.0
2026-02-21 11:38:36,035 [INFO] ThirdParty:1030 - CMSIS Pack Vendor :STMicroelectronics X-CUBE-SUBG2 5.0.0
2026-02-21 11:38:36,035 [INFO] ThirdParty:1030 - CMSIS Pack Vendor :STMicroelectronics X-CUBE-AZRTOS-H7RS 1.1.0
2026-02-21 11:38:36,035 [INFO] ThirdParty:1030 - CMSIS Pack Vendor :STMicroelectronics STM32_WPAN 1.0.0
2026-02-21 11:38:36,036 [INFO] ThirdParty:1030 - CMSIS Pack Vendor :EmbeddedOffice I-CUBE-FS-RTOS 1.0.1
2026-02-21 11:38:36,036 [INFO] ThirdParty:1030 - CMSIS Pack Vendor :STMicroelectronics lwIP 2.0.3
2026-02-21 11:38:36,036 [INFO] ThirdParty:1030 - CMSIS Pack Vendor :WES I-CUBE-Cesium 1.4.0
2026-02-21 11:38:36,036 [INFO] ThirdParty:1030 - CMSIS Pack Vendor :STMicroelectronics USB_HOST 1.0.0
2026-02-21 11:38:36,036 [INFO] ThirdParty:1030 - CMSIS Pack Vendor :Infineon AIROC-Wi-Fi-Bluetooth-STM32 1.7.1
2026-02-21 11:38:36,036 [INFO] ThirdParty:1030 - CMSIS Pack Vendor :STMicroelectronics X-CUBE-AZRTOS-G4 2.0.0
2026-02-21 11:38:36,036 [INFO] ThirdParty:1030 - CMSIS Pack Vendor :STMicroelectronics X-CUBE-WB05N 2.0.0
2026-02-21 11:38:36,036 [INFO] ThirdParty:1030 - CMSIS Pack Vendor :STMicroelectronics PDM2PCM 3.1.0
2026-02-21 11:38:36,036 [INFO] ThirdParty:1030 - CMSIS Pack Vendor :STMicroelectronics PDM2PCM 3.3.0
2026-02-21 11:38:36,036 [INFO] ThirdParty:1030 - CMSIS Pack Vendor :wolfSSL I-CUBE-wolfTPM 3.8.0
2026-02-21 11:38:36,036 [INFO] ThirdParty:1030 - CMSIS Pack Vendor :STMicroelectronics X-CUBE-AZRTOS-H7 3.4.0
2026-02-21 11:38:36,036 [INFO] ThirdParty:1030 - CMSIS Pack Vendor :STMicroelectronics X-CUBE-DISPLAY 3.0.0
2026-02-21 11:38:36,036 [INFO] ThirdParty:1030 - CMSIS Pack Vendor :wolfSSL I-CUBE-wolfSSH 1.4.20
2026-02-21 11:38:36,036 [INFO] ThirdParty:1030 - CMSIS Pack Vendor :STMicroelectronics X-CUBE-NFC7 2.0.0
2026-02-21 11:38:36,036 [INFO] ThirdParty:1030 - CMSIS Pack Vendor :STMicroelectronics FP-SNS-MOTENVWB1 1.5.0
2026-02-21 11:38:36,036 [INFO] ThirdParty:1030 - CMSIS Pack Vendor :STMicroelectronics X-CUBE-TCPP 4.2.0
2026-02-21 11:38:36,036 [INFO] ThirdParty:1030 - CMSIS Pack Vendor :RealThread X-CUBE-RT-Thread_Nano 4.1.1
2026-02-21 11:38:36,036 [INFO] ThirdParty:1030 - CMSIS Pack Vendor :STMicroelectronics FP-ATR-SIGFOX1 3.2.0
2026-02-21 11:38:36,036 [INFO] ThirdParty:1030 - CMSIS Pack Vendor :STMicroelectronics X-CUBE-NFC10 1.0.0
2026-02-21 11:38:36,036 [INFO] ThirdParty:1030 - CMSIS Pack Vendor :STMicroelectronics X-CUBE-FREERTOS 1.3.1
2026-02-21 11:38:36,036 [INFO] ThirdParty:1030 - CMSIS Pack Vendor :STMicroelectronics HAL Drivers 0.0.0
2026-02-21 11:38:36,036 [INFO] ThirdParty:1030 - CMSIS Pack Vendor :STMicroelectronics MBEDTLS 2.16.2
2026-02-21 11:38:36,036 [INFO] ThirdParty:1030 - CMSIS Pack Vendor :STMicroelectronics X-CUBE-ST60 1.1.0
2026-02-21 11:38:36,036 [INFO] ThirdParty:1030 - CMSIS Pack Vendor :STMicroelectronics X-CUBE-IPS 3.1.0
2026-02-21 11:38:36,036 [INFO] ThirdParty:1030 - CMSIS Pack Vendor :STMicroelectronics X-CUBE-ALS 1.0.2
2026-02-21 11:38:36,036 [INFO] ThirdParty:1030 - CMSIS Pack Vendor :emotas I-CUBE-CANOPEN 1.3.0
2026-02-21 11:38:36,036 [INFO] ThirdParty:1030 - CMSIS Pack Vendor :STMicroelectronics MBEDTLS 2.14.1
2026-02-21 11:38:36,037 [INFO] ThirdParty:1030 - CMSIS Pack Vendor :STMicroelectronics X-CUBE-GNSS1 7.1.0
2026-02-21 11:38:36,037 [INFO] ThirdParty:1030 - CMSIS Pack Vendor :ITTIA_DB I-CUBE-ITTIADB 8.9.0
2026-02-21 11:38:36,037 [INFO] ThirdParty:1030 - CMSIS Pack Vendor :STMicroelectronics X-CUBE-TOUCHGFX 4.26.0
2026-02-21 11:38:36,037 [INFO] ThirdParty:1030 - CMSIS Pack Vendor :STMicroelectronics X-CUBE-STSE01 1.0.0
2026-02-21 11:38:36,037 [INFO] ThirdParty:1030 - CMSIS Pack Vendor :STMicroelectronics X-CUBE-NFC6 3.2.0
2026-02-21 11:38:36,037 [INFO] ThirdParty:1030 - CMSIS Pack Vendor :STMicroelectronics X-CUBE-ST67W61 1.0.0
2026-02-21 11:38:36,037 [INFO] ThirdParty:1030 - CMSIS Pack Vendor :STMicroelectronics FP-SNS-STBOX1 2.1.0
2026-02-21 11:38:36,037 [INFO] ThirdParty:1030 - CMSIS Pack Vendor :STMicroelectronics X-CUBE-AI 10.2.0
2026-02-21 11:38:36,037 [INFO] ThirdParty:1030 - CMSIS Pack Vendor :STMicroelectronics FP-SNS-STAIOTCFT 1.0.0
2026-02-21 11:38:36,037 [INFO] ThirdParty:1030 - CMSIS Pack Vendor :STMicroelectronics ThreadX 1.0.0
2026-02-21 11:38:36,037 [INFO] ThirdParty:1030 - CMSIS Pack Vendor :STMicroelectronics FP-SNS-SMARTAG2 1.2.0
2026-02-21 11:38:36,037 [INFO] ThirdParty:1030 - CMSIS Pack Vendor :STMicroelectronics FP-SNS-FLIGHT1 5.1.0
2026-02-21 11:38:36,037 [INFO] ThirdParty:1030 - CMSIS Pack Vendor :STMicroelectronics X-CUBE-AZRTOS-WL 2.0.0
2026-02-21 11:38:36,037 [INFO] ThirdParty:1030 - CMSIS Pack Vendor :SEGGER I-CUBE-embOS 1.3.1
2026-02-21 11:38:36,037 [INFO] ThirdParty:1030 - CMSIS Pack Vendor :STMicroelectronics X-CUBE-ALGOBUILD 1.4.0
2026-02-21 11:38:36,037 [INFO] ThirdParty:1030 - CMSIS Pack Vendor :STMicroelectronics X-CUBE-DPower 1.3.0
2026-02-21 11:38:36,037 [INFO] ThirdParty:1030 - CMSIS Pack Vendor :STMicroelectronics X-CUBE-MEMS1 11.3.0
2026-02-21 11:38:36,037 [INFO] ThirdParty:1030 - CMSIS Pack Vendor :STMicroelectronics FP-SNS-MOTENV1 5.0.0
2026-02-21 11:38:36,037 [INFO] ThirdParty:1030 - CMSIS Pack Vendor :STMicroelectronics USB_DEVICE 1.0.0
2026-02-21 11:38:36,037 [INFO] ThirdParty:1030 - CMSIS Pack Vendor :STMicroelectronics X-CUBE-AZRTOS-H7RS 1.2.0
2026-02-21 11:38:36,037 [INFO] ThirdParty:1030 - CMSIS Pack Vendor :STMicroelectronics X-CUBE-AZRTOS-L4 2.0.0
2026-02-21 11:38:36,037 [INFO] ThirdParty:1030 - CMSIS Pack Vendor :STMicroelectronics ThreadX 0.0.2
2026-02-21 11:38:36,037 [INFO] ThirdParty:1030 - CMSIS Pack Vendor :STMicroelectronics lwIP 2.1.2
2026-02-21 11:38:36,037 [INFO] ThirdParty:1030 - CMSIS Pack Vendor :STMicroelectronics X-CUBE-SFXS2LP1 4.0.0
2026-02-21 11:38:36,037 [INFO] ThirdParty:1030 - CMSIS Pack Vendor :STMicroelectronics X-CUBE-BLE2 3.3.0
2026-02-21 11:38:36,037 [INFO] ThirdParty:1030 - CMSIS Pack Vendor :Avnet-IOTCONNECT X-CUBE-iotc-st67-sdk 1.0.0
2026-02-21 11:38:36,037 [INFO] ThirdParty:1030 - CMSIS Pack Vendor :STMicroelectronics X-CUBE-TOF1 3.4.3
2026-02-21 11:38:36,037 [INFO] ThirdParty:1030 - CMSIS Pack Vendor :STMicroelectronics PDM2PCM 3.2.0
2026-02-21 11:38:36,038 [INFO] ThirdParty:1030 - CMSIS Pack Vendor :STMicroelectronics X-CUBE-ST67W61 1.2.0
2026-02-21 11:38:36,038 [INFO] ThirdParty:841 - exiting critical section [change project]
2026-02-21 11:38:36,428 [INFO] PinOutPanel:1589 - setPackage(No Configuration,No Configuration)
2026-02-21 11:38:36,429 [INFO] PinOutPanel:1589 - setPackage(STM32F407VGTx,LQFP100)
2026-02-21 11:38:36,629 [INFO] UtilMem:75 - Before build in PCC Used Memory: 914272672 Bytes (1073741824)
2026-02-21 11:38:36,837 [INFO] UtilMem:75 - After build in PCC Used Memory: 958335176 Bytes (1073741824)
2026-02-21 11:38:36,864 [INFO] IPUIPlugin:80 - create IPUIPlugin
2026-02-21 11:38:36,864 [INFO] IPUIPlugin:80 - create IPUIPlugin
2026-02-21 11:38:36,864 [INFO] IPUIPlugin:80 - create IPUIPlugin
2026-02-21 11:38:36,864 [INFO] IPUIPlugin:80 - create IPUIPlugin
2026-02-21 11:38:36,864 [INFO] IPUIPlugin:80 - create IPUIPlugin
2026-02-21 11:38:36,865 [INFO] IPUIPlugin:80 - create IPUIPlugin
2026-02-21 11:38:36,865 [INFO] IPUIPlugin:80 - create IPUIPlugin
2026-02-21 11:38:36,865 [INFO] IPUIPlugin:80 - create IPUIPlugin
2026-02-21 11:38:36,865 [INFO] IPUIPlugin:80 - create IPUIPlugin
2026-02-21 11:38:36,865 [INFO] IPUIPlugin:80 - create IPUIPlugin
2026-02-21 11:38:36,865 [INFO] IPUIPlugin:80 - create IPUIPlugin
2026-02-21 11:38:36,865 [INFO] IPUIPlugin:80 - create IPUIPlugin
2026-02-21 11:38:36,865 [INFO] IPUIPlugin:80 - create IPUIPlugin
2026-02-21 11:38:36,865 [INFO] IPUIPlugin:80 - create IPUIPlugin
2026-02-21 11:38:36,865 [INFO] IPUIPlugin:80 - create IPUIPlugin
2026-02-21 11:38:36,865 [INFO] IPUIPlugin:80 - create IPUIPlugin
2026-02-21 11:38:36,865 [INFO] IPUIPlugin:80 - create IPUIPlugin
2026-02-21 11:38:36,866 [INFO] IPUIPlugin:80 - create IPUIPlugin
2026-02-21 11:38:36,866 [INFO] IPUIPlugin:80 - create IPUIPlugin
2026-02-21 11:38:36,866 [INFO] IPUIPlugin:80 - create IPUIPlugin
2026-02-21 11:38:36,866 [INFO] IPUIPlugin:80 - create IPUIPlugin
2026-02-21 11:38:36,866 [INFO] IPUIPlugin:80 - create IPUIPlugin
2026-02-21 11:38:36,866 [INFO] IPUIPlugin:80 - create IPUIPlugin
2026-02-21 11:38:36,867 [INFO] IPUIPlugin:80 - create IPUIPlugin
2026-02-21 11:38:36,867 [INFO] IPUIPlugin:80 - create IPUIPlugin
2026-02-21 11:38:36,867 [INFO] IPUIPlugin:80 - create IPUIPlugin
2026-02-21 11:38:36,867 [INFO] IPUIPlugin:80 - create IPUIPlugin
2026-02-21 11:38:36,867 [INFO] IPUIPlugin:80 - create IPUIPlugin
2026-02-21 11:38:36,868 [INFO] IPUIPlugin:80 - create IPUIPlugin
2026-02-21 11:38:36,868 [INFO] IPUIPlugin:80 - create IPUIPlugin
2026-02-21 11:38:36,868 [INFO] IPUIPlugin:80 - create IPUIPlugin
2026-02-21 11:38:36,868 [INFO] IPUIPlugin:80 - create IPUIPlugin
2026-02-21 11:38:36,868 [INFO] IPUIPlugin:80 - create IPUIPlugin
2026-02-21 11:38:36,869 [INFO] IPUIPlugin:80 - create IPUIPlugin
2026-02-21 11:38:36,869 [INFO] IPUIPlugin:80 - create IPUIPlugin
2026-02-21 11:38:36,869 [INFO] IPUIPlugin:80 - create IPUIPlugin
2026-02-21 11:38:36,869 [INFO] IPUIPlugin:80 - create IPUIPlugin
2026-02-21 11:38:36,869 [INFO] IPUIPlugin:80 - create IPUIPlugin
2026-02-21 11:38:36,870 [INFO] IPUIPlugin:80 - create IPUIPlugin
2026-02-21 11:38:36,870 [INFO] IPUIPlugin:80 - create IPUIPlugin
2026-02-21 11:38:36,870 [INFO] IPUIPlugin:80 - create IPUIPlugin
2026-02-21 11:38:36,870 [INFO] IPUIPlugin:80 - create IPUIPlugin
2026-02-21 11:38:36,870 [INFO] IPUIPlugin:80 - create IPUIPlugin
2026-02-21 11:38:36,871 [INFO] IPUIPlugin:80 - create IPUIPlugin
2026-02-21 11:38:36,871 [INFO] IPUIPlugin:80 - create IPUIPlugin
2026-02-21 11:38:36,871 [INFO] IPUIPlugin:80 - create IPUIPlugin
2026-02-21 11:38:36,871 [INFO] IPUIPlugin:80 - create IPUIPlugin
2026-02-21 11:38:36,872 [INFO] IPUIPlugin:80 - create IPUIPlugin
2026-02-21 11:38:36,872 [INFO] IPUIPlugin:80 - create IPUIPlugin
2026-02-21 11:38:36,873 [INFO] IPUIPlugin:80 - create IPUIPlugin
2026-02-21 11:38:36,873 [INFO] IPUIPlugin:80 - create IPUIPlugin
2026-02-21 11:38:36,873 [INFO] IPUIPlugin:80 - create IPUIPlugin
2026-02-21 11:38:36,874 [INFO] IPUIPlugin:80 - create IPUIPlugin
2026-02-21 11:38:36,875 [INFO] IPUIPlugin:80 - create IPUIPlugin
2026-02-21 11:38:36,875 [INFO] IPUIPlugin:80 - create IPUIPlugin
2026-02-21 11:38:36,876 [INFO] IPUIPlugin:80 - create IPUIPlugin
2026-02-21 11:38:36,877 [INFO] IPUIPlugin:80 - create IPUIPlugin
2026-02-21 11:38:36,878 [INFO] IPUIPlugin:80 - create IPUIPlugin
2026-02-21 11:38:36,881 [INFO] ApiDbMcu:532 - Load IP Config File for PDM2PCM
2026-02-21 11:38:36,918 [INFO] CADModel:165 - CPN selected for project levelSTM32F407VGT6
2026-02-21 11:38:36,918 [INFO] CADModel:114 - Register for checkConnection events
2026-02-21 11:38:36,987 [INFO] OpenFileManager:386 - Restore cursor
2026-02-21 11:39:35,459 [INFO] NvicIntPanel:101 - NVIC parent = com.st.microxplorer.plugins.ip.nvic.MultiNvicIntPanel[,0,0,0x0,invalid,layout=javax.swing.BoxLayout,alignmentX=0.0,alignmentY=0.0,border=,flags=9,maximumSize=,minimumSize=,preferredSize=]
2026-02-21 11:40:14,147 [WARN] IP:2250 - I2C_Coeff_DF not found: check if there is a RefParameter without a condition.
2026-02-21 11:40:14,148 [WARN] IP:2250 - Analog_Filter not found: check if there is a RefParameter without a condition.
2026-02-21 11:40:14,163 [WARN] IP:2250 - I2C_Coeff_DF not found: check if there is a RefParameter without a condition.
2026-02-21 11:40:14,163 [WARN] IP:2250 - Analog_Filter not found: check if there is a RefParameter without a condition.
2026-02-21 11:40:14,163 [WARN] IP:2250 - I2C_Coeff_DF not found: check if there is a RefParameter without a condition.
2026-02-21 11:40:14,163 [WARN] IP:2250 - Analog_Filter not found: check if there is a RefParameter without a condition.
2026-02-21 11:40:14,226 [WARN] IP:2250 - I2C_Coeff_DF not found: check if there is a RefParameter without a condition.
2026-02-21 11:40:14,226 [WARN] IP:2250 - Analog_Filter not found: check if there is a RefParameter without a condition.
2026-02-21 11:40:14,228 [WARN] IP:2250 - I2C_Coeff_DF not found: check if there is a RefParameter without a condition.
2026-02-21 11:40:14,228 [WARN] IP:2250 - Analog_Filter not found: check if there is a RefParameter without a condition.
2026-02-21 11:40:18,520 [WARN] IP:2250 - I2C_Coeff_DF not found: check if there is a RefParameter without a condition.
2026-02-21 11:40:18,776 [WARN] IP:2250 - Analog_Filter not found: check if there is a RefParameter without a condition.
2026-02-21 11:40:29,713 [INFO] Gpio:278 - dependency for GPIO [I2C2, USART2]
2026-02-21 11:41:42,943 [INFO] Gpio:278 - dependency for GPIO [I2C2, USART2]
2026-02-21 11:42:54,206 [INFO] Mcu:1682 - InternalPropertyChange: try BijectiveRequest:PWM Generation CH1
2026-02-21 11:43:06,604 [INFO] Mcu:1682 - InternalPropertyChange: try BijectiveRequest:PWM Generation CH1
2026-02-21 11:43:44,272 [WARN] IP:2250 - I2C_Coeff_DF not found: check if there is a RefParameter without a condition.
2026-02-21 11:43:44,272 [WARN] IP:2250 - Analog_Filter not found: check if there is a RefParameter without a condition.
2026-02-21 12:04:12,406 [INFO] UtilMem:75 - End SaveConfig() Used Memory: 779847376 Bytes (1073741824)
2026-02-21 12:04:14,037 [INFO] UtilMem:75 - End SaveConfig() Used Memory: 703246576 Bytes (1073741824)
2026-02-21 12:04:18,138 [INFO] UtilMem:75 - End SaveConfig() Used Memory: 802098568 Bytes (1073741824)
2026-02-21 12:04:18,500 [INFO] BlockDiagram:2775 - set Specific Code input for plugin: TIM1_8
2026-02-21 12:04:18,502 [INFO] BlockDiagram:2775 - set Specific Code input for plugin: TIM1_8
2026-02-21 12:04:18,502 [INFO] BlockDiagram:2775 - set Specific Code input for plugin: SYS
2026-02-21 12:04:18,502 [INFO] BlockDiagram:2775 - set Specific Code input for plugin: RCC
2026-02-21 12:04:18,502 [INFO] BlockDiagram:2775 - set Specific Code input for plugin: I2C
2026-02-21 12:04:18,502 [INFO] BlockDiagram:2775 - set Specific Code input for plugin: NVIC
2026-02-21 12:04:18,502 [INFO] BlockDiagram:2775 - set Specific Code input for plugin: USART
2026-02-21 12:04:18,502 [INFO] BlockDiagram:2775 - set Specific Code input for plugin: TIM1_8
2026-02-21 12:04:18,502 [INFO] BlockDiagram:2775 - set Specific Code input for plugin: TIM1_8
2026-02-21 12:04:18,502 [INFO] BlockDiagram:2775 - set Specific Code input for plugin: TIM1_8
2026-02-21 12:04:18,502 [INFO] BlockDiagram:2775 - set Specific Code input for plugin: TIM1_8
2026-02-21 12:04:18,502 [INFO] BlockDiagram:2775 - set Specific Code input for plugin: GPIO
2026-02-21 12:04:18,504 [INFO] CodeGenerator:892 - code generatio: config db path: C:\STM\STM32CubeIDE_1.19.0\STM32CubeIDE\plugins\com.st.stm32cube.common.mx_6.15.0.202507011659\\db\
2026-02-21 12:04:18,509 [WARN] IP:2250 - I2C_Coeff_DF not found: check if there is a RefParameter without a condition.
2026-02-21 12:04:18,510 [WARN] IP:2250 - Analog_Filter not found: check if there is a RefParameter without a condition.
2026-02-21 12:04:18,866 [INFO] CodeEngine:265 - oldGeneratedFile, G:\WINDOWS\EVERYTHING\COLLEGE\AUTOMATONS\STM32_\0016_MECANNUM_CLIMBING\MXTmpFiles\license.tmp_save
2026-02-21 12:04:19,606 [INFO] CodeEngine:289 - Generated code: G:\WINDOWS\EVERYTHING\COLLEGE\AUTOMATONS\STM32_\0016_MECANNUM_CLIMBING\MXTmpFiles\license.tmp
2026-02-21 12:04:19,890 [INFO] CodeEngine:265 - oldGeneratedFile, G:\WINDOWS\EVERYTHING\COLLEGE\AUTOMATONS\STM32_\0016_MECANNUM_CLIMBING\MXTmpFiles\gpio.tmp_save
2026-02-21 12:04:20,218 [INFO] CodeEngine:289 - Generated code: G:\WINDOWS\EVERYTHING\COLLEGE\AUTOMATONS\STM32_\0016_MECANNUM_CLIMBING\MXTmpFiles\gpio.tmp
2026-02-21 12:04:21,081 [INFO] CodeEngine:265 - oldGeneratedFile, G:\WINDOWS\EVERYTHING\COLLEGE\AUTOMATONS\STM32_\0016_MECANNUM_CLIMBING\Core\Src\stm32f4xx_it.c_save
2026-02-21 12:04:21,517 [INFO] CodeEngine:289 - Generated code: G:\WINDOWS\EVERYTHING\COLLEGE\AUTOMATONS\STM32_\0016_MECANNUM_CLIMBING\Core\Src\stm32f4xx_it.c
2026-02-21 12:04:21,525 [INFO] CodeEngine:265 - oldGeneratedFile, G:\WINDOWS\EVERYTHING\COLLEGE\AUTOMATONS\STM32_\0016_MECANNUM_CLIMBING\Core\Inc\stm32f4xx_it.h_save
2026-02-21 12:04:21,668 [INFO] CodeEngine:289 - Generated code: G:\WINDOWS\EVERYTHING\COLLEGE\AUTOMATONS\STM32_\0016_MECANNUM_CLIMBING\Core\Inc\stm32f4xx_it.h
2026-02-21 12:04:21,688 [INFO] CodeEngine:265 - oldGeneratedFile, G:\WINDOWS\EVERYTHING\COLLEGE\AUTOMATONS\STM32_\0016_MECANNUM_CLIMBING\Core\Src\stm32f4xx_hal_msp.c_save
2026-02-21 12:04:22,040 [INFO] CodeEngine:289 - Generated code: G:\WINDOWS\EVERYTHING\COLLEGE\AUTOMATONS\STM32_\0016_MECANNUM_CLIMBING\Core\Src\stm32f4xx_hal_msp.c
2026-02-21 12:04:22,050 [INFO] CodeEngine:265 - oldGeneratedFile, G:\WINDOWS\EVERYTHING\COLLEGE\AUTOMATONS\STM32_\0016_MECANNUM_CLIMBING\MXTmpFiles\system.tmp_save
2026-02-21 12:04:22,138 [INFO] CodeEngine:289 - Generated code: G:\WINDOWS\EVERYTHING\COLLEGE\AUTOMATONS\STM32_\0016_MECANNUM_CLIMBING\MXTmpFiles\system.tmp
2026-02-21 12:04:22,157 [INFO] CodeEngine:321 - oldGeneratedFile, G:\WINDOWS\EVERYTHING\COLLEGE\AUTOMATONS\STM32_\0016_MECANNUM_CLIMBING\Core\Inc\stm32f4xx_hal_conf.h_save
2026-02-21 12:04:22,314 [INFO] CodeEngine:345 - Generated code: G:\WINDOWS\EVERYTHING\COLLEGE\AUTOMATONS\STM32_\0016_MECANNUM_CLIMBING\Core\Inc\stm32f4xx_hal_conf.h
2026-02-21 12:04:22,352 [INFO] ApiDbMcu:532 - Load IP Config File for I2C2
2026-02-21 12:04:22,372 [INFO] ApiDbMcu:532 - Load IP Config File for TIM3
2026-02-21 12:04:22,401 [INFO] ApiDbMcu:532 - Load IP Config File for TIM4
2026-02-21 12:04:22,421 [INFO] ApiDbMcu:532 - Load IP Config File for TIM9
2026-02-21 12:04:22,441 [INFO] ApiDbMcu:532 - Load IP Config File for TIM12
2026-02-21 12:04:22,459 [INFO] ApiDbMcu:532 - Load IP Config File for TIM13
2026-02-21 12:04:22,480 [INFO] ApiDbMcu:532 - Load IP Config File for TIM14
2026-02-21 12:04:22,489 [INFO] ApiDbMcu:532 - Load IP Config File for USART2
2026-02-21 12:04:22,494 [INFO] ApiDbMcu:532 - Load IP Config File for RCC
2026-02-21 12:04:22,499 [WARN] IPConfigManager:3811 - IP not found : TIM
2026-02-21 12:04:22,502 [WARN] CodeGenerator:4259 - IP not found : null
2026-02-21 12:04:22,517 [INFO] CodeEngine:265 - oldGeneratedFile, G:\WINDOWS\EVERYTHING\COLLEGE\AUTOMATONS\STM32_\0016_MECANNUM_CLIMBING\Core\Inc\main.h_save
2026-02-21 12:04:22,687 [INFO] CodeEngine:289 - Generated code: G:\WINDOWS\EVERYTHING\COLLEGE\AUTOMATONS\STM32_\0016_MECANNUM_CLIMBING\Core\Inc\main.h
2026-02-21 12:04:22,703 [INFO] CodeEngine:265 - oldGeneratedFile, G:\WINDOWS\EVERYTHING\COLLEGE\AUTOMATONS\STM32_\0016_MECANNUM_CLIMBING\Core\Src\main.c_save
2026-02-21 12:04:22,953 [INFO] CodeEngine:289 - Generated code: G:\WINDOWS\EVERYTHING\COLLEGE\AUTOMATONS\STM32_\0016_MECANNUM_CLIMBING\Core\Src\main.c
2026-02-21 12:04:23,967 [INFO] ProjectBuilder:3606 - Time for Copy HAL[1] : 351mS.
2026-02-21 12:04:23,985 [INFO] ProjectBuilder:5216 - Project Generator version: 4.7.0-B52
2026-02-21 12:04:24,211 [INFO] ConfigFileManager:1595 - The Die is : DIE413
2026-02-21 12:04:24,223 [INFO] ApiDbMcu:532 - Load IP Config File for FATFS
2026-02-21 12:04:24,240 [INFO] ApiDbMcu:532 - Load IP Config File for FREERTOS
2026-02-21 12:04:24,244 [INFO] ApiDbMcu:532 - Load IP Config File for LIBJPEG
2026-02-21 12:04:24,270 [INFO] ApiDbMcu:532 - Load IP Config File for LWIP
2026-02-21 12:04:24,291 [INFO] ApiDbMcu:532 - Load IP Config File for MBEDTLS
2026-02-21 12:04:24,323 [INFO] ApiDbMcu:532 - Load IP Config File for USB_DEVICE
2026-02-21 12:04:24,336 [INFO] ApiDbMcu:532 - Load IP Config File for USB_HOST
2026-02-21 12:04:29,903 [INFO] ProjectBuilder:5496 - Time for Generating toolchain IDE Files: 5918mS.
2026-02-21 12:04:29,906 [INFO] ProjectBuilder:3463 - Time for Copy CMSIS : 3mS.
2026-02-21 12:04:29,908 [INFO] ProjectBuilder:3463 - Time for Copy CMSIS : 0mS.
2026-02-21 12:28:37,336 [ERROR] LogOutputStream:75 - [STDERR_REDIRECT] 
