2026-02-19 19:46:40,268 [INFO] Activator:176 - 


2026-02-19 19:46:40,269 [INFO] Activator:177 - !SESSION log4j initialized
2026-02-19 19:46:43,906 [INFO] LogOutputStream:77 - [STDOUT_REDIRECT] 
2026-02-19 19:46:45,845 [INFO] ApplicationProperties:184 - Using Application install path: C:\STM\STM32CubeIDE_1.19.0\STM32CubeIDE\plugins\com.st.stm32cube.common.mx_6.15.0.202507011659
2026-02-19 19:46:45,869 [INFO] DbMcusXml:78 - Set database path to: C:\STM\STM32CubeIDE_1.19.0\STM32CubeIDE\plugins\com.st.stm32cube.common.mx_6.15.0.202507011659\\db\/mcu/
2026-02-19 19:46:45,869 [INFO] ApiDb:274 - Set plugin database path to: C:\STM\STM32CubeIDE_1.19.0\STM32CubeIDE\plugins\com.st.stm32cube.common.mx_6.15.0.202507011659\\db\/plugins/boardmanager/
2026-02-19 19:46:45,871 [WARN] ApiDb:259 - Overriding images path with different value:  => C:\STM\STM32CubeIDE_1.19.0\STM32CubeIDE\plugins\com.st.stm32cube.common.mx_6.15.0.202507011659\\db\/plugins/mcufinder/images/
2026-02-19 19:46:45,879 [INFO] ApiDb:250 - Set database path to: C:\Users\Atreya\.stmcufinder\plugins\mcufinder//mcu/
2026-02-19 19:46:45,880 [INFO] DbMcusAds:125 - Set database path to: C:\Users\Atreya\.stmcufinder\plugins\mcufinder//mcu/
2026-02-19 19:46:45,883 [INFO] CrossReferenceDbSqlite:203 - Set database path to: C:\Users\Atreya\.stmcufinder\plugins\mcufinder//mcu/cs/
2026-02-19 19:46:46,000 [INFO] RulesReader:64 - Compatibility file has been processed (317 Rules)
2026-02-19 19:46:46,082 [INFO] DbMcusXml:78 - Set database path to: C:\STM\STM32CubeIDE_1.19.0\STM32CubeIDE\plugins\com.st.stm32cube.common.mx_6.15.0.202507011659\\db\/mcu/
2026-02-19 19:46:46,082 [INFO] ApiDb:274 - Set plugin database path to: C:\STM\STM32CubeIDE_1.19.0\STM32CubeIDE\plugins\com.st.stm32cube.common.mx_6.15.0.202507011659\\db\/plugins/boardmanager/
2026-02-19 19:46:46,082 [INFO] ApiDb:261 - Set plugin images path to: C:\STM\STM32CubeIDE_1.19.0\STM32CubeIDE\plugins\com.st.stm32cube.common.mx_6.15.0.202507011659\\db\/plugins/mcufinder/images/
2026-02-19 19:46:46,082 [WARN] DbFile:41 - Overriding database path with different value: C:\Users\Atreya\.stmcufinder\plugins\mcufinder/ => C:\Users\Atreya\.stmcufinder\plugins\mcufinder
2026-02-19 19:46:46,082 [INFO] ApiDb:250 - Set database path to: C:\Users\Atreya\.stmcufinder\plugins\mcufinder//mcu/
2026-02-19 19:46:46,082 [WARN] DbFile:41 - Overriding database path with different value: C:\Users\Atreya\.stmcufinder\plugins\mcufinder/ => C:\Users\Atreya\.stmcufinder\plugins\mcufinder
2026-02-19 19:46:46,082 [INFO] DbMcusAds:125 - Set database path to: C:\Users\Atreya\.stmcufinder\plugins\mcufinder//mcu/
2026-02-19 19:46:46,082 [WARN] DbFile:41 - Overriding database path with different value: C:\Users\Atreya\.stmcufinder\plugins\mcufinder/ => C:\Users\Atreya\.stmcufinder\plugins\mcufinder
2026-02-19 19:46:46,083 [WARN] DbFile:41 - Overriding database path with different value: C:\Users\Atreya\.stmcufinder\plugins\mcufinder/ => C:\Users\Atreya\.stmcufinder\plugins\mcufinder
2026-02-19 19:46:46,083 [INFO] CrossReferenceDbSqlite:203 - Set database path to: C:\Users\Atreya\.stmcufinder\plugins\mcufinder//mcu/cs/
2026-02-19 19:46:46,159 [INFO] MainPanel:274 - HeapMemory: 268435456
2026-02-19 19:46:46,279 [INFO] DbMcusXml:78 - Set database path to: C:\STM\STM32CubeIDE_1.19.0\STM32CubeIDE\plugins\com.st.stm32cube.common.mx_6.15.0.202507011659\\db\/mcu/
2026-02-19 19:46:46,279 [INFO] ApiDb:274 - Set plugin database path to: C:\STM\STM32CubeIDE_1.19.0\STM32CubeIDE\plugins\com.st.stm32cube.common.mx_6.15.0.202507011659\\db\/plugins/boardmanager/
2026-02-19 19:46:46,279 [INFO] ApiDb:261 - Set plugin images path to: C:\STM\STM32CubeIDE_1.19.0\STM32CubeIDE\plugins\com.st.stm32cube.common.mx_6.15.0.202507011659\\db\/plugins/mcufinder/images/
2026-02-19 19:46:46,279 [WARN] DbFile:41 - Overriding database path with different value: C:\Users\Atreya\.stmcufinder\plugins\mcufinder/ => C:\Users\Atreya\.stmcufinder\plugins\mcufinder
2026-02-19 19:46:46,279 [INFO] ApiDb:250 - Set database path to: C:\Users\Atreya\.stmcufinder\plugins\mcufinder//mcu/
2026-02-19 19:46:46,280 [WARN] DbFile:41 - Overriding database path with different value: C:\Users\Atreya\.stmcufinder\plugins\mcufinder/ => C:\Users\Atreya\.stmcufinder\plugins\mcufinder
2026-02-19 19:46:46,280 [INFO] DbMcusAds:125 - Set database path to: C:\Users\Atreya\.stmcufinder\plugins\mcufinder//mcu/
2026-02-19 19:46:46,280 [WARN] DbFile:41 - Overriding database path with different value: C:\Users\Atreya\.stmcufinder\plugins\mcufinder/ => C:\Users\Atreya\.stmcufinder\plugins\mcufinder
2026-02-19 19:46:46,280 [WARN] DbFile:41 - Overriding database path with different value: C:\Users\Atreya\.stmcufinder\plugins\mcufinder/ => C:\Users\Atreya\.stmcufinder\plugins\mcufinder
2026-02-19 19:46:46,280 [INFO] CrossReferenceDbSqlite:203 - Set database path to: C:\Users\Atreya\.stmcufinder\plugins\mcufinder//mcu/cs/
2026-02-19 19:46:46,296 [INFO] ApplicationProperties:184 - Using Application install path: C:\STM\STM32CubeIDE_1.19.0\STM32CubeIDE\plugins\com.st.stm32cube.common.mx_6.15.0.202507011659
2026-02-19 19:46:46,298 [INFO] PluginManage:196 - Search for loadable plugins [exclusion list=, ]
2026-02-19 19:46:46,300 [INFO] PluginManage:310 - Check plugin analytics
2026-02-19 19:46:46,494 [INFO] AnalyticsPlugin:253 - Accepted Software Licenses: 
2026-02-19 19:46:46,494 [INFO] AnalyticsPlugin:255 - Accepted CMSIS Pack Licenses: 
2026-02-19 19:46:46,495 [INFO] AnalyticsPlugin:257 - Accepted Firmware Licenses: FW.F4.1.28.0
2026-02-19 19:46:46,497 [INFO] PluginManage:359 - Loaded plugin analytics (category:tool,tabindex:-1)
2026-02-19 19:46:46,497 [INFO] PluginManage:310 - Check plugin cadmodel
2026-02-19 19:46:46,505 [INFO] CADModel:105 - Init CAD model plugin
2026-02-19 19:46:46,505 [INFO] PluginManage:359 - Loaded plugin cadmodel (category:power,tabindex:5)
2026-02-19 19:46:46,506 [INFO] PluginManage:310 - Check plugin clock
2026-02-19 19:46:46,518 [INFO] PluginManage:359 - Loaded plugin clock (category:base,tabindex:2)
2026-02-19 19:46:46,518 [INFO] PluginManage:310 - Check plugin ddr
2026-02-19 19:46:46,521 [INFO] PluginManage:359 - Loaded plugin ddr (category:tool,tabindex:6)
2026-02-19 19:46:46,522 [INFO] PluginManage:310 - Check plugin filemanager
2026-02-19 19:46:46,759 [INFO] PluginManage:359 - Loaded plugin filemanager (category:base,tabindex:10)
2026-02-19 19:46:46,759 [INFO] PluginManage:310 - Check plugin ipmanager
2026-02-19 19:46:46,767 [INFO] PluginManage:359 - Loaded plugin ipmanager (category:base,tabindex:5)
2026-02-19 19:46:46,767 [INFO] PluginManage:310 - Check plugin lpbam
2026-02-19 19:46:46,776 [INFO] PluginManage:359 - Loaded plugin lpbam (category:base,tabindex:0)
2026-02-19 19:46:46,776 [INFO] PluginManage:310 - Check plugin memorymap
2026-02-19 19:46:46,790 [INFO] PluginManage:359 - Loaded plugin memorymap (category:base,tabindex:4)
2026-02-19 19:46:46,790 [INFO] PluginManage:310 - Check plugin pinoutandconfiguration
2026-02-19 19:46:46,800 [INFO] PluginManage:359 - Loaded plugin pinoutandconfiguration (category:base,tabindex:1)
2026-02-19 19:46:46,800 [INFO] PluginManage:310 - Check plugin pinoutconfig
2026-02-19 19:46:46,889 [WARN] SupportedApi:132 - Cannot load RTOS API schema: s4s-elt-must-match.1: The content of 'definitions' must match (annotation?, (simpleType | complexType)?, (unique | key | keyref)*)). A problem was found starting at: attribute.
2026-02-19 19:46:47,026 [INFO] PluginManage:359 - Loaded plugin pinoutconfig (category:base,tabindex:0)
2026-02-19 19:46:47,026 [INFO] PluginManage:310 - Check plugin power
2026-02-19 19:46:47,036 [INFO] PluginManage:359 - Loaded plugin power (category:power,tabindex:4)
2026-02-19 19:46:47,036 [INFO] PluginManage:310 - Check plugin projectmanager
2026-02-19 19:46:47,056 [INFO] PluginManage:359 - Loaded plugin projectmanager (category:projectmanager,tabindex:4)
2026-02-19 19:46:47,056 [INFO] PluginManage:310 - Check plugin rif
2026-02-19 19:46:47,068 [INFO] PluginManage:359 - Loaded plugin rif (category:base,tabindex:3)
2026-02-19 19:46:47,068 [INFO] PluginManage:310 - Check plugin thirdparty
2026-02-19 19:46:47,246 [INFO] PluginManage:359 - Loaded plugin thirdparty (category:base,tabindex:-1)
2026-02-19 19:46:47,247 [INFO] PluginManage:310 - Check plugin tools
2026-02-19 19:46:47,246 [WARN] IntegrityCheckThread:84 - waiting for thirdparty lock release [integrity check]
2026-02-19 19:46:47,247 [INFO] IntegrityCheckThread:86 - entering critical section [integrity check]
2026-02-19 19:46:47,247 [INFO] ThirdPartyUpdaterWithRetryManager:70 - Updater plugin not ready yet. [1/15]
2026-02-19 19:46:47,250 [INFO] PluginManage:359 - Loaded plugin tools (category:base,tabindex:7)
2026-02-19 19:46:47,251 [INFO] PluginManage:310 - Check plugin tutovideos
2026-02-19 19:46:47,464 [INFO] PluginManage:359 - Loaded plugin tutovideos (category:base,tabindex:-1)
2026-02-19 19:46:47,464 [INFO] PluginManage:310 - Check plugin updater
2026-02-19 19:46:47,488 [INFO] PluginManage:359 - Loaded plugin updater (category:base,tabindex:12)
2026-02-19 19:46:47,488 [INFO] PluginManage:310 - Check plugin userauth
2026-02-19 19:46:47,493 [INFO] UserAuth:118 - Init User Auth plugin
2026-02-19 19:46:47,494 [INFO] PluginManage:359 - Loaded plugin userauth (category:base,tabindex:14)
2026-02-19 19:46:47,494 [INFO] PluginManage:283 - PluginManage : Loaded plugins [18]
2026-02-19 19:46:47,714 [INFO] PinOutPanel:1589 - setPackage(No Configuration,No Configuration)
2026-02-19 19:46:47,798 [INFO] CADModel:165 - CPN selected for project level
2026-02-19 19:46:47,798 [INFO] CADModel:114 - Register for checkConnection events
2026-02-19 19:46:47,820 [INFO] IPUIPlugin:80 - create IPUIPlugin
2026-02-19 19:46:47,821 [INFO] PluginManager:220 - loadIPPluginJar : add adc
2026-02-19 19:46:47,825 [INFO] IPUIPlugin:80 - create IPUIPlugin
2026-02-19 19:46:47,825 [INFO] PluginManager:220 - loadIPPluginJar : add aes
2026-02-19 19:46:47,828 [INFO] IPUIPlugin:80 - create IPUIPlugin
2026-02-19 19:46:47,828 [INFO] PluginManager:220 - loadIPPluginJar : add can
2026-02-19 19:46:47,830 [INFO] IPUIPlugin:80 - create IPUIPlugin
2026-02-19 19:46:47,830 [INFO] PluginManager:220 - loadIPPluginJar : add comp
2026-02-19 19:46:47,833 [INFO] IPUIPlugin:80 - create IPUIPlugin
2026-02-19 19:46:47,833 [INFO] PluginManager:220 - loadIPPluginJar : add cryp
2026-02-19 19:46:47,837 [INFO] IPUIPlugin:80 - create IPUIPlugin
2026-02-19 19:46:47,837 [INFO] PluginManager:220 - loadIPPluginJar : add ddr_ctrl_phy
2026-02-19 19:46:47,841 [INFO] IPUIPlugin:80 - create IPUIPlugin
2026-02-19 19:46:47,841 [INFO] PluginManager:220 - loadIPPluginJar : add dfsdm
2026-02-19 19:46:47,848 [INFO] IPUIPlugin:80 - create IPUIPlugin
2026-02-19 19:46:47,848 [INFO] PluginManager:220 - loadIPPluginJar : add dma
2026-02-19 19:46:47,851 [INFO] IPUIPlugin:80 - create IPUIPlugin
2026-02-19 19:46:47,851 [INFO] PluginManager:220 - loadIPPluginJar : add dma3
2026-02-19 19:46:47,857 [INFO] IPUIPlugin:80 - create IPUIPlugin
2026-02-19 19:46:47,857 [INFO] PluginManager:220 - loadIPPluginJar : add extmemmanager
2026-02-19 19:46:47,860 [INFO] IPUIPlugin:80 - create IPUIPlugin
2026-02-19 19:46:47,860 [INFO] PluginManager:220 - loadIPPluginJar : add fatfs
2026-02-19 19:46:47,868 [INFO] IPUIPlugin:80 - create IPUIPlugin
2026-02-19 19:46:47,868 [INFO] PluginManager:220 - loadIPPluginJar : add fmc
2026-02-19 19:46:47,881 [INFO] IPUIPlugin:80 - create IPUIPlugin
2026-02-19 19:46:47,882 [INFO] PluginManager:220 - loadIPPluginJar : add freertos
2026-02-19 19:46:47,884 [INFO] IPUIPlugin:80 - create IPUIPlugin
2026-02-19 19:46:47,884 [INFO] PluginManager:220 - loadIPPluginJar : add genericplugin
2026-02-19 19:46:47,889 [INFO] IPUIPlugin:80 - create IPUIPlugin
2026-02-19 19:46:47,890 [INFO] PluginManager:220 - loadIPPluginJar : add gfxmmu
2026-02-19 19:46:47,895 [INFO] IPUIPlugin:80 - create IPUIPlugin
2026-02-19 19:46:47,896 [INFO] PluginManager:220 - loadIPPluginJar : add gic
2026-02-19 19:46:47,900 [INFO] IPUIPlugin:80 - create IPUIPlugin
2026-02-19 19:46:47,900 [INFO] PluginManager:220 - loadIPPluginJar : add gpio
2026-02-19 19:46:47,903 [INFO] IPUIPlugin:80 - create IPUIPlugin
2026-02-19 19:46:47,903 [INFO] PluginManager:220 - loadIPPluginJar : add gtzc
2026-02-19 19:46:47,907 [INFO] IPUIPlugin:80 - create IPUIPlugin
2026-02-19 19:46:47,908 [INFO] PluginManager:220 - loadIPPluginJar : add hash
2026-02-19 19:46:47,911 [INFO] IPUIPlugin:80 - create IPUIPlugin
2026-02-19 19:46:47,911 [INFO] PluginManager:220 - loadIPPluginJar : add i2c
2026-02-19 19:46:47,914 [INFO] IPUIPlugin:80 - create IPUIPlugin
2026-02-19 19:46:47,914 [INFO] PluginManager:220 - loadIPPluginJar : add i2s
2026-02-19 19:46:47,917 [INFO] IPUIPlugin:80 - create IPUIPlugin
2026-02-19 19:46:47,917 [INFO] PluginManager:220 - loadIPPluginJar : add i3c
2026-02-19 19:46:47,922 [INFO] IPUIPlugin:80 - create IPUIPlugin
2026-02-19 19:46:47,922 [INFO] PluginManager:220 - loadIPPluginJar : add ipddr
2026-02-19 19:46:47,931 [INFO] IPUIPlugin:80 - create IPUIPlugin
2026-02-19 19:46:47,931 [INFO] PluginManager:220 - loadIPPluginJar : add linkedlist
2026-02-19 19:46:47,935 [INFO] IPUIPlugin:80 - create IPUIPlugin
2026-02-19 19:46:47,935 [INFO] PluginManager:220 - loadIPPluginJar : add lorawan
2026-02-19 19:46:47,939 [INFO] IPUIPlugin:80 - create IPUIPlugin
2026-02-19 19:46:47,939 [INFO] PluginManager:220 - loadIPPluginJar : add ltdc
2026-02-19 19:46:47,947 [INFO] IPUIPlugin:80 - create IPUIPlugin
2026-02-19 19:46:47,947 [INFO] PluginManager:220 - loadIPPluginJar : add mdma
2026-02-19 19:46:47,952 [INFO] IPUIPlugin:80 - create IPUIPlugin
2026-02-19 19:46:47,953 [INFO] PluginManager:220 - loadIPPluginJar : add nvic
2026-02-19 19:46:47,958 [INFO] IPUIPlugin:80 - create IPUIPlugin
2026-02-19 19:46:47,958 [INFO] PluginManager:220 - loadIPPluginJar : add opamp
2026-02-19 19:46:47,962 [INFO] IPUIPlugin:80 - create IPUIPlugin
2026-02-19 19:46:47,962 [INFO] PluginManager:220 - loadIPPluginJar : add openamp
2026-02-19 19:46:47,967 [INFO] IPUIPlugin:80 - create IPUIPlugin
2026-02-19 19:46:47,967 [INFO] PluginManager:220 - loadIPPluginJar : add pdm2pcm
2026-02-19 19:46:47,975 [INFO] IPUIPlugin:80 - create IPUIPlugin
2026-02-19 19:46:47,977 [INFO] PluginManager:220 - loadIPPluginJar : add plateformsettings
2026-02-19 19:46:47,980 [INFO] IPUIPlugin:80 - create IPUIPlugin
2026-02-19 19:46:47,980 [INFO] PluginManager:220 - loadIPPluginJar : add quadspi
2026-02-19 19:46:47,982 [INFO] IPUIPlugin:80 - create IPUIPlugin
2026-02-19 19:46:47,983 [INFO] PluginManager:220 - loadIPPluginJar : add radio
2026-02-19 19:46:47,989 [INFO] IPUIPlugin:80 - create IPUIPlugin
2026-02-19 19:46:47,989 [INFO] PluginManager:220 - loadIPPluginJar : add resmgrutility
2026-02-19 19:46:47,993 [INFO] IPUIPlugin:80 - create IPUIPlugin
2026-02-19 19:46:47,993 [INFO] PluginManager:220 - loadIPPluginJar : add sai
2026-02-19 19:46:47,996 [INFO] IPUIPlugin:80 - create IPUIPlugin
2026-02-19 19:46:47,996 [INFO] PluginManager:220 - loadIPPluginJar : add spi
2026-02-19 19:46:48,003 [INFO] IPUIPlugin:80 - create IPUIPlugin
2026-02-19 19:46:48,004 [INFO] PluginManager:220 - loadIPPluginJar : add stm32_wpan
2026-02-19 19:46:48,007 [INFO] IPUIPlugin:80 - create IPUIPlugin
2026-02-19 19:46:48,007 [INFO] PluginManager:220 - loadIPPluginJar : add tim
2026-02-19 19:46:48,011 [INFO] IPUIPlugin:80 - create IPUIPlugin
2026-02-19 19:46:48,012 [INFO] PluginManager:220 - loadIPPluginJar : add touchsensing
2026-02-19 19:46:48,015 [INFO] IPUIPlugin:80 - create IPUIPlugin
2026-02-19 19:46:48,015 [INFO] PluginManager:220 - loadIPPluginJar : add tracer_emb
2026-02-19 19:46:48,018 [INFO] IPUIPlugin:80 - create IPUIPlugin
2026-02-19 19:46:48,019 [INFO] PluginManager:220 - loadIPPluginJar : add ts
2026-02-19 19:46:48,023 [INFO] IPUIPlugin:80 - create IPUIPlugin
2026-02-19 19:46:48,023 [INFO] PluginManager:220 - loadIPPluginJar : add tsc
2026-02-19 19:46:48,025 [INFO] IPUIPlugin:80 - create IPUIPlugin
2026-02-19 19:46:48,025 [INFO] PluginManager:220 - loadIPPluginJar : add ucpd
2026-02-19 19:46:48,028 [INFO] IPUIPlugin:80 - create IPUIPlugin
2026-02-19 19:46:48,028 [INFO] PluginManager:220 - loadIPPluginJar : add usart
2026-02-19 19:46:48,032 [INFO] IPUIPlugin:80 - create IPUIPlugin
2026-02-19 19:46:48,032 [INFO] PluginManager:220 - loadIPPluginJar : add usbx
2026-02-19 19:46:48,164 [FATAL] Updater:351 - Updater called before beeing initialized
2026-02-19 19:46:48,208 [INFO] RulesReader:64 - Compatibility file has been processed (317 Rules)
2026-02-19 19:46:48,223 [INFO] RulesReader:64 - Compatibility file has been processed (317 Rules)
2026-02-19 19:46:48,232 [INFO] CADModel:165 - CPN selected for project level
2026-02-19 19:46:48,232 [INFO] CADModel:114 - Register for checkConnection events
2026-02-19 19:46:48,232 [FATAL] Updater:351 - Updater called before beeing initialized
2026-02-19 19:46:48,233 [ERROR] CADModel:125 - Updater not yet initialized, retry later 
2026-02-19 19:46:48,370 [FATAL] Updater:351 - Updater called before beeing initialized
2026-02-19 19:46:48,374 [INFO] CADModel:165 - CPN selected for project level
2026-02-19 19:46:48,374 [INFO] CADModel:114 - Register for checkConnection events
2026-02-19 19:46:48,374 [FATAL] Updater:351 - Updater called before beeing initialized
2026-02-19 19:46:48,374 [ERROR] CADModel:125 - Updater not yet initialized, retry later 
2026-02-19 19:46:48,377 [FATAL] Updater:351 - Updater called before beeing initialized
2026-02-19 19:46:48,512 [FATAL] Updater:351 - Updater called before beeing initialized
2026-02-19 19:46:48,518 [INFO] DbMcusAds:53 - JSON generation date=Wed Feb 18 20:02:49 IST 2026 (1771425169665)
2026-02-19 19:46:48,518 [FATAL] Updater:351 - Updater called before beeing initialized
2026-02-19 19:46:48,552 [WARN] DetailPanel:346 - Failed to get advertising image, set to default
2026-02-19 19:46:48,624 [FATAL] Updater:351 - Updater called before beeing initialized
2026-02-19 19:46:48,626 [FATAL] Updater:351 - Updater called before beeing initialized
2026-02-19 19:46:48,626 [FATAL] Updater:351 - Updater called before beeing initialized
2026-02-19 19:46:48,626 [WARN] DetailPanel:346 - Failed to get advertising image, set to default
2026-02-19 19:46:48,627 [FATAL] Updater:351 - Updater called before beeing initialized
2026-02-19 19:46:48,670 [ERROR] Updater:1198 - MainUpdater not yet initialized. External WinMGr cannot be set.
2026-02-19 19:46:48,673 [INFO] Updater:1134 - Updater Version found : 6.15.0
2026-02-19 19:46:48,691 [INFO] ApplicationProperties:184 - Using Application install path: C:\STM\STM32CubeIDE_1.19.0\STM32CubeIDE\plugins\com.st.stm32cube.common.mx_6.15.0.202507011659
2026-02-19 19:46:50,249 [INFO] ThirdPartyUpdaterWithRetryManager:70 - Updater plugin not ready yet. [2/15]
2026-02-19 19:46:50,268 [ERROR] LogOutputStream:75 - [STDERR_REDIRECT] Feb 19, 2026 7:46:50 PM java.util.prefs.WindowsPreferences <init>
2026-02-19 19:46:50,270 [ERROR] LogOutputStream:75 - [STDERR_REDIRECT] WARNING: Could not open/create prefs root node Software\JavaSoft\Prefs at root 0xffffffff80000002. Windows RegCreateKeyEx(...) returned error code 5.
2026-02-19 19:46:50,270 [ERROR] LogOutputStream:75 - [STDERR_REDIRECT] 
2026-02-19 19:46:50,930 [INFO] MainUpdater:2872 - connection check result : 10
2026-02-19 19:46:50,931 [INFO] MainUpdater:289 - Updater Check For Update Now.
2026-02-19 19:46:50,931 [INFO] MicroXplorer:498 - Change Database Version : DB.6.0.150
2026-02-19 19:46:50,938 [INFO] McuFinderGlobals:63 - Set McuFinder mode to 2 (CubeIDE integrated)
2026-02-19 19:46:50,939 [INFO] UserAuth:487 - Internet connection configuration mode: 1
2026-02-19 19:46:50,973 [INFO] JxBrowserEngine:152 - Initiate JxBrowser Engine with user profile folder
2026-02-19 19:46:51,156 [INFO] CheckServerUpdateThread:120 - End of CheckServer Thread
2026-02-19 19:46:52,827 [INFO] WebApp:169 - Instantiating new browser for Auth
2026-02-19 19:46:53,732 [WARN] PackLoader:240 - Cannot read IP mode file for STMicroelectronics.FP-SNS-MOTENVWB1.1.4.0
2026-02-19 19:46:53,745 [WARN] PackLoader:240 - Cannot read IP mode file for STMicroelectronics.FP-ATR-ASTRA1.2.0.2
2026-02-19 19:46:53,757 [WARN] PackLoader:240 - Cannot read IP mode file for STMicroelectronics.X-CUBE-SMBUS.2.1.0
2026-02-19 19:46:53,764 [WARN] PackLoader:240 - Cannot read IP mode file for STMicroelectronics.X-CUBE-ST60.1.0.0
2026-02-19 19:46:53,907 [WARN] PackLoader:240 - Cannot read IP mode file for STMicroelectronics.X-CUBE-AZRTOS-F7.1.1.0
2026-02-19 19:46:53,932 [WARN] PackLoader:240 - Cannot read IP mode file for Cesanta.I-CUBE-Mongoose.7.19.0
2026-02-19 19:46:53,947 [WARN] PackLoader:240 - Cannot read IP mode file for STMicroelectronics.FP-SNS-MOTENV1.5.1.0
2026-02-19 19:46:53,967 [WARN] PackLoader:240 - Cannot read IP mode file for WES.I-CUBE-Cesium.1.4.0
2026-02-19 19:46:54,019 [WARN] PackLoader:240 - Cannot read IP mode file for Infineon.AIROC-Wi-Fi-Bluetooth-STM32.1.7.1
2026-02-19 19:46:54,053 [WARN] PackLoader:240 - Cannot read IP mode file for STMicroelectronics.X-CUBE-AZRTOS-H7.3.4.0
2026-02-19 19:46:54,065 [WARN] PackLoader:240 - Cannot read IP mode file for STMicroelectronics.X-CUBE-DISPLAY.3.0.0
2026-02-19 19:46:54,075 [WARN] PackLoader:240 - Cannot read IP mode file for STMicroelectronics.FP-SNS-MOTENVWB1.1.5.0
2026-02-19 19:46:54,085 [WARN] PackLoader:240 - Cannot read IP mode file for STMicroelectronics.X-CUBE-NFC10.1.0.0
2026-02-19 19:46:54,092 [WARN] PackLoader:240 - Cannot read IP mode file for STMicroelectronics.X-CUBE-ST60.1.1.0
2026-02-19 19:46:54,099 [WARN] PackLoader:240 - Cannot read IP mode file for emotas.I-CUBE-CANOPEN.1.3.0
2026-02-19 19:46:54,106 [WARN] PackLoader:240 - Cannot read IP mode file for STMicroelectronics.X-CUBE-GNSS1.7.1.0
2026-02-19 19:46:54,116 [WARN] PackLoader:240 - Cannot read IP mode file for STMicroelectronics.FP-SNS-STBOX1.2.1.0
2026-02-19 19:46:54,122 [WARN] PackLoader:240 - Cannot read IP mode file for STMicroelectronics.FP-SNS-SMARTAG2.1.2.0
2026-02-19 19:46:54,128 [WARN] PackLoader:240 - Cannot read IP mode file for STMicroelectronics.FP-SNS-FLIGHT1.5.1.0
2026-02-19 19:46:54,137 [INFO] LogOutputStream:77 - [STDOUT_REDIRECT] 1 : Invalid condition id : UX_CORESTACK_Condition cause : null
2026-02-19 19:46:54,138 [INFO] LogOutputStream:77 - [STDOUT_REDIRECT] 1 : Invalid condition id : UX_CORESTACK_Condition cause : null
2026-02-19 19:46:54,139 [INFO] LogOutputStream:77 - [STDOUT_REDIRECT] 1 : Invalid condition id : UX_CORESTACK_Condition cause : null
2026-02-19 19:46:54,140 [INFO] LogOutputStream:77 - [STDOUT_REDIRECT] 1 : Invalid condition id : UX_CORESTACK_Condition cause : null
2026-02-19 19:46:54,141 [INFO] LogOutputStream:77 - [STDOUT_REDIRECT] 1 : Invalid condition id : UX_CORESTACK_Condition cause : null
2026-02-19 19:46:54,144 [WARN] PackLoader:240 - Cannot read IP mode file for STMicroelectronics.X-CUBE-AZRTOS-WL.2.0.0
2026-02-19 19:46:54,150 [WARN] PackLoader:240 - Cannot read IP mode file for STMicroelectronics.FP-SNS-MOTENV1.5.0.0
2026-02-19 19:46:54,170 [WARN] PackLoader:240 - Cannot read IP mode file for STMicroelectronics.X-CUBE-AZRTOS-H7RS.1.2.0
2026-02-19 19:46:54,178 [WARN] PackLoader:240 - Cannot read IP mode file for STMicroelectronics.X-CUBE-BLE2.3.3.0
2026-02-19 19:46:54,203 [WARN] PackLoader:240 - Cannot read IP mode file for STMicroelectronics.X-CUBE-NFC9.1.0.0
2026-02-19 19:46:54,210 [WARN] PackLoader:240 - Cannot read IP mode file for wolfSSL.I-CUBE-wolfSSL.5.8.2
2026-02-19 19:46:54,215 [WARN] PackLoader:240 - Cannot read IP mode file for STMicroelectronics.X-CUBE-BLE1.7.1.0
2026-02-19 19:46:54,220 [WARN] PackLoader:240 - Cannot read IP mode file for wolfSSL.I-CUBE-wolfMQTT.1.19.2
2026-02-19 19:46:54,227 [WARN] PackLoader:240 - Cannot read IP mode file for STMicroelectronics.X-CUBE-FREERTOS.1.4.0
2026-02-19 19:46:54,234 [WARN] PackLoader:240 - Cannot read IP mode file for STMicroelectronics.X-CUBE-EEPRMA1.5.2.0
2026-02-19 19:46:54,242 [WARN] PackLoader:240 - Cannot read IP mode file for STMicroelectronics.X-CUBE-ST67W61.1.1.0
2026-02-19 19:46:54,306 [WARN] PackLoader:240 - Cannot read IP mode file for STMicroelectronics.X-CUBE-MEMS1.12.0.0
2026-02-19 19:46:54,395 [WARN] PackLoader:240 - Cannot read IP mode file for STMicroelectronics.X-CUBE-AZRTOS-G0.1.1.0
2026-02-19 19:46:54,405 [WARN] PackLoader:240 - Cannot read IP mode file for STMicroelectronics.X-CUBE-SAFEA1.1.2.2
2026-02-19 19:46:54,411 [WARN] PackLoader:240 - Cannot read IP mode file for STMicroelectronics.X-CUBE-NFC4.3.0.0
2026-02-19 19:46:54,419 [WARN] PackLoader:240 - Cannot read IP mode file for EmbeddedOffice.I-CUBE-FS-RTOS.1.0.1
2026-02-19 19:46:54,428 [WARN] PackLoader:240 - Cannot read IP mode file for STMicroelectronics.X-CUBE-WB05N.2.0.0
2026-02-19 19:46:54,433 [WARN] PackLoader:240 - Cannot read IP mode file for wolfSSL.I-CUBE-wolfTPM.3.8.0
2026-02-19 19:46:54,439 [WARN] PackLoader:240 - Cannot read IP mode file for STMicroelectronics.X-CUBE-TCPP.4.2.0
2026-02-19 19:46:54,446 [WARN] PackLoader:240 - Cannot read IP mode file for RealThread.X-CUBE-RT-Thread_Nano.4.1.1
2026-02-19 19:46:54,452 [WARN] PackLoader:240 - Cannot read IP mode file for STMicroelectronics.FP-ATR-SIGFOX1.3.2.0
2026-02-19 19:46:54,458 [WARN] PackLoader:240 - Cannot read IP mode file for ITTIA_DB.I-CUBE-ITTIADB.8.9.0
2026-02-19 19:46:54,465 [WARN] PackLoader:240 - Cannot read IP mode file for STMicroelectronics.X-CUBE-NFC6.3.2.0
2026-02-19 19:46:54,473 [WARN] PackLoader:240 - Cannot read IP mode file for STMicroelectronics.X-CUBE-ST67W61.1.0.0
2026-02-19 19:46:54,479 [WARN] PackLoader:240 - Cannot read IP mode file for STMicroelectronics.X-CUBE-AI.10.2.0
2026-02-19 19:46:54,519 [WARN] PackLoader:240 - Cannot read IP mode file for SEGGER.I-CUBE-embOS.1.3.1
2026-02-19 19:46:54,559 [WARN] PackLoader:240 - Cannot read IP mode file for STMicroelectronics.X-CUBE-ALGOBUILD.1.4.0
2026-02-19 19:46:54,610 [WARN] PackLoader:240 - Cannot read IP mode file for STMicroelectronics.X-CUBE-MEMS1.11.3.0
2026-02-19 19:46:54,800 [WARN] PackLoader:240 - Cannot read IP mode file for STMicroelectronics.X-CUBE-PM33A1.1.0.0
2026-02-19 19:46:54,815 [WARN] PackLoader:240 - Cannot read IP mode file for STMicroelectronics.X-CUBE-AZRTOS-F4.1.1.0
2026-02-19 19:46:54,822 [WARN] PackLoader:240 - Cannot read IP mode file for STMicroelectronics.X-CUBE-ISPU.2.1.0
2026-02-19 19:46:54,836 [WARN] PackLoader:240 - Cannot read IP mode file for STMicroelectronics.X-CUBE-IPS.3.2.0
2026-02-19 19:46:54,850 [WARN] PackLoader:240 - Cannot read IP mode file for STMicroelectronics.X-CUBE-NFC12.1.0.0
2026-02-19 19:46:54,874 [WARN] PackLoader:240 - Cannot read IP mode file for STMicroelectronics.X-CUBE-AZRTOS-L5.2.0.0
2026-02-19 19:46:54,898 [WARN] PackLoader:240 - Cannot read IP mode file for STMicroelectronics.X-CUBE-NFC6.3.1.0
2026-02-19 19:46:54,905 [WARN] PackLoader:240 - Cannot read IP mode file for STMicroelectronics.X-CUBE-FREERTOS.1.3.1
2026-02-19 19:46:54,914 [WARN] PackLoader:240 - Cannot read IP mode file for STMicroelectronics.X-CUBE-TOUCHGFX.4.26.0
2026-02-19 19:46:54,925 [WARN] PackLoader:240 - Cannot read IP mode file for STMicroelectronics.FP-SNS-STAIOTCFT.1.0.0
2026-02-19 19:46:54,938 [WARN] PackLoader:240 - Cannot read IP mode file for STMicroelectronics.X-CUBE-DPower.1.3.0
2026-02-19 19:46:54,954 [WARN] ConditionMgr:438 - getConditionDescription Invalid condition id : LAN8742 Phy interface Condition cause : null
2026-02-19 19:46:54,955 [WARN] PackLoader:240 - Cannot read IP mode file for STMicroelectronics.X-CUBE-AZRTOS-L4.2.0.0
2026-02-19 19:46:54,956 [WARN] ConditionMgr:1044 - genDependencies : Invalid condition id : LAN8742 Phy interface Condition cause : null
2026-02-19 19:46:54,956 [WARN] ConditionMgr:1044 - genDependencies : Invalid condition id : LAN8742 Phy interface Condition cause : null
2026-02-19 19:46:54,956 [WARN] ConditionMgr:1044 - genDependencies : Invalid condition id : LAN8742 Phy interface Condition cause : null
2026-02-19 19:46:54,963 [WARN] PackLoader:240 - Cannot read IP mode file for STMicroelectronics.X-CUBE-SFXS2LP1.4.0.0
2026-02-19 19:46:54,971 [WARN] PackLoader:240 - Cannot read IP mode file for STMicroelectronics.X-CUBE-ST67W61.1.2.0
2026-02-19 19:46:54,982 [WARN] PackLoader:240 - Cannot read IP mode file for STMicroelectronics.X-CUBE-BLEMGR.4.1.0
2026-02-19 19:46:54,995 [WARN] ConditionMgr:438 - getConditionDescription Invalid condition id : UX DEVICE CLASS RTOS Condition cause : null
2026-02-19 19:46:54,996 [WARN] ConditionMgr:438 - getConditionDescription Invalid condition id : UX DEVICE CLASS RTOS Condition cause : null
2026-02-19 19:46:54,997 [WARN] PackLoader:240 - Cannot read IP mode file for STMicroelectronics.X-CUBE-AZRTOS-WB.2.0.0
2026-02-19 19:46:54,998 [WARN] ConditionMgr:1044 - genDependencies : Invalid condition id : UX DEVICE CLASS RTOS Condition cause : null
2026-02-19 19:46:54,998 [WARN] ConditionMgr:1044 - genDependencies : Invalid condition id : UX DEVICE CLASS RTOS Condition cause : null
2026-02-19 19:46:54,998 [WARN] ConditionMgr:1044 - genDependencies : Invalid condition id : UX DEVICE CLASS RTOS Condition cause : null
2026-02-19 19:46:54,998 [WARN] ConditionMgr:1044 - genDependencies : Invalid condition id : UX DEVICE CLASS RTOS Condition cause : null
2026-02-19 19:46:54,998 [WARN] ConditionMgr:1044 - genDependencies : Invalid condition id : UX DEVICE CLASS RTOS Condition cause : null
2026-02-19 19:46:55,003 [WARN] PackLoader:240 - Cannot read IP mode file for STMicroelectronics.X-CUBE-GNSS1.7.0.1
2026-02-19 19:46:55,009 [WARN] ConditionMgr:438 - getConditionDescription Invalid condition id : Cortex-A Device cause : null
2026-02-19 19:46:55,016 [WARN] ConditionMgr:1044 - genDependencies : Invalid condition id : Cortex-A Device cause : null
2026-02-19 19:46:55,016 [WARN] ConditionMgr:1044 - genDependencies : Invalid condition id : Cortex-A Device cause : null
2026-02-19 19:46:55,016 [WARN] ConditionMgr:1044 - genDependencies : Invalid condition id : Cortex-A Device cause : null
2026-02-19 19:46:55,023 [WARN] PackLoader:240 - Cannot read IP mode file for STMicroelectronics.X-CUBE-STSE01.2.0.0
2026-02-19 19:46:55,032 [WARN] PackLoader:240 - Cannot read IP mode file for STMicroelectronics.X-CUBE-SUBG2.5.0.0
2026-02-19 19:46:55,052 [WARN] PackLoader:240 - Cannot read IP mode file for STMicroelectronics.X-CUBE-AZRTOS-H7RS.1.1.0
2026-02-19 19:46:55,068 [WARN] PackLoader:240 - Cannot read IP mode file for STMicroelectronics.X-CUBE-AZRTOS-G4.2.0.0
2026-02-19 19:46:55,075 [WARN] PackLoader:240 - Cannot read IP mode file for wolfSSL.I-CUBE-wolfSSH.1.4.20
2026-02-19 19:46:55,081 [WARN] PackLoader:240 - Cannot read IP mode file for STMicroelectronics.X-CUBE-NFC7.2.0.0
2026-02-19 19:46:55,093 [WARN] PackLoader:240 - Cannot read IP mode file for STMicroelectronics.X-CUBE-IPS.3.1.0
2026-02-19 19:46:55,113 [WARN] PackLoader:240 - Cannot read IP mode file for STMicroelectronics.X-CUBE-ALS.1.0.2
2026-02-19 19:46:55,119 [WARN] PackLoader:240 - Cannot read IP mode file for STMicroelectronics.X-CUBE-STSE01.1.0.0
2026-02-19 19:46:55,139 [WARN] PackLoader:240 - Cannot read IP mode file for STMicroelectronics.X-CUBE-TOF1.3.4.3
2026-02-19 19:46:55,148 [INFO] ThirdParty:978 - Integrity check success = true
2026-02-19 19:46:55,148 [INFO] IntegrityCheckThread:100 - exiting critical section [integrity check]
2026-02-19 19:46:55,148 [INFO] IntegrityCheckThread:103 - End integrity checks thread
2026-02-19 19:46:55,434 [INFO] WebApp:463 - Apply proxy settings
2026-02-19 19:46:55,434 [INFO] WebApp:548 - Chromium requires no authentication
2026-02-19 19:46:55,489 [INFO] WebApp:491 - Direct internet connection detected
2026-02-19 19:46:55,575 [INFO] WebApp:900 - Register for checkConnection events
2026-02-19 19:46:55,575 [INFO] WebApp:463 - Apply proxy settings
2026-02-19 19:46:55,575 [INFO] WebApp:548 - Chromium requires no authentication
2026-02-19 19:46:55,576 [INFO] WebApp:491 - Direct internet connection detected
2026-02-19 19:46:55,914 [INFO] WebApp:225 - Starting web application
2026-02-19 19:46:55,914 [INFO] WebApp:593 - Web application path used C:\STM\STM32CubeIDE_1.19.0\STM32CubeIDE\plugins\com.st.stm32cube.common.mx_6.15.0.202507011659\db\plugins\mcufinder\reactClient1\index.html
2026-02-19 19:46:56,237 [INFO] UserAuth:487 - Internet connection configuration mode: 1
2026-02-19 19:46:56,452 [INFO] WebApp:191 - Connection restablished
2026-02-19 20:04:49,128 [ERROR] LogOutputStream:75 - [STDERR_REDIRECT] 
2026-02-19 20:05:03,754 [INFO] Activator:176 - 


2026-02-19 20:05:03,764 [INFO] Activator:177 - !SESSION log4j initialized
2026-02-19 20:05:11,515 [INFO] LogOutputStream:77 - [STDOUT_REDIRECT] 
2026-02-19 20:05:15,763 [INFO] ApplicationProperties:184 - Using Application install path: C:\STM\STM32CubeIDE_1.19.0\STM32CubeIDE\plugins\com.st.stm32cube.common.mx_6.15.0.202507011659
2026-02-19 20:05:15,781 [INFO] DbMcusXml:78 - Set database path to: C:\STM\STM32CubeIDE_1.19.0\STM32CubeIDE\plugins\com.st.stm32cube.common.mx_6.15.0.202507011659\\db\/mcu/
2026-02-19 20:05:15,781 [INFO] ApiDb:274 - Set plugin database path to: C:\STM\STM32CubeIDE_1.19.0\STM32CubeIDE\plugins\com.st.stm32cube.common.mx_6.15.0.202507011659\\db\/plugins/boardmanager/
2026-02-19 20:05:15,781 [WARN] ApiDb:259 - Overriding images path with different value:  => C:\STM\STM32CubeIDE_1.19.0\STM32CubeIDE\plugins\com.st.stm32cube.common.mx_6.15.0.202507011659\\db\/plugins/mcufinder/images/
2026-02-19 20:05:15,787 [INFO] ApiDb:250 - Set database path to: C:\Users\Atreya\.stmcufinder\plugins\mcufinder//mcu/
2026-02-19 20:05:15,788 [INFO] DbMcusAds:125 - Set database path to: C:\Users\Atreya\.stmcufinder\plugins\mcufinder//mcu/
2026-02-19 20:05:15,791 [INFO] CrossReferenceDbSqlite:203 - Set database path to: C:\Users\Atreya\.stmcufinder\plugins\mcufinder//mcu/cs/
2026-02-19 20:05:15,907 [INFO] RulesReader:64 - Compatibility file has been processed (317 Rules)
2026-02-19 20:05:15,988 [INFO] DbMcusXml:78 - Set database path to: C:\STM\STM32CubeIDE_1.19.0\STM32CubeIDE\plugins\com.st.stm32cube.common.mx_6.15.0.202507011659\\db\/mcu/
2026-02-19 20:05:15,988 [INFO] ApiDb:274 - Set plugin database path to: C:\STM\STM32CubeIDE_1.19.0\STM32CubeIDE\plugins\com.st.stm32cube.common.mx_6.15.0.202507011659\\db\/plugins/boardmanager/
2026-02-19 20:05:15,988 [INFO] ApiDb:261 - Set plugin images path to: C:\STM\STM32CubeIDE_1.19.0\STM32CubeIDE\plugins\com.st.stm32cube.common.mx_6.15.0.202507011659\\db\/plugins/mcufinder/images/
2026-02-19 20:05:15,989 [WARN] DbFile:41 - Overriding database path with different value: C:\Users\Atreya\.stmcufinder\plugins\mcufinder/ => C:\Users\Atreya\.stmcufinder\plugins\mcufinder
2026-02-19 20:05:15,989 [INFO] ApiDb:250 - Set database path to: C:\Users\Atreya\.stmcufinder\plugins\mcufinder//mcu/
2026-02-19 20:05:15,989 [WARN] DbFile:41 - Overriding database path with different value: C:\Users\Atreya\.stmcufinder\plugins\mcufinder/ => C:\Users\Atreya\.stmcufinder\plugins\mcufinder
2026-02-19 20:05:15,989 [INFO] DbMcusAds:125 - Set database path to: C:\Users\Atreya\.stmcufinder\plugins\mcufinder//mcu/
2026-02-19 20:05:15,989 [WARN] DbFile:41 - Overriding database path with different value: C:\Users\Atreya\.stmcufinder\plugins\mcufinder/ => C:\Users\Atreya\.stmcufinder\plugins\mcufinder
2026-02-19 20:05:15,989 [WARN] DbFile:41 - Overriding database path with different value: C:\Users\Atreya\.stmcufinder\plugins\mcufinder/ => C:\Users\Atreya\.stmcufinder\plugins\mcufinder
2026-02-19 20:05:15,989 [INFO] CrossReferenceDbSqlite:203 - Set database path to: C:\Users\Atreya\.stmcufinder\plugins\mcufinder//mcu/cs/
2026-02-19 20:05:16,065 [INFO] MainPanel:274 - HeapMemory: 268435456
2026-02-19 20:05:16,188 [INFO] DbMcusXml:78 - Set database path to: C:\STM\STM32CubeIDE_1.19.0\STM32CubeIDE\plugins\com.st.stm32cube.common.mx_6.15.0.202507011659\\db\/mcu/
2026-02-19 20:05:16,188 [INFO] ApiDb:274 - Set plugin database path to: C:\STM\STM32CubeIDE_1.19.0\STM32CubeIDE\plugins\com.st.stm32cube.common.mx_6.15.0.202507011659\\db\/plugins/boardmanager/
2026-02-19 20:05:16,188 [INFO] ApiDb:261 - Set plugin images path to: C:\STM\STM32CubeIDE_1.19.0\STM32CubeIDE\plugins\com.st.stm32cube.common.mx_6.15.0.202507011659\\db\/plugins/mcufinder/images/
2026-02-19 20:05:16,188 [WARN] DbFile:41 - Overriding database path with different value: C:\Users\Atreya\.stmcufinder\plugins\mcufinder/ => C:\Users\Atreya\.stmcufinder\plugins\mcufinder
2026-02-19 20:05:16,188 [INFO] ApiDb:250 - Set database path to: C:\Users\Atreya\.stmcufinder\plugins\mcufinder//mcu/
2026-02-19 20:05:16,188 [WARN] DbFile:41 - Overriding database path with different value: C:\Users\Atreya\.stmcufinder\plugins\mcufinder/ => C:\Users\Atreya\.stmcufinder\plugins\mcufinder
2026-02-19 20:05:16,189 [INFO] DbMcusAds:125 - Set database path to: C:\Users\Atreya\.stmcufinder\plugins\mcufinder//mcu/
2026-02-19 20:05:16,189 [WARN] DbFile:41 - Overriding database path with different value: C:\Users\Atreya\.stmcufinder\plugins\mcufinder/ => C:\Users\Atreya\.stmcufinder\plugins\mcufinder
2026-02-19 20:05:16,189 [WARN] DbFile:41 - Overriding database path with different value: C:\Users\Atreya\.stmcufinder\plugins\mcufinder/ => C:\Users\Atreya\.stmcufinder\plugins\mcufinder
2026-02-19 20:05:16,189 [INFO] CrossReferenceDbSqlite:203 - Set database path to: C:\Users\Atreya\.stmcufinder\plugins\mcufinder//mcu/cs/
2026-02-19 20:05:16,208 [INFO] ApplicationProperties:184 - Using Application install path: C:\STM\STM32CubeIDE_1.19.0\STM32CubeIDE\plugins\com.st.stm32cube.common.mx_6.15.0.202507011659
2026-02-19 20:05:16,209 [INFO] PluginManage:196 - Search for loadable plugins [exclusion list=, ]
2026-02-19 20:05:16,211 [INFO] PluginManage:310 - Check plugin analytics
2026-02-19 20:05:16,390 [INFO] AnalyticsPlugin:253 - Accepted Software Licenses: 
2026-02-19 20:05:16,390 [INFO] AnalyticsPlugin:255 - Accepted CMSIS Pack Licenses: 
2026-02-19 20:05:16,390 [INFO] AnalyticsPlugin:257 - Accepted Firmware Licenses: FW.F4.1.28.0
2026-02-19 20:05:16,396 [INFO] PluginManage:359 - Loaded plugin analytics (category:tool,tabindex:-1)
2026-02-19 20:05:16,397 [INFO] PluginManage:310 - Check plugin cadmodel
2026-02-19 20:05:16,400 [INFO] CADModel:105 - Init CAD model plugin
2026-02-19 20:05:16,401 [INFO] PluginManage:359 - Loaded plugin cadmodel (category:power,tabindex:5)
2026-02-19 20:05:16,401 [INFO] PluginManage:310 - Check plugin clock
2026-02-19 20:05:16,410 [INFO] PluginManage:359 - Loaded plugin clock (category:base,tabindex:2)
2026-02-19 20:05:16,410 [INFO] PluginManage:310 - Check plugin ddr
2026-02-19 20:05:16,413 [INFO] PluginManage:359 - Loaded plugin ddr (category:tool,tabindex:6)
2026-02-19 20:05:16,413 [INFO] PluginManage:310 - Check plugin filemanager
2026-02-19 20:05:16,574 [INFO] PluginManage:359 - Loaded plugin filemanager (category:base,tabindex:10)
2026-02-19 20:05:16,574 [INFO] PluginManage:310 - Check plugin ipmanager
2026-02-19 20:05:16,580 [INFO] PluginManage:359 - Loaded plugin ipmanager (category:base,tabindex:5)
2026-02-19 20:05:16,580 [INFO] PluginManage:310 - Check plugin lpbam
2026-02-19 20:05:16,589 [INFO] PluginManage:359 - Loaded plugin lpbam (category:base,tabindex:0)
2026-02-19 20:05:16,589 [INFO] PluginManage:310 - Check plugin memorymap
2026-02-19 20:05:16,605 [INFO] PluginManage:359 - Loaded plugin memorymap (category:base,tabindex:4)
2026-02-19 20:05:16,606 [INFO] PluginManage:310 - Check plugin pinoutandconfiguration
2026-02-19 20:05:16,615 [INFO] PluginManage:359 - Loaded plugin pinoutandconfiguration (category:base,tabindex:1)
2026-02-19 20:05:16,615 [INFO] PluginManage:310 - Check plugin pinoutconfig
2026-02-19 20:05:16,689 [WARN] SupportedApi:132 - Cannot load RTOS API schema: s4s-elt-must-match.1: The content of 'definitions' must match (annotation?, (simpleType | complexType)?, (unique | key | keyref)*)). A problem was found starting at: attribute.
2026-02-19 20:05:16,813 [INFO] PluginManage:359 - Loaded plugin pinoutconfig (category:base,tabindex:0)
2026-02-19 20:05:16,813 [INFO] PluginManage:310 - Check plugin power
2026-02-19 20:05:16,825 [INFO] PluginManage:359 - Loaded plugin power (category:power,tabindex:4)
2026-02-19 20:05:16,825 [INFO] PluginManage:310 - Check plugin projectmanager
2026-02-19 20:05:16,842 [INFO] PluginManage:359 - Loaded plugin projectmanager (category:projectmanager,tabindex:4)
2026-02-19 20:05:16,842 [INFO] PluginManage:310 - Check plugin rif
2026-02-19 20:05:16,852 [INFO] PluginManage:359 - Loaded plugin rif (category:base,tabindex:3)
2026-02-19 20:05:16,853 [INFO] PluginManage:310 - Check plugin thirdparty
2026-02-19 20:05:16,985 [INFO] PluginManage:359 - Loaded plugin thirdparty (category:base,tabindex:-1)
2026-02-19 20:05:16,985 [INFO] PluginManage:310 - Check plugin tools
2026-02-19 20:05:16,985 [WARN] IntegrityCheckThread:84 - waiting for thirdparty lock release [integrity check]
2026-02-19 20:05:16,986 [INFO] IntegrityCheckThread:86 - entering critical section [integrity check]
2026-02-19 20:05:16,986 [INFO] ThirdPartyUpdaterWithRetryManager:70 - Updater plugin not ready yet. [1/15]
2026-02-19 20:05:16,988 [INFO] PluginManage:359 - Loaded plugin tools (category:base,tabindex:7)
2026-02-19 20:05:16,988 [INFO] PluginManage:310 - Check plugin tutovideos
2026-02-19 20:05:17,209 [INFO] PluginManage:359 - Loaded plugin tutovideos (category:base,tabindex:-1)
2026-02-19 20:05:17,210 [INFO] PluginManage:310 - Check plugin updater
2026-02-19 20:05:17,232 [INFO] PluginManage:359 - Loaded plugin updater (category:base,tabindex:12)
2026-02-19 20:05:17,232 [INFO] PluginManage:310 - Check plugin userauth
2026-02-19 20:05:17,237 [INFO] UserAuth:118 - Init User Auth plugin
2026-02-19 20:05:17,237 [INFO] PluginManage:359 - Loaded plugin userauth (category:base,tabindex:14)
2026-02-19 20:05:17,238 [INFO] PluginManage:283 - PluginManage : Loaded plugins [18]
2026-02-19 20:05:17,476 [INFO] PinOutPanel:1589 - setPackage(No Configuration,No Configuration)
2026-02-19 20:05:17,566 [INFO] CADModel:165 - CPN selected for project level
2026-02-19 20:05:17,566 [INFO] CADModel:114 - Register for checkConnection events
2026-02-19 20:05:17,586 [INFO] IPUIPlugin:80 - create IPUIPlugin
2026-02-19 20:05:17,586 [INFO] PluginManager:220 - loadIPPluginJar : add adc
2026-02-19 20:05:17,590 [INFO] IPUIPlugin:80 - create IPUIPlugin
2026-02-19 20:05:17,590 [INFO] PluginManager:220 - loadIPPluginJar : add aes
2026-02-19 20:05:17,592 [INFO] IPUIPlugin:80 - create IPUIPlugin
2026-02-19 20:05:17,592 [INFO] PluginManager:220 - loadIPPluginJar : add can
2026-02-19 20:05:17,594 [INFO] IPUIPlugin:80 - create IPUIPlugin
2026-02-19 20:05:17,594 [INFO] PluginManager:220 - loadIPPluginJar : add comp
2026-02-19 20:05:17,596 [INFO] IPUIPlugin:80 - create IPUIPlugin
2026-02-19 20:05:17,596 [INFO] PluginManager:220 - loadIPPluginJar : add cryp
2026-02-19 20:05:17,600 [INFO] IPUIPlugin:80 - create IPUIPlugin
2026-02-19 20:05:17,600 [INFO] PluginManager:220 - loadIPPluginJar : add ddr_ctrl_phy
2026-02-19 20:05:17,602 [INFO] IPUIPlugin:80 - create IPUIPlugin
2026-02-19 20:05:17,602 [INFO] PluginManager:220 - loadIPPluginJar : add dfsdm
2026-02-19 20:05:17,607 [INFO] IPUIPlugin:80 - create IPUIPlugin
2026-02-19 20:05:17,608 [INFO] PluginManager:220 - loadIPPluginJar : add dma
2026-02-19 20:05:17,610 [INFO] IPUIPlugin:80 - create IPUIPlugin
2026-02-19 20:05:17,610 [INFO] PluginManager:220 - loadIPPluginJar : add dma3
2026-02-19 20:05:17,613 [INFO] IPUIPlugin:80 - create IPUIPlugin
2026-02-19 20:05:17,613 [INFO] PluginManager:220 - loadIPPluginJar : add extmemmanager
2026-02-19 20:05:17,614 [INFO] IPUIPlugin:80 - create IPUIPlugin
2026-02-19 20:05:17,614 [INFO] PluginManager:220 - loadIPPluginJar : add fatfs
2026-02-19 20:05:17,618 [INFO] IPUIPlugin:80 - create IPUIPlugin
2026-02-19 20:05:17,618 [INFO] PluginManager:220 - loadIPPluginJar : add fmc
2026-02-19 20:05:17,622 [INFO] IPUIPlugin:80 - create IPUIPlugin
2026-02-19 20:05:17,623 [INFO] PluginManager:220 - loadIPPluginJar : add freertos
2026-02-19 20:05:17,624 [INFO] IPUIPlugin:80 - create IPUIPlugin
2026-02-19 20:05:17,624 [INFO] PluginManager:220 - loadIPPluginJar : add genericplugin
2026-02-19 20:05:17,626 [INFO] IPUIPlugin:80 - create IPUIPlugin
2026-02-19 20:05:17,626 [INFO] PluginManager:220 - loadIPPluginJar : add gfxmmu
2026-02-19 20:05:17,629 [INFO] IPUIPlugin:80 - create IPUIPlugin
2026-02-19 20:05:17,630 [INFO] PluginManager:220 - loadIPPluginJar : add gic
2026-02-19 20:05:17,633 [INFO] IPUIPlugin:80 - create IPUIPlugin
2026-02-19 20:05:17,634 [INFO] PluginManager:220 - loadIPPluginJar : add gpio
2026-02-19 20:05:17,637 [INFO] IPUIPlugin:80 - create IPUIPlugin
2026-02-19 20:05:17,637 [INFO] PluginManager:220 - loadIPPluginJar : add gtzc
2026-02-19 20:05:17,639 [INFO] IPUIPlugin:80 - create IPUIPlugin
2026-02-19 20:05:17,639 [INFO] PluginManager:220 - loadIPPluginJar : add hash
2026-02-19 20:05:17,642 [INFO] IPUIPlugin:80 - create IPUIPlugin
2026-02-19 20:05:17,642 [INFO] PluginManager:220 - loadIPPluginJar : add i2c
2026-02-19 20:05:17,644 [INFO] IPUIPlugin:80 - create IPUIPlugin
2026-02-19 20:05:17,644 [INFO] PluginManager:220 - loadIPPluginJar : add i2s
2026-02-19 20:05:17,647 [INFO] IPUIPlugin:80 - create IPUIPlugin
2026-02-19 20:05:17,647 [INFO] PluginManager:220 - loadIPPluginJar : add i3c
2026-02-19 20:05:17,650 [INFO] IPUIPlugin:80 - create IPUIPlugin
2026-02-19 20:05:17,650 [INFO] PluginManager:220 - loadIPPluginJar : add ipddr
2026-02-19 20:05:17,657 [INFO] IPUIPlugin:80 - create IPUIPlugin
2026-02-19 20:05:17,657 [INFO] PluginManager:220 - loadIPPluginJar : add linkedlist
2026-02-19 20:05:17,660 [INFO] IPUIPlugin:80 - create IPUIPlugin
2026-02-19 20:05:17,660 [INFO] PluginManager:220 - loadIPPluginJar : add lorawan
2026-02-19 20:05:17,662 [INFO] IPUIPlugin:80 - create IPUIPlugin
2026-02-19 20:05:17,662 [INFO] PluginManager:220 - loadIPPluginJar : add ltdc
2026-02-19 20:05:17,666 [INFO] IPUIPlugin:80 - create IPUIPlugin
2026-02-19 20:05:17,667 [INFO] PluginManager:220 - loadIPPluginJar : add mdma
2026-02-19 20:05:17,671 [INFO] IPUIPlugin:80 - create IPUIPlugin
2026-02-19 20:05:17,671 [INFO] PluginManager:220 - loadIPPluginJar : add nvic
2026-02-19 20:05:17,674 [INFO] IPUIPlugin:80 - create IPUIPlugin
2026-02-19 20:05:17,675 [INFO] PluginManager:220 - loadIPPluginJar : add opamp
2026-02-19 20:05:17,677 [INFO] IPUIPlugin:80 - create IPUIPlugin
2026-02-19 20:05:17,677 [INFO] PluginManager:220 - loadIPPluginJar : add openamp
2026-02-19 20:05:17,681 [INFO] IPUIPlugin:80 - create IPUIPlugin
2026-02-19 20:05:17,681 [INFO] PluginManager:220 - loadIPPluginJar : add pdm2pcm
2026-02-19 20:05:17,687 [INFO] IPUIPlugin:80 - create IPUIPlugin
2026-02-19 20:05:17,689 [INFO] PluginManager:220 - loadIPPluginJar : add plateformsettings
2026-02-19 20:05:17,691 [INFO] IPUIPlugin:80 - create IPUIPlugin
2026-02-19 20:05:17,691 [INFO] PluginManager:220 - loadIPPluginJar : add quadspi
2026-02-19 20:05:17,694 [INFO] IPUIPlugin:80 - create IPUIPlugin
2026-02-19 20:05:17,695 [INFO] PluginManager:220 - loadIPPluginJar : add radio
2026-02-19 20:05:17,698 [INFO] IPUIPlugin:80 - create IPUIPlugin
2026-02-19 20:05:17,698 [INFO] PluginManager:220 - loadIPPluginJar : add resmgrutility
2026-02-19 20:05:17,704 [INFO] IPUIPlugin:80 - create IPUIPlugin
2026-02-19 20:05:17,704 [INFO] PluginManager:220 - loadIPPluginJar : add sai
2026-02-19 20:05:17,707 [INFO] IPUIPlugin:80 - create IPUIPlugin
2026-02-19 20:05:17,708 [INFO] PluginManager:220 - loadIPPluginJar : add spi
2026-02-19 20:05:17,713 [INFO] IPUIPlugin:80 - create IPUIPlugin
2026-02-19 20:05:17,713 [INFO] PluginManager:220 - loadIPPluginJar : add stm32_wpan
2026-02-19 20:05:17,716 [INFO] IPUIPlugin:80 - create IPUIPlugin
2026-02-19 20:05:17,716 [INFO] PluginManager:220 - loadIPPluginJar : add tim
2026-02-19 20:05:17,720 [INFO] IPUIPlugin:80 - create IPUIPlugin
2026-02-19 20:05:17,720 [INFO] PluginManager:220 - loadIPPluginJar : add touchsensing
2026-02-19 20:05:17,723 [INFO] IPUIPlugin:80 - create IPUIPlugin
2026-02-19 20:05:17,723 [INFO] PluginManager:220 - loadIPPluginJar : add tracer_emb
2026-02-19 20:05:17,725 [INFO] IPUIPlugin:80 - create IPUIPlugin
2026-02-19 20:05:17,725 [INFO] PluginManager:220 - loadIPPluginJar : add ts
2026-02-19 20:05:17,726 [INFO] IPUIPlugin:80 - create IPUIPlugin
2026-02-19 20:05:17,726 [INFO] PluginManager:220 - loadIPPluginJar : add tsc
2026-02-19 20:05:17,728 [INFO] IPUIPlugin:80 - create IPUIPlugin
2026-02-19 20:05:17,729 [INFO] PluginManager:220 - loadIPPluginJar : add ucpd
2026-02-19 20:05:17,731 [INFO] IPUIPlugin:80 - create IPUIPlugin
2026-02-19 20:05:17,731 [INFO] PluginManager:220 - loadIPPluginJar : add usart
2026-02-19 20:05:17,735 [INFO] IPUIPlugin:80 - create IPUIPlugin
2026-02-19 20:05:17,735 [INFO] PluginManager:220 - loadIPPluginJar : add usbx
2026-02-19 20:05:17,861 [FATAL] Updater:351 - Updater called before beeing initialized
2026-02-19 20:05:17,906 [INFO] RulesReader:64 - Compatibility file has been processed (317 Rules)
2026-02-19 20:05:17,917 [INFO] RulesReader:64 - Compatibility file has been processed (317 Rules)
2026-02-19 20:05:17,925 [INFO] CADModel:165 - CPN selected for project level
2026-02-19 20:05:17,925 [INFO] CADModel:114 - Register for checkConnection events
2026-02-19 20:05:17,925 [FATAL] Updater:351 - Updater called before beeing initialized
2026-02-19 20:05:17,925 [ERROR] CADModel:125 - Updater not yet initialized, retry later 
2026-02-19 20:05:18,129 [FATAL] Updater:351 - Updater called before beeing initialized
2026-02-19 20:05:18,132 [INFO] CADModel:165 - CPN selected for project level
2026-02-19 20:05:18,132 [INFO] CADModel:114 - Register for checkConnection events
2026-02-19 20:05:18,132 [FATAL] Updater:351 - Updater called before beeing initialized
2026-02-19 20:05:18,132 [ERROR] CADModel:125 - Updater not yet initialized, retry later 
2026-02-19 20:05:18,138 [FATAL] Updater:351 - Updater called before beeing initialized
2026-02-19 20:05:18,342 [FATAL] Updater:351 - Updater called before beeing initialized
2026-02-19 20:05:18,349 [INFO] DbMcusAds:53 - JSON generation date=Wed Feb 18 20:02:49 IST 2026 (1771425169665)
2026-02-19 20:05:18,349 [FATAL] Updater:351 - Updater called before beeing initialized
2026-02-19 20:05:18,396 [WARN] DetailPanel:346 - Failed to get advertising image, set to default
2026-02-19 20:05:18,474 [FATAL] Updater:351 - Updater called before beeing initialized
2026-02-19 20:05:18,475 [FATAL] Updater:351 - Updater called before beeing initialized
2026-02-19 20:05:18,475 [FATAL] Updater:351 - Updater called before beeing initialized
2026-02-19 20:05:18,475 [WARN] DetailPanel:346 - Failed to get advertising image, set to default
2026-02-19 20:05:18,476 [FATAL] Updater:351 - Updater called before beeing initialized
2026-02-19 20:05:18,522 [ERROR] Updater:1198 - MainUpdater not yet initialized. External WinMGr cannot be set.
2026-02-19 20:05:18,524 [INFO] Updater:1134 - Updater Version found : 6.15.0
2026-02-19 20:05:18,541 [INFO] ApplicationProperties:184 - Using Application install path: C:\STM\STM32CubeIDE_1.19.0\STM32CubeIDE\plugins\com.st.stm32cube.common.mx_6.15.0.202507011659
2026-02-19 20:05:19,987 [INFO] ThirdPartyUpdaterWithRetryManager:70 - Updater plugin not ready yet. [2/15]
2026-02-19 20:05:20,111 [ERROR] LogOutputStream:75 - [STDERR_REDIRECT] Feb 19, 2026 8:05:20 PM java.util.prefs.WindowsPreferences <init>
2026-02-19 20:05:20,112 [ERROR] LogOutputStream:75 - [STDERR_REDIRECT] WARNING: Could not open/create prefs root node Software\JavaSoft\Prefs at root 0xffffffff80000002. Windows RegCreateKeyEx(...) returned error code 5.
2026-02-19 20:05:20,112 [ERROR] LogOutputStream:75 - [STDERR_REDIRECT] 
2026-02-19 20:05:20,651 [INFO] MainUpdater:2872 - connection check result : 10
2026-02-19 20:05:20,653 [INFO] MainUpdater:289 - Updater Check For Update Now.
2026-02-19 20:05:20,653 [INFO] MicroXplorer:498 - Change Database Version : DB.6.0.150
2026-02-19 20:05:20,662 [INFO] McuFinderGlobals:63 - Set McuFinder mode to 2 (CubeIDE integrated)
2026-02-19 20:05:20,663 [INFO] UserAuth:487 - Internet connection configuration mode: 1
2026-02-19 20:05:20,698 [INFO] JxBrowserEngine:152 - Initiate JxBrowser Engine with user profile folder
2026-02-19 20:05:20,867 [INFO] CheckServerUpdateThread:120 - End of CheckServer Thread
2026-02-19 20:05:21,939 [INFO] WebApp:169 - Instantiating new browser for Auth
2026-02-19 20:05:23,302 [INFO] WebApp:463 - Apply proxy settings
2026-02-19 20:05:23,303 [INFO] WebApp:548 - Chromium requires no authentication
2026-02-19 20:05:23,359 [INFO] WebApp:491 - Direct internet connection detected
2026-02-19 20:05:23,450 [INFO] WebApp:900 - Register for checkConnection events
2026-02-19 20:05:23,451 [INFO] WebApp:463 - Apply proxy settings
2026-02-19 20:05:23,451 [INFO] WebApp:548 - Chromium requires no authentication
2026-02-19 20:05:23,452 [INFO] WebApp:491 - Direct internet connection detected
2026-02-19 20:05:23,475 [WARN] PackLoader:240 - Cannot read IP mode file for STMicroelectronics.FP-SNS-MOTENVWB1.1.4.0
2026-02-19 20:05:23,494 [WARN] PackLoader:240 - Cannot read IP mode file for STMicroelectronics.FP-ATR-ASTRA1.2.0.2
2026-02-19 20:05:23,525 [WARN] PackLoader:240 - Cannot read IP mode file for STMicroelectronics.X-CUBE-SMBUS.2.1.0
2026-02-19 20:05:23,544 [WARN] PackLoader:240 - Cannot read IP mode file for STMicroelectronics.X-CUBE-ST60.1.0.0
2026-02-19 20:05:23,604 [WARN] PackLoader:240 - Cannot read IP mode file for STMicroelectronics.X-CUBE-AZRTOS-F7.1.1.0
2026-02-19 20:05:23,622 [WARN] PackLoader:240 - Cannot read IP mode file for Cesanta.I-CUBE-Mongoose.7.19.0
2026-02-19 20:05:23,638 [WARN] PackLoader:240 - Cannot read IP mode file for STMicroelectronics.FP-SNS-MOTENV1.5.1.0
2026-02-19 20:05:23,659 [WARN] PackLoader:240 - Cannot read IP mode file for WES.I-CUBE-Cesium.1.4.0
2026-02-19 20:05:23,695 [WARN] PackLoader:240 - Cannot read IP mode file for Infineon.AIROC-Wi-Fi-Bluetooth-STM32.1.7.1
2026-02-19 20:05:23,726 [WARN] PackLoader:240 - Cannot read IP mode file for STMicroelectronics.X-CUBE-AZRTOS-H7.3.4.0
2026-02-19 20:05:23,742 [WARN] PackLoader:240 - Cannot read IP mode file for STMicroelectronics.X-CUBE-DISPLAY.3.0.0
2026-02-19 20:05:23,754 [WARN] PackLoader:240 - Cannot read IP mode file for STMicroelectronics.FP-SNS-MOTENVWB1.1.5.0
2026-02-19 20:05:23,764 [WARN] PackLoader:240 - Cannot read IP mode file for STMicroelectronics.X-CUBE-NFC10.1.0.0
2026-02-19 20:05:23,772 [WARN] PackLoader:240 - Cannot read IP mode file for STMicroelectronics.X-CUBE-ST60.1.1.0
2026-02-19 20:05:23,781 [WARN] PackLoader:240 - Cannot read IP mode file for emotas.I-CUBE-CANOPEN.1.3.0
2026-02-19 20:05:23,788 [WARN] PackLoader:240 - Cannot read IP mode file for STMicroelectronics.X-CUBE-GNSS1.7.1.0
2026-02-19 20:05:23,797 [WARN] PackLoader:240 - Cannot read IP mode file for STMicroelectronics.FP-SNS-STBOX1.2.1.0
2026-02-19 20:05:23,804 [WARN] PackLoader:240 - Cannot read IP mode file for STMicroelectronics.FP-SNS-SMARTAG2.1.2.0
2026-02-19 20:05:23,811 [WARN] PackLoader:240 - Cannot read IP mode file for STMicroelectronics.FP-SNS-FLIGHT1.5.1.0
2026-02-19 20:05:23,823 [INFO] LogOutputStream:77 - [STDOUT_REDIRECT] 1 : Invalid condition id : UX_CORESTACK_Condition cause : null
2026-02-19 20:05:23,824 [INFO] LogOutputStream:77 - [STDOUT_REDIRECT] 1 : Invalid condition id : UX_CORESTACK_Condition cause : null
2026-02-19 20:05:23,826 [INFO] LogOutputStream:77 - [STDOUT_REDIRECT] 1 : Invalid condition id : UX_CORESTACK_Condition cause : null
2026-02-19 20:05:23,828 [INFO] LogOutputStream:77 - [STDOUT_REDIRECT] 1 : Invalid condition id : UX_CORESTACK_Condition cause : null
2026-02-19 20:05:23,829 [INFO] LogOutputStream:77 - [STDOUT_REDIRECT] 1 : Invalid condition id : UX_CORESTACK_Condition cause : null
2026-02-19 20:05:23,832 [WARN] PackLoader:240 - Cannot read IP mode file for STMicroelectronics.X-CUBE-AZRTOS-WL.2.0.0
2026-02-19 20:05:23,838 [WARN] PackLoader:240 - Cannot read IP mode file for STMicroelectronics.FP-SNS-MOTENV1.5.0.0
2026-02-19 20:05:23,880 [WARN] PackLoader:240 - Cannot read IP mode file for STMicroelectronics.X-CUBE-AZRTOS-H7RS.1.2.0
2026-02-19 20:05:23,894 [WARN] PackLoader:240 - Cannot read IP mode file for STMicroelectronics.X-CUBE-BLE2.3.3.0
2026-02-19 20:05:23,919 [WARN] PackLoader:240 - Cannot read IP mode file for STMicroelectronics.X-CUBE-NFC9.1.0.0
2026-02-19 20:05:23,927 [WARN] PackLoader:240 - Cannot read IP mode file for wolfSSL.I-CUBE-wolfSSL.5.8.2
2026-02-19 20:05:23,933 [WARN] PackLoader:240 - Cannot read IP mode file for STMicroelectronics.X-CUBE-BLE1.7.1.0
2026-02-19 20:05:23,938 [WARN] PackLoader:240 - Cannot read IP mode file for wolfSSL.I-CUBE-wolfMQTT.1.19.2
2026-02-19 20:05:23,944 [WARN] PackLoader:240 - Cannot read IP mode file for STMicroelectronics.X-CUBE-FREERTOS.1.4.0
2026-02-19 20:05:23,954 [WARN] PackLoader:240 - Cannot read IP mode file for STMicroelectronics.X-CUBE-EEPRMA1.5.2.0
2026-02-19 20:05:23,963 [WARN] PackLoader:240 - Cannot read IP mode file for STMicroelectronics.X-CUBE-ST67W61.1.1.0
2026-02-19 20:05:24,018 [WARN] PackLoader:240 - Cannot read IP mode file for STMicroelectronics.X-CUBE-MEMS1.12.0.0
2026-02-19 20:05:24,050 [INFO] WebApp:225 - Starting web application
2026-02-19 20:05:24,050 [INFO] WebApp:593 - Web application path used C:\STM\STM32CubeIDE_1.19.0\STM32CubeIDE\plugins\com.st.stm32cube.common.mx_6.15.0.202507011659\db\plugins\mcufinder\reactClient1\index.html
2026-02-19 20:05:24,192 [WARN] PackLoader:240 - Cannot read IP mode file for STMicroelectronics.X-CUBE-AZRTOS-G0.1.1.0
2026-02-19 20:05:24,210 [WARN] PackLoader:240 - Cannot read IP mode file for STMicroelectronics.X-CUBE-SAFEA1.1.2.2
2026-02-19 20:05:24,228 [WARN] PackLoader:240 - Cannot read IP mode file for STMicroelectronics.X-CUBE-NFC4.3.0.0
2026-02-19 20:05:24,291 [WARN] PackLoader:240 - Cannot read IP mode file for EmbeddedOffice.I-CUBE-FS-RTOS.1.0.1
2026-02-19 20:05:24,346 [WARN] PackLoader:240 - Cannot read IP mode file for STMicroelectronics.X-CUBE-WB05N.2.0.0
2026-02-19 20:05:24,362 [WARN] PackLoader:240 - Cannot read IP mode file for wolfSSL.I-CUBE-wolfTPM.3.8.0
2026-02-19 20:05:24,386 [WARN] PackLoader:240 - Cannot read IP mode file for STMicroelectronics.X-CUBE-TCPP.4.2.0
2026-02-19 20:05:24,398 [WARN] PackLoader:240 - Cannot read IP mode file for RealThread.X-CUBE-RT-Thread_Nano.4.1.1
2026-02-19 20:05:24,410 [WARN] PackLoader:240 - Cannot read IP mode file for STMicroelectronics.FP-ATR-SIGFOX1.3.2.0
2026-02-19 20:05:24,433 [WARN] PackLoader:240 - Cannot read IP mode file for ITTIA_DB.I-CUBE-ITTIADB.8.9.0
2026-02-19 20:05:24,450 [WARN] PackLoader:240 - Cannot read IP mode file for STMicroelectronics.X-CUBE-NFC6.3.2.0
2026-02-19 20:05:24,464 [WARN] PackLoader:240 - Cannot read IP mode file for STMicroelectronics.X-CUBE-ST67W61.1.0.0
2026-02-19 20:05:24,472 [WARN] PackLoader:240 - Cannot read IP mode file for STMicroelectronics.X-CUBE-AI.10.2.0
2026-02-19 20:05:24,501 [WARN] PackLoader:240 - Cannot read IP mode file for SEGGER.I-CUBE-embOS.1.3.1
2026-02-19 20:05:24,565 [WARN] PackLoader:240 - Cannot read IP mode file for STMicroelectronics.X-CUBE-ALGOBUILD.1.4.0
2026-02-19 20:05:24,574 [INFO] UserAuth:487 - Internet connection configuration mode: 1
2026-02-19 20:05:24,644 [WARN] PackLoader:240 - Cannot read IP mode file for STMicroelectronics.X-CUBE-MEMS1.11.3.0
2026-02-19 20:05:24,804 [WARN] PackLoader:240 - Cannot read IP mode file for STMicroelectronics.X-CUBE-PM33A1.1.0.0
2026-02-19 20:05:24,818 [WARN] PackLoader:240 - Cannot read IP mode file for STMicroelectronics.X-CUBE-AZRTOS-F4.1.1.0
2026-02-19 20:05:24,825 [WARN] PackLoader:240 - Cannot read IP mode file for STMicroelectronics.X-CUBE-ISPU.2.1.0
2026-02-19 20:05:24,849 [WARN] PackLoader:240 - Cannot read IP mode file for STMicroelectronics.X-CUBE-IPS.3.2.0
2026-02-19 20:05:24,862 [WARN] PackLoader:240 - Cannot read IP mode file for STMicroelectronics.X-CUBE-NFC12.1.0.0
2026-02-19 20:05:24,883 [WARN] PackLoader:240 - Cannot read IP mode file for STMicroelectronics.X-CUBE-AZRTOS-L5.2.0.0
2026-02-19 20:05:24,894 [WARN] PackLoader:240 - Cannot read IP mode file for STMicroelectronics.X-CUBE-NFC6.3.1.0
2026-02-19 20:05:24,910 [WARN] PackLoader:240 - Cannot read IP mode file for STMicroelectronics.X-CUBE-FREERTOS.1.3.1
2026-02-19 20:05:24,916 [WARN] PackLoader:240 - Cannot read IP mode file for STMicroelectronics.X-CUBE-TOUCHGFX.4.26.0
2026-02-19 20:05:24,922 [WARN] PackLoader:240 - Cannot read IP mode file for STMicroelectronics.FP-SNS-STAIOTCFT.1.0.0
2026-02-19 20:05:24,929 [WARN] PackLoader:240 - Cannot read IP mode file for STMicroelectronics.X-CUBE-DPower.1.3.0
2026-02-19 20:05:24,957 [WARN] ConditionMgr:438 - getConditionDescription Invalid condition id : LAN8742 Phy interface Condition cause : null
2026-02-19 20:05:24,958 [WARN] PackLoader:240 - Cannot read IP mode file for STMicroelectronics.X-CUBE-AZRTOS-L4.2.0.0
2026-02-19 20:05:24,959 [WARN] ConditionMgr:1044 - genDependencies : Invalid condition id : LAN8742 Phy interface Condition cause : null
2026-02-19 20:05:24,959 [WARN] ConditionMgr:1044 - genDependencies : Invalid condition id : LAN8742 Phy interface Condition cause : null
2026-02-19 20:05:24,960 [WARN] ConditionMgr:1044 - genDependencies : Invalid condition id : LAN8742 Phy interface Condition cause : null
2026-02-19 20:05:24,971 [WARN] PackLoader:240 - Cannot read IP mode file for STMicroelectronics.X-CUBE-SFXS2LP1.4.0.0
2026-02-19 20:05:24,985 [WARN] PackLoader:240 - Cannot read IP mode file for STMicroelectronics.X-CUBE-ST67W61.1.2.0
2026-02-19 20:05:25,024 [WARN] PackLoader:240 - Cannot read IP mode file for STMicroelectronics.X-CUBE-BLEMGR.4.1.0
2026-02-19 20:05:25,041 [WARN] ConditionMgr:438 - getConditionDescription Invalid condition id : UX DEVICE CLASS RTOS Condition cause : null
2026-02-19 20:05:25,041 [WARN] ConditionMgr:438 - getConditionDescription Invalid condition id : UX DEVICE CLASS RTOS Condition cause : null
2026-02-19 20:05:25,043 [WARN] PackLoader:240 - Cannot read IP mode file for STMicroelectronics.X-CUBE-AZRTOS-WB.2.0.0
2026-02-19 20:05:25,044 [WARN] ConditionMgr:1044 - genDependencies : Invalid condition id : UX DEVICE CLASS RTOS Condition cause : null
2026-02-19 20:05:25,044 [WARN] ConditionMgr:1044 - genDependencies : Invalid condition id : UX DEVICE CLASS RTOS Condition cause : null
2026-02-19 20:05:25,044 [WARN] ConditionMgr:1044 - genDependencies : Invalid condition id : UX DEVICE CLASS RTOS Condition cause : null
2026-02-19 20:05:25,044 [WARN] ConditionMgr:1044 - genDependencies : Invalid condition id : UX DEVICE CLASS RTOS Condition cause : null
2026-02-19 20:05:25,044 [WARN] ConditionMgr:1044 - genDependencies : Invalid condition id : UX DEVICE CLASS RTOS Condition cause : null
2026-02-19 20:05:25,050 [WARN] PackLoader:240 - Cannot read IP mode file for STMicroelectronics.X-CUBE-GNSS1.7.0.1
2026-02-19 20:05:25,057 [WARN] ConditionMgr:438 - getConditionDescription Invalid condition id : Cortex-A Device cause : null
2026-02-19 20:05:25,067 [WARN] ConditionMgr:1044 - genDependencies : Invalid condition id : Cortex-A Device cause : null
2026-02-19 20:05:25,067 [WARN] ConditionMgr:1044 - genDependencies : Invalid condition id : Cortex-A Device cause : null
2026-02-19 20:05:25,067 [WARN] ConditionMgr:1044 - genDependencies : Invalid condition id : Cortex-A Device cause : null
2026-02-19 20:05:25,076 [WARN] PackLoader:240 - Cannot read IP mode file for STMicroelectronics.X-CUBE-STSE01.2.0.0
2026-02-19 20:05:25,086 [WARN] PackLoader:240 - Cannot read IP mode file for STMicroelectronics.X-CUBE-SUBG2.5.0.0
2026-02-19 20:05:25,108 [WARN] PackLoader:240 - Cannot read IP mode file for STMicroelectronics.X-CUBE-AZRTOS-H7RS.1.1.0
2026-02-19 20:05:25,123 [WARN] PackLoader:240 - Cannot read IP mode file for STMicroelectronics.X-CUBE-AZRTOS-G4.2.0.0
2026-02-19 20:05:25,132 [WARN] PackLoader:240 - Cannot read IP mode file for wolfSSL.I-CUBE-wolfSSH.1.4.20
2026-02-19 20:05:25,138 [WARN] PackLoader:240 - Cannot read IP mode file for STMicroelectronics.X-CUBE-NFC7.2.0.0
2026-02-19 20:05:25,149 [WARN] PackLoader:240 - Cannot read IP mode file for STMicroelectronics.X-CUBE-IPS.3.1.0
2026-02-19 20:05:25,159 [WARN] PackLoader:240 - Cannot read IP mode file for STMicroelectronics.X-CUBE-ALS.1.0.2
2026-02-19 20:05:25,164 [WARN] PackLoader:240 - Cannot read IP mode file for STMicroelectronics.X-CUBE-STSE01.1.0.0
2026-02-19 20:05:25,180 [WARN] PackLoader:240 - Cannot read IP mode file for STMicroelectronics.X-CUBE-TOF1.3.4.3
2026-02-19 20:05:25,190 [INFO] ThirdParty:978 - Integrity check success = true
2026-02-19 20:05:25,190 [INFO] IntegrityCheckThread:100 - exiting critical section [integrity check]
2026-02-19 20:05:25,190 [INFO] IntegrityCheckThread:103 - End integrity checks thread
2026-02-19 20:05:25,218 [INFO] WebApp:191 - Connection restablished
2026-02-19 20:18:03,644 [ERROR] LogOutputStream:75 - [STDERR_REDIRECT] 
