2025-10-06 23:41:55,065 [INFO] Activator:176 - 


2025-10-06 23:41:55,070 [INFO] Activator:177 - !SESSION log4j initialized
2025-10-06 23:42:01,771 [INFO] LogOutputStream:77 - [STDOUT_REDIRECT] 
2025-10-06 23:42:03,689 [INFO] ApplicationProperties:184 - Using Application install path: C:\ST\STM32CubeIDE_1.19.0\STM32CubeIDE\plugins\com.st.stm32cube.common.mx_6.15.0.202507011659
2025-10-06 23:42:03,712 [INFO] DbMcusXml:78 - Set database path to: C:\ST\STM32CubeIDE_1.19.0\STM32CubeIDE\plugins\com.st.stm32cube.common.mx_6.15.0.202507011659\\db\/mcu/
2025-10-06 23:42:03,712 [INFO] ApiDb:274 - Set plugin database path to: C:\ST\STM32CubeIDE_1.19.0\STM32CubeIDE\plugins\com.st.stm32cube.common.mx_6.15.0.202507011659\\db\/plugins/boardmanager/
2025-10-06 23:42:03,712 [WARN] ApiDb:259 - Overriding images path with different value:  => C:\ST\STM32CubeIDE_1.19.0\STM32CubeIDE\plugins\com.st.stm32cube.common.mx_6.15.0.202507011659\\db\/plugins/mcufinder/images/
2025-10-06 23:42:03,720 [INFO] ApiDb:250 - Set database path to: C:\Users\Atreya\.stmcufinder\plugins\mcufinder//mcu/
2025-10-06 23:42:03,725 [INFO] DbMcusAds:125 - Set database path to: C:\Users\Atreya\.stmcufinder\plugins\mcufinder//mcu/
2025-10-06 23:42:03,725 [INFO] CrossReferenceDbSqlite:203 - Set database path to: C:\Users\Atreya\.stmcufinder\plugins\mcufinder//mcu/cs/
2025-10-06 23:42:03,945 [INFO] RulesReader:64 - Compatibility file has been processed (317 Rules)
2025-10-06 23:42:04,060 [INFO] DbMcusXml:78 - Set database path to: C:\ST\STM32CubeIDE_1.19.0\STM32CubeIDE\plugins\com.st.stm32cube.common.mx_6.15.0.202507011659\\db\/mcu/
2025-10-06 23:42:04,060 [INFO] ApiDb:274 - Set plugin database path to: C:\ST\STM32CubeIDE_1.19.0\STM32CubeIDE\plugins\com.st.stm32cube.common.mx_6.15.0.202507011659\\db\/plugins/boardmanager/
2025-10-06 23:42:04,060 [INFO] ApiDb:261 - Set plugin images path to: C:\ST\STM32CubeIDE_1.19.0\STM32CubeIDE\plugins\com.st.stm32cube.common.mx_6.15.0.202507011659\\db\/plugins/mcufinder/images/
2025-10-06 23:42:04,062 [WARN] DbFile:41 - Overriding database path with different value: C:\Users\Atreya\.stmcufinder\plugins\mcufinder/ => C:\Users\Atreya\.stmcufinder\plugins\mcufinder
2025-10-06 23:42:04,062 [INFO] ApiDb:250 - Set database path to: C:\Users\Atreya\.stmcufinder\plugins\mcufinder//mcu/
2025-10-06 23:42:04,062 [WARN] DbFile:41 - Overriding database path with different value: C:\Users\Atreya\.stmcufinder\plugins\mcufinder/ => C:\Users\Atreya\.stmcufinder\plugins\mcufinder
2025-10-06 23:42:04,062 [INFO] DbMcusAds:125 - Set database path to: C:\Users\Atreya\.stmcufinder\plugins\mcufinder//mcu/
2025-10-06 23:42:04,062 [WARN] DbFile:41 - Overriding database path with different value: C:\Users\Atreya\.stmcufinder\plugins\mcufinder/ => C:\Users\Atreya\.stmcufinder\plugins\mcufinder
2025-10-06 23:42:04,062 [WARN] DbFile:41 - Overriding database path with different value: C:\Users\Atreya\.stmcufinder\plugins\mcufinder/ => C:\Users\Atreya\.stmcufinder\plugins\mcufinder
2025-10-06 23:42:04,062 [INFO] CrossReferenceDbSqlite:203 - Set database path to: C:\Users\Atreya\.stmcufinder\plugins\mcufinder//mcu/cs/
2025-10-06 23:42:04,164 [INFO] MainPanel:274 - HeapMemory: 268435456
2025-10-06 23:42:04,309 [INFO] DbMcusXml:78 - Set database path to: C:\ST\STM32CubeIDE_1.19.0\STM32CubeIDE\plugins\com.st.stm32cube.common.mx_6.15.0.202507011659\\db\/mcu/
2025-10-06 23:42:04,309 [INFO] ApiDb:274 - Set plugin database path to: C:\ST\STM32CubeIDE_1.19.0\STM32CubeIDE\plugins\com.st.stm32cube.common.mx_6.15.0.202507011659\\db\/plugins/boardmanager/
2025-10-06 23:42:04,309 [INFO] ApiDb:261 - Set plugin images path to: C:\ST\STM32CubeIDE_1.19.0\STM32CubeIDE\plugins\com.st.stm32cube.common.mx_6.15.0.202507011659\\db\/plugins/mcufinder/images/
2025-10-06 23:42:04,309 [WARN] DbFile:41 - Overriding database path with different value: C:\Users\Atreya\.stmcufinder\plugins\mcufinder/ => C:\Users\Atreya\.stmcufinder\plugins\mcufinder
2025-10-06 23:42:04,309 [INFO] ApiDb:250 - Set database path to: C:\Users\Atreya\.stmcufinder\plugins\mcufinder//mcu/
2025-10-06 23:42:04,309 [WARN] DbFile:41 - Overriding database path with different value: C:\Users\Atreya\.stmcufinder\plugins\mcufinder/ => C:\Users\Atreya\.stmcufinder\plugins\mcufinder
2025-10-06 23:42:04,309 [INFO] DbMcusAds:125 - Set database path to: C:\Users\Atreya\.stmcufinder\plugins\mcufinder//mcu/
2025-10-06 23:42:04,309 [WARN] DbFile:41 - Overriding database path with different value: C:\Users\Atreya\.stmcufinder\plugins\mcufinder/ => C:\Users\Atreya\.stmcufinder\plugins\mcufinder
2025-10-06 23:42:04,309 [WARN] DbFile:41 - Overriding database path with different value: C:\Users\Atreya\.stmcufinder\plugins\mcufinder/ => C:\Users\Atreya\.stmcufinder\plugins\mcufinder
2025-10-06 23:42:04,309 [INFO] CrossReferenceDbSqlite:203 - Set database path to: C:\Users\Atreya\.stmcufinder\plugins\mcufinder//mcu/cs/
2025-10-06 23:42:04,335 [INFO] ApplicationProperties:184 - Using Application install path: C:\ST\STM32CubeIDE_1.19.0\STM32CubeIDE\plugins\com.st.stm32cube.common.mx_6.15.0.202507011659
2025-10-06 23:42:04,340 [INFO] PluginManage:196 - Search for loadable plugins [exclusion list=, ]
2025-10-06 23:42:04,345 [INFO] PluginManage:310 - Check plugin analytics
2025-10-06 23:42:04,630 [INFO] AnalyticsPlugin:253 - Accepted Software Licenses: 
2025-10-06 23:42:04,630 [INFO] AnalyticsPlugin:255 - Accepted CMSIS Pack Licenses: 
2025-10-06 23:42:04,630 [INFO] AnalyticsPlugin:257 - Accepted Firmware Licenses: FW.F4.1.28.0
2025-10-06 23:42:04,635 [INFO] PluginManage:359 - Loaded plugin analytics (category:tool,tabindex:-1)
2025-10-06 23:42:04,635 [INFO] PluginManage:310 - Check plugin cadmodel
2025-10-06 23:42:04,640 [INFO] CADModel:105 - Init CAD model plugin
2025-10-06 23:42:04,640 [INFO] PluginManage:359 - Loaded plugin cadmodel (category:power,tabindex:5)
2025-10-06 23:42:04,640 [INFO] PluginManage:310 - Check plugin clock
2025-10-06 23:42:04,659 [INFO] PluginManage:359 - Loaded plugin clock (category:base,tabindex:2)
2025-10-06 23:42:04,659 [INFO] PluginManage:310 - Check plugin ddr
2025-10-06 23:42:04,661 [INFO] PluginManage:359 - Loaded plugin ddr (category:tool,tabindex:6)
2025-10-06 23:42:04,661 [INFO] PluginManage:310 - Check plugin filemanager
2025-10-06 23:42:04,893 [INFO] PluginManage:359 - Loaded plugin filemanager (category:base,tabindex:10)
2025-10-06 23:42:04,893 [INFO] PluginManage:310 - Check plugin ipmanager
2025-10-06 23:42:04,908 [INFO] PluginManage:359 - Loaded plugin ipmanager (category:base,tabindex:5)
2025-10-06 23:42:04,908 [INFO] PluginManage:310 - Check plugin lpbam
2025-10-06 23:42:04,929 [INFO] PluginManage:359 - Loaded plugin lpbam (category:base,tabindex:0)
2025-10-06 23:42:04,929 [INFO] PluginManage:310 - Check plugin memorymap
2025-10-06 23:42:04,963 [INFO] PluginManage:359 - Loaded plugin memorymap (category:base,tabindex:4)
2025-10-06 23:42:04,963 [INFO] PluginManage:310 - Check plugin pinoutandconfiguration
2025-10-06 23:42:04,975 [INFO] PluginManage:359 - Loaded plugin pinoutandconfiguration (category:base,tabindex:1)
2025-10-06 23:42:04,975 [INFO] PluginManage:310 - Check plugin pinoutconfig
2025-10-06 23:42:05,104 [WARN] SupportedApi:132 - Cannot load RTOS API schema: s4s-elt-must-match.1: The content of 'definitions' must match (annotation?, (simpleType | complexType)?, (unique | key | keyref)*)). A problem was found starting at: attribute.
2025-10-06 23:42:05,319 [INFO] PluginManage:359 - Loaded plugin pinoutconfig (category:base,tabindex:0)
2025-10-06 23:42:05,319 [INFO] PluginManage:310 - Check plugin power
2025-10-06 23:42:05,333 [INFO] PluginManage:359 - Loaded plugin power (category:power,tabindex:4)
2025-10-06 23:42:05,333 [INFO] PluginManage:310 - Check plugin projectmanager
2025-10-06 23:42:05,353 [INFO] PluginManage:359 - Loaded plugin projectmanager (category:projectmanager,tabindex:4)
2025-10-06 23:42:05,353 [INFO] PluginManage:310 - Check plugin rif
2025-10-06 23:42:05,366 [INFO] PluginManage:359 - Loaded plugin rif (category:base,tabindex:3)
2025-10-06 23:42:05,366 [INFO] PluginManage:310 - Check plugin thirdparty
2025-10-06 23:42:05,595 [INFO] PluginManage:359 - Loaded plugin thirdparty (category:base,tabindex:-1)
2025-10-06 23:42:05,595 [INFO] PluginManage:310 - Check plugin tools
2025-10-06 23:42:05,595 [WARN] IntegrityCheckThread:84 - waiting for thirdparty lock release [integrity check]
2025-10-06 23:42:05,595 [INFO] IntegrityCheckThread:86 - entering critical section [integrity check]
2025-10-06 23:42:05,595 [INFO] ThirdPartyUpdaterWithRetryManager:70 - Updater plugin not ready yet. [1/15]
2025-10-06 23:42:05,600 [INFO] PluginManage:359 - Loaded plugin tools (category:base,tabindex:7)
2025-10-06 23:42:05,600 [INFO] PluginManage:310 - Check plugin tutovideos
2025-10-06 23:42:06,016 [INFO] PluginManage:359 - Loaded plugin tutovideos (category:base,tabindex:-1)
2025-10-06 23:42:06,016 [INFO] PluginManage:310 - Check plugin updater
2025-10-06 23:42:06,044 [INFO] PluginManage:359 - Loaded plugin updater (category:base,tabindex:12)
2025-10-06 23:42:06,044 [INFO] PluginManage:310 - Check plugin userauth
2025-10-06 23:42:06,049 [INFO] UserAuth:118 - Init User Auth plugin
2025-10-06 23:42:06,051 [INFO] PluginManage:359 - Loaded plugin userauth (category:base,tabindex:14)
2025-10-06 23:42:06,051 [INFO] PluginManage:283 - PluginManage : Loaded plugins [18]
2025-10-06 23:42:06,375 [INFO] PinOutPanel:1589 - setPackage(No Configuration,No Configuration)
2025-10-06 23:42:06,508 [INFO] CADModel:165 - CPN selected for project level
2025-10-06 23:42:06,508 [INFO] CADModel:114 - Register for checkConnection events
2025-10-06 23:42:06,534 [INFO] IPUIPlugin:80 - create IPUIPlugin
2025-10-06 23:42:06,534 [INFO] PluginManager:220 - loadIPPluginJar : add adc
2025-10-06 23:42:06,543 [INFO] IPUIPlugin:80 - create IPUIPlugin
2025-10-06 23:42:06,543 [INFO] PluginManager:220 - loadIPPluginJar : add aes
2025-10-06 23:42:06,551 [INFO] IPUIPlugin:80 - create IPUIPlugin
2025-10-06 23:42:06,551 [INFO] PluginManager:220 - loadIPPluginJar : add can
2025-10-06 23:42:06,556 [INFO] IPUIPlugin:80 - create IPUIPlugin
2025-10-06 23:42:06,556 [INFO] PluginManager:220 - loadIPPluginJar : add comp
2025-10-06 23:42:06,560 [INFO] IPUIPlugin:80 - create IPUIPlugin
2025-10-06 23:42:06,560 [INFO] PluginManager:220 - loadIPPluginJar : add cryp
2025-10-06 23:42:06,570 [INFO] IPUIPlugin:80 - create IPUIPlugin
2025-10-06 23:42:06,570 [INFO] PluginManager:220 - loadIPPluginJar : add ddr_ctrl_phy
2025-10-06 23:42:06,575 [INFO] IPUIPlugin:80 - create IPUIPlugin
2025-10-06 23:42:06,575 [INFO] PluginManager:220 - loadIPPluginJar : add dfsdm
2025-10-06 23:42:06,586 [INFO] IPUIPlugin:80 - create IPUIPlugin
2025-10-06 23:42:06,586 [INFO] PluginManager:220 - loadIPPluginJar : add dma
2025-10-06 23:42:06,591 [INFO] IPUIPlugin:80 - create IPUIPlugin
2025-10-06 23:42:06,591 [INFO] PluginManager:220 - loadIPPluginJar : add dma3
2025-10-06 23:42:06,596 [INFO] IPUIPlugin:80 - create IPUIPlugin
2025-10-06 23:42:06,596 [INFO] PluginManager:220 - loadIPPluginJar : add extmemmanager
2025-10-06 23:42:06,596 [INFO] IPUIPlugin:80 - create IPUIPlugin
2025-10-06 23:42:06,596 [INFO] PluginManager:220 - loadIPPluginJar : add fatfs
2025-10-06 23:42:06,603 [INFO] IPUIPlugin:80 - create IPUIPlugin
2025-10-06 23:42:06,603 [INFO] PluginManager:220 - loadIPPluginJar : add fmc
2025-10-06 23:42:06,617 [INFO] IPUIPlugin:80 - create IPUIPlugin
2025-10-06 23:42:06,617 [INFO] PluginManager:220 - loadIPPluginJar : add freertos
2025-10-06 23:42:06,619 [INFO] IPUIPlugin:80 - create IPUIPlugin
2025-10-06 23:42:06,619 [INFO] PluginManager:220 - loadIPPluginJar : add genericplugin
2025-10-06 23:42:06,624 [INFO] IPUIPlugin:80 - create IPUIPlugin
2025-10-06 23:42:06,624 [INFO] PluginManager:220 - loadIPPluginJar : add gfxmmu
2025-10-06 23:42:06,634 [INFO] IPUIPlugin:80 - create IPUIPlugin
2025-10-06 23:42:06,634 [INFO] PluginManager:220 - loadIPPluginJar : add gic
2025-10-06 23:42:06,641 [INFO] IPUIPlugin:80 - create IPUIPlugin
2025-10-06 23:42:06,641 [INFO] PluginManager:220 - loadIPPluginJar : add gpio
2025-10-06 23:42:06,650 [INFO] IPUIPlugin:80 - create IPUIPlugin
2025-10-06 23:42:06,650 [INFO] PluginManager:220 - loadIPPluginJar : add gtzc
2025-10-06 23:42:06,653 [INFO] IPUIPlugin:80 - create IPUIPlugin
2025-10-06 23:42:06,655 [INFO] PluginManager:220 - loadIPPluginJar : add hash
2025-10-06 23:42:06,660 [INFO] IPUIPlugin:80 - create IPUIPlugin
2025-10-06 23:42:06,660 [INFO] PluginManager:220 - loadIPPluginJar : add i2c
2025-10-06 23:42:06,665 [INFO] IPUIPlugin:80 - create IPUIPlugin
2025-10-06 23:42:06,665 [INFO] PluginManager:220 - loadIPPluginJar : add i2s
2025-10-06 23:42:06,670 [INFO] IPUIPlugin:80 - create IPUIPlugin
2025-10-06 23:42:06,670 [INFO] PluginManager:220 - loadIPPluginJar : add i3c
2025-10-06 23:42:06,677 [INFO] IPUIPlugin:80 - create IPUIPlugin
2025-10-06 23:42:06,677 [INFO] PluginManager:220 - loadIPPluginJar : add ipddr
2025-10-06 23:42:06,692 [INFO] IPUIPlugin:80 - create IPUIPlugin
2025-10-06 23:42:06,693 [INFO] PluginManager:220 - loadIPPluginJar : add linkedlist
2025-10-06 23:42:06,697 [INFO] IPUIPlugin:80 - create IPUIPlugin
2025-10-06 23:42:06,697 [INFO] PluginManager:220 - loadIPPluginJar : add lorawan
2025-10-06 23:42:06,699 [INFO] IPUIPlugin:80 - create IPUIPlugin
2025-10-06 23:42:06,699 [INFO] PluginManager:220 - loadIPPluginJar : add ltdc
2025-10-06 23:42:06,707 [INFO] IPUIPlugin:80 - create IPUIPlugin
2025-10-06 23:42:06,707 [INFO] PluginManager:220 - loadIPPluginJar : add mdma
2025-10-06 23:42:06,720 [INFO] IPUIPlugin:80 - create IPUIPlugin
2025-10-06 23:42:06,720 [INFO] PluginManager:220 - loadIPPluginJar : add nvic
2025-10-06 23:42:06,725 [INFO] IPUIPlugin:80 - create IPUIPlugin
2025-10-06 23:42:06,725 [INFO] PluginManager:220 - loadIPPluginJar : add opamp
2025-10-06 23:42:06,728 [INFO] IPUIPlugin:80 - create IPUIPlugin
2025-10-06 23:42:06,728 [INFO] PluginManager:220 - loadIPPluginJar : add openamp
2025-10-06 23:42:06,733 [INFO] IPUIPlugin:80 - create IPUIPlugin
2025-10-06 23:42:06,733 [INFO] PluginManager:220 - loadIPPluginJar : add pdm2pcm
2025-10-06 23:42:06,738 [INFO] IPUIPlugin:80 - create IPUIPlugin
2025-10-06 23:42:06,743 [INFO] PluginManager:220 - loadIPPluginJar : add plateformsettings
2025-10-06 23:42:06,749 [INFO] IPUIPlugin:80 - create IPUIPlugin
2025-10-06 23:42:06,749 [INFO] PluginManager:220 - loadIPPluginJar : add quadspi
2025-10-06 23:42:06,754 [INFO] IPUIPlugin:80 - create IPUIPlugin
2025-10-06 23:42:06,754 [INFO] PluginManager:220 - loadIPPluginJar : add radio
2025-10-06 23:42:06,759 [INFO] IPUIPlugin:80 - create IPUIPlugin
2025-10-06 23:42:06,759 [INFO] PluginManager:220 - loadIPPluginJar : add resmgrutility
2025-10-06 23:42:06,768 [INFO] IPUIPlugin:80 - create IPUIPlugin
2025-10-06 23:42:06,768 [INFO] PluginManager:220 - loadIPPluginJar : add sai
2025-10-06 23:42:06,770 [INFO] IPUIPlugin:80 - create IPUIPlugin
2025-10-06 23:42:06,770 [INFO] PluginManager:220 - loadIPPluginJar : add spi
2025-10-06 23:42:06,780 [INFO] IPUIPlugin:80 - create IPUIPlugin
2025-10-06 23:42:06,780 [INFO] PluginManager:220 - loadIPPluginJar : add stm32_wpan
2025-10-06 23:42:06,783 [INFO] IPUIPlugin:80 - create IPUIPlugin
2025-10-06 23:42:06,783 [INFO] PluginManager:220 - loadIPPluginJar : add tim
2025-10-06 23:42:06,786 [INFO] IPUIPlugin:80 - create IPUIPlugin
2025-10-06 23:42:06,791 [INFO] PluginManager:220 - loadIPPluginJar : add touchsensing
2025-10-06 23:42:06,791 [INFO] IPUIPlugin:80 - create IPUIPlugin
2025-10-06 23:42:06,791 [INFO] PluginManager:220 - loadIPPluginJar : add tracer_emb
2025-10-06 23:42:06,797 [INFO] IPUIPlugin:80 - create IPUIPlugin
2025-10-06 23:42:06,797 [INFO] PluginManager:220 - loadIPPluginJar : add ts
2025-10-06 23:42:06,802 [INFO] IPUIPlugin:80 - create IPUIPlugin
2025-10-06 23:42:06,802 [INFO] PluginManager:220 - loadIPPluginJar : add tsc
2025-10-06 23:42:06,802 [INFO] IPUIPlugin:80 - create IPUIPlugin
2025-10-06 23:42:06,802 [INFO] PluginManager:220 - loadIPPluginJar : add ucpd
2025-10-06 23:42:06,807 [INFO] IPUIPlugin:80 - create IPUIPlugin
2025-10-06 23:42:06,807 [INFO] PluginManager:220 - loadIPPluginJar : add usart
2025-10-06 23:42:06,813 [INFO] IPUIPlugin:80 - create IPUIPlugin
2025-10-06 23:42:06,813 [INFO] PluginManager:220 - loadIPPluginJar : add usbx
2025-10-06 23:42:06,999 [FATAL] Updater:351 - Updater called before beeing initialized
2025-10-06 23:42:07,044 [INFO] RulesReader:64 - Compatibility file has been processed (317 Rules)
2025-10-06 23:42:07,063 [INFO] RulesReader:64 - Compatibility file has been processed (317 Rules)
2025-10-06 23:42:07,076 [INFO] CADModel:165 - CPN selected for project level
2025-10-06 23:42:07,076 [INFO] CADModel:114 - Register for checkConnection events
2025-10-06 23:42:07,076 [FATAL] Updater:351 - Updater called before beeing initialized
2025-10-06 23:42:07,076 [ERROR] CADModel:125 - Updater not yet initialized, retry later 
2025-10-06 23:42:07,262 [FATAL] Updater:351 - Updater called before beeing initialized
2025-10-06 23:42:07,265 [INFO] CADModel:165 - CPN selected for project level
2025-10-06 23:42:07,265 [INFO] CADModel:114 - Register for checkConnection events
2025-10-06 23:42:07,265 [FATAL] Updater:351 - Updater called before beeing initialized
2025-10-06 23:42:07,265 [ERROR] CADModel:125 - Updater not yet initialized, retry later 
2025-10-06 23:42:07,270 [FATAL] Updater:351 - Updater called before beeing initialized
2025-10-06 23:42:07,411 [FATAL] Updater:351 - Updater called before beeing initialized
2025-10-06 23:42:07,416 [INFO] DbMcusAds:53 - JSON generation date=Thu Oct 02 15:06:05 IST 2025 (1759397765045)
2025-10-06 23:42:07,416 [FATAL] Updater:351 - Updater called before beeing initialized
2025-10-06 23:42:07,479 [WARN] DetailPanel:346 - Failed to get advertising image, set to default
2025-10-06 23:42:07,581 [FATAL] Updater:351 - Updater called before beeing initialized
2025-10-06 23:42:07,581 [FATAL] Updater:351 - Updater called before beeing initialized
2025-10-06 23:42:07,581 [FATAL] Updater:351 - Updater called before beeing initialized
2025-10-06 23:42:07,581 [WARN] DetailPanel:346 - Failed to get advertising image, set to default
2025-10-06 23:42:07,586 [FATAL] Updater:351 - Updater called before beeing initialized
2025-10-06 23:42:07,650 [ERROR] Updater:1198 - MainUpdater not yet initialized. External WinMGr cannot be set.
2025-10-06 23:42:07,653 [INFO] Updater:1134 - Updater Version found : 6.15.0
2025-10-06 23:42:07,683 [INFO] ApplicationProperties:184 - Using Application install path: C:\ST\STM32CubeIDE_1.19.0\STM32CubeIDE\plugins\com.st.stm32cube.common.mx_6.15.0.202507011659
2025-10-06 23:42:08,608 [INFO] ThirdPartyUpdaterWithRetryManager:70 - Updater plugin not ready yet. [2/15]
2025-10-06 23:42:09,310 [ERROR] LogOutputStream:75 - [STDERR_REDIRECT] Oct 06, 2025 11:42:09 PM java.util.prefs.WindowsPreferences <init>
2025-10-06 23:42:09,315 [ERROR] LogOutputStream:75 - [STDERR_REDIRECT] WARNING: Could not open/create prefs root node Software\JavaSoft\Prefs at root 0xffffffff80000002. Windows RegCreateKeyEx(...) returned error code 5.
2025-10-06 23:42:09,315 [ERROR] LogOutputStream:75 - [STDERR_REDIRECT] 
2025-10-06 23:42:09,956 [INFO] MainUpdater:2872 - connection check result : 10
2025-10-06 23:42:09,958 [INFO] MainUpdater:289 - Updater Check For Update Now.
2025-10-06 23:42:09,958 [INFO] MicroXplorer:498 - Change Database Version : DB.6.0.150
2025-10-06 23:42:09,980 [INFO] McuFinderGlobals:63 - Set McuFinder mode to 2 (CubeIDE integrated)
2025-10-06 23:42:09,982 [INFO] UserAuth:487 - Internet connection configuration mode: 1
2025-10-06 23:42:10,036 [INFO] JxBrowserEngine:152 - Initiate JxBrowser Engine with user profile folder
2025-10-06 23:42:10,279 [INFO] CheckServerUpdateThread:120 - End of CheckServer Thread
2025-10-06 23:42:12,125 [INFO] WebApp:169 - Instantiating new browser for Auth
2025-10-06 23:42:12,439 [WARN] PackLoader:240 - Cannot read IP mode file for STMicroelectronics.FP-SNS-MOTENVWB1.1.4.0
2025-10-06 23:42:12,462 [WARN] PackLoader:240 - Cannot read IP mode file for STMicroelectronics.FP-ATR-ASTRA1.2.0.2
2025-10-06 23:42:12,477 [WARN] PackLoader:240 - Cannot read IP mode file for STMicroelectronics.X-CUBE-SMBUS.2.1.0
2025-10-06 23:42:12,484 [WARN] PackLoader:240 - Cannot read IP mode file for STMicroelectronics.X-CUBE-ST60.1.0.0
2025-10-06 23:42:12,553 [WARN] PackLoader:240 - Cannot read IP mode file for STMicroelectronics.X-CUBE-AZRTOS-F7.1.1.0
2025-10-06 23:42:12,578 [WARN] PackLoader:240 - Cannot read IP mode file for Cesanta.I-CUBE-Mongoose.7.19.0
2025-10-06 23:42:12,605 [WARN] PackLoader:240 - Cannot read IP mode file for WES.I-CUBE-Cesium.1.4.0
2025-10-06 23:42:12,667 [WARN] PackLoader:240 - Cannot read IP mode file for Infineon.AIROC-Wi-Fi-Bluetooth-STM32.1.7.1
2025-10-06 23:42:12,725 [WARN] PackLoader:240 - Cannot read IP mode file for STMicroelectronics.X-CUBE-AZRTOS-H7.3.4.0
2025-10-06 23:42:12,758 [WARN] PackLoader:240 - Cannot read IP mode file for STMicroelectronics.X-CUBE-DISPLAY.3.0.0
2025-10-06 23:42:12,774 [WARN] PackLoader:240 - Cannot read IP mode file for STMicroelectronics.X-CUBE-NFC10.1.0.0
2025-10-06 23:42:12,888 [WARN] PackLoader:240 - Cannot read IP mode file for emotas.I-CUBE-CANOPEN.1.3.0
2025-10-06 23:42:12,909 [WARN] PackLoader:240 - Cannot read IP mode file for STMicroelectronics.FP-SNS-STBOX1.2.1.0
2025-10-06 23:42:12,922 [WARN] PackLoader:240 - Cannot read IP mode file for STMicroelectronics.FP-SNS-SMARTAG2.1.2.0
2025-10-06 23:42:12,939 [WARN] PackLoader:240 - Cannot read IP mode file for STMicroelectronics.FP-SNS-FLIGHT1.5.1.0
2025-10-06 23:42:12,964 [INFO] LogOutputStream:77 - [STDOUT_REDIRECT] 1 : Invalid condition id : UX_CORESTACK_Condition cause : null
2025-10-06 23:42:12,965 [INFO] LogOutputStream:77 - [STDOUT_REDIRECT] 1 : Invalid condition id : UX_CORESTACK_Condition cause : null
2025-10-06 23:42:12,967 [INFO] LogOutputStream:77 - [STDOUT_REDIRECT] 1 : Invalid condition id : UX_CORESTACK_Condition cause : null
2025-10-06 23:42:12,967 [INFO] LogOutputStream:77 - [STDOUT_REDIRECT] 1 : Invalid condition id : UX_CORESTACK_Condition cause : null
2025-10-06 23:42:12,969 [INFO] LogOutputStream:77 - [STDOUT_REDIRECT] 1 : Invalid condition id : UX_CORESTACK_Condition cause : null
2025-10-06 23:42:12,974 [WARN] PackLoader:240 - Cannot read IP mode file for STMicroelectronics.X-CUBE-AZRTOS-WL.2.0.0
2025-10-06 23:42:12,988 [WARN] PackLoader:240 - Cannot read IP mode file for STMicroelectronics.FP-SNS-MOTENV1.5.0.0
2025-10-06 23:42:13,038 [WARN] PackLoader:240 - Cannot read IP mode file for STMicroelectronics.X-CUBE-BLE2.3.3.0
2025-10-06 23:42:13,063 [WARN] PackLoader:240 - Cannot read IP mode file for STMicroelectronics.X-CUBE-NFC9.1.0.0
2025-10-06 23:42:13,086 [WARN] PackLoader:240 - Cannot read IP mode file for wolfSSL.I-CUBE-wolfSSL.5.8.2
2025-10-06 23:42:13,116 [WARN] PackLoader:240 - Cannot read IP mode file for STMicroelectronics.X-CUBE-BLE1.7.1.0
2025-10-06 23:42:13,235 [WARN] PackLoader:240 - Cannot read IP mode file for wolfSSL.I-CUBE-wolfMQTT.1.19.2
2025-10-06 23:42:13,248 [WARN] PackLoader:240 - Cannot read IP mode file for STMicroelectronics.X-CUBE-EEPRMA1.5.2.0
2025-10-06 23:42:13,271 [WARN] PackLoader:240 - Cannot read IP mode file for STMicroelectronics.X-CUBE-AZRTOS-G0.1.1.0
2025-10-06 23:42:13,283 [WARN] PackLoader:240 - Cannot read IP mode file for STMicroelectronics.X-CUBE-SAFEA1.1.2.2
2025-10-06 23:42:13,294 [WARN] PackLoader:240 - Cannot read IP mode file for STMicroelectronics.X-CUBE-NFC4.3.0.0
2025-10-06 23:42:13,308 [WARN] PackLoader:240 - Cannot read IP mode file for EmbeddedOffice.I-CUBE-FS-RTOS.1.0.1
2025-10-06 23:42:13,320 [WARN] PackLoader:240 - Cannot read IP mode file for STMicroelectronics.X-CUBE-WB05N.2.0.0
2025-10-06 23:42:13,330 [WARN] PackLoader:240 - Cannot read IP mode file for wolfSSL.I-CUBE-wolfTPM.3.8.0
2025-10-06 23:42:13,342 [WARN] PackLoader:240 - Cannot read IP mode file for STMicroelectronics.X-CUBE-TCPP.4.2.0
2025-10-06 23:42:13,352 [WARN] PackLoader:240 - Cannot read IP mode file for RealThread.X-CUBE-RT-Thread_Nano.4.1.1
2025-10-06 23:42:13,357 [WARN] PackLoader:240 - Cannot read IP mode file for STMicroelectronics.FP-ATR-SIGFOX1.3.2.0
2025-10-06 23:42:13,365 [WARN] PackLoader:240 - Cannot read IP mode file for ITTIA_DB.I-CUBE-ITTIADB.8.9.0
2025-10-06 23:42:13,374 [WARN] PackLoader:240 - Cannot read IP mode file for STMicroelectronics.X-CUBE-ST67W61.1.0.0
2025-10-06 23:42:13,379 [WARN] PackLoader:240 - Cannot read IP mode file for STMicroelectronics.X-CUBE-AI.10.2.0
2025-10-06 23:42:13,413 [WARN] PackLoader:240 - Cannot read IP mode file for SEGGER.I-CUBE-embOS.1.3.1
2025-10-06 23:42:13,520 [WARN] PackLoader:240 - Cannot read IP mode file for STMicroelectronics.X-CUBE-ALGOBUILD.1.4.0
2025-10-06 23:42:13,565 [WARN] PackLoader:240 - Cannot read IP mode file for STMicroelectronics.X-CUBE-MEMS1.11.3.0
2025-10-06 23:42:13,711 [WARN] PackLoader:240 - Cannot read IP mode file for STMicroelectronics.X-CUBE-PM33A1.1.0.0
2025-10-06 23:42:13,726 [WARN] PackLoader:240 - Cannot read IP mode file for STMicroelectronics.X-CUBE-AZRTOS-F4.1.1.0
2025-10-06 23:42:13,735 [WARN] PackLoader:240 - Cannot read IP mode file for STMicroelectronics.X-CUBE-ISPU.2.1.0
2025-10-06 23:42:13,746 [WARN] PackLoader:240 - Cannot read IP mode file for STMicroelectronics.X-CUBE-NFC12.1.0.0
2025-10-06 23:42:13,766 [WARN] PackLoader:240 - Cannot read IP mode file for STMicroelectronics.X-CUBE-AZRTOS-L5.2.0.0
2025-10-06 23:42:13,777 [WARN] PackLoader:240 - Cannot read IP mode file for STMicroelectronics.X-CUBE-NFC6.3.1.0
2025-10-06 23:42:13,785 [WARN] PackLoader:240 - Cannot read IP mode file for STMicroelectronics.X-CUBE-FREERTOS.1.3.1
2025-10-06 23:42:13,791 [WARN] PackLoader:240 - Cannot read IP mode file for STMicroelectronics.X-CUBE-TOUCHGFX.4.26.0
2025-10-06 23:42:13,798 [WARN] PackLoader:240 - Cannot read IP mode file for STMicroelectronics.FP-SNS-STAIOTCFT.1.0.0
2025-10-06 23:42:13,805 [WARN] PackLoader:240 - Cannot read IP mode file for STMicroelectronics.X-CUBE-DPower.1.3.0
2025-10-06 23:42:13,884 [WARN] ConditionMgr:438 - getConditionDescription Invalid condition id : LAN8742 Phy interface Condition cause : null
2025-10-06 23:42:13,894 [WARN] PackLoader:240 - Cannot read IP mode file for STMicroelectronics.X-CUBE-AZRTOS-L4.2.0.0
2025-10-06 23:42:13,950 [WARN] ConditionMgr:1044 - genDependencies : Invalid condition id : LAN8742 Phy interface Condition cause : null
2025-10-06 23:42:13,950 [WARN] ConditionMgr:1044 - genDependencies : Invalid condition id : LAN8742 Phy interface Condition cause : null
2025-10-06 23:42:13,950 [WARN] ConditionMgr:1044 - genDependencies : Invalid condition id : LAN8742 Phy interface Condition cause : null
2025-10-06 23:42:13,963 [WARN] PackLoader:240 - Cannot read IP mode file for STMicroelectronics.X-CUBE-SFXS2LP1.4.0.0
2025-10-06 23:42:13,976 [WARN] PackLoader:240 - Cannot read IP mode file for STMicroelectronics.X-CUBE-BLEMGR.4.1.0
2025-10-06 23:42:14,004 [WARN] ConditionMgr:438 - getConditionDescription Invalid condition id : UX DEVICE CLASS RTOS Condition cause : null
2025-10-06 23:42:14,004 [WARN] ConditionMgr:438 - getConditionDescription Invalid condition id : UX DEVICE CLASS RTOS Condition cause : null
2025-10-06 23:42:14,006 [WARN] PackLoader:240 - Cannot read IP mode file for STMicroelectronics.X-CUBE-AZRTOS-WB.2.0.0
2025-10-06 23:42:14,008 [WARN] ConditionMgr:1044 - genDependencies : Invalid condition id : UX DEVICE CLASS RTOS Condition cause : null
2025-10-06 23:42:14,008 [WARN] ConditionMgr:1044 - genDependencies : Invalid condition id : UX DEVICE CLASS RTOS Condition cause : null
2025-10-06 23:42:14,008 [WARN] ConditionMgr:1044 - genDependencies : Invalid condition id : UX DEVICE CLASS RTOS Condition cause : null
2025-10-06 23:42:14,008 [WARN] ConditionMgr:1044 - genDependencies : Invalid condition id : UX DEVICE CLASS RTOS Condition cause : null
2025-10-06 23:42:14,008 [WARN] ConditionMgr:1044 - genDependencies : Invalid condition id : UX DEVICE CLASS RTOS Condition cause : null
2025-10-06 23:42:14,016 [WARN] PackLoader:240 - Cannot read IP mode file for STMicroelectronics.X-CUBE-GNSS1.7.0.1
2025-10-06 23:42:14,043 [WARN] ConditionMgr:438 - getConditionDescription Invalid condition id : Cortex-A Device cause : null
2025-10-06 23:42:14,086 [WARN] ConditionMgr:1044 - genDependencies : Invalid condition id : Cortex-A Device cause : null
2025-10-06 23:42:14,086 [WARN] ConditionMgr:1044 - genDependencies : Invalid condition id : Cortex-A Device cause : null
2025-10-06 23:42:14,114 [WARN] ConditionMgr:1044 - genDependencies : Invalid condition id : Cortex-A Device cause : null
2025-10-06 23:42:14,148 [WARN] PackLoader:240 - Cannot read IP mode file for STMicroelectronics.X-CUBE-SUBG2.5.0.0
2025-10-06 23:42:14,177 [WARN] PackLoader:240 - Cannot read IP mode file for STMicroelectronics.X-CUBE-AZRTOS-H7RS.1.1.0
2025-10-06 23:42:14,212 [WARN] PackLoader:240 - Cannot read IP mode file for STMicroelectronics.X-CUBE-AZRTOS-G4.2.0.0
2025-10-06 23:42:14,218 [WARN] PackLoader:240 - Cannot read IP mode file for wolfSSL.I-CUBE-wolfSSH.1.4.20
2025-10-06 23:42:14,226 [WARN] PackLoader:240 - Cannot read IP mode file for STMicroelectronics.X-CUBE-NFC7.2.0.0
2025-10-06 23:42:14,240 [WARN] PackLoader:240 - Cannot read IP mode file for STMicroelectronics.X-CUBE-IPS.3.1.0
2025-10-06 23:42:14,250 [WARN] PackLoader:240 - Cannot read IP mode file for STMicroelectronics.X-CUBE-ALS.1.0.2
2025-10-06 23:42:14,260 [WARN] PackLoader:240 - Cannot read IP mode file for STMicroelectronics.X-CUBE-STSE01.1.0.0
2025-10-06 23:42:14,284 [WARN] PackLoader:240 - Cannot read IP mode file for STMicroelectronics.X-CUBE-TOF1.3.4.3
2025-10-06 23:42:14,332 [INFO] ThirdParty:978 - Integrity check success = true
2025-10-06 23:42:14,332 [INFO] IntegrityCheckThread:100 - exiting critical section [integrity check]
2025-10-06 23:42:14,332 [INFO] IntegrityCheckThread:103 - End integrity checks thread
2025-10-06 23:42:14,898 [INFO] WebApp:463 - Apply proxy settings
2025-10-06 23:42:14,899 [INFO] WebApp:548 - Chromium requires no authentication
2025-10-06 23:42:14,924 [INFO] WebApp:491 - Direct internet connection detected
2025-10-06 23:42:14,993 [INFO] WebApp:900 - Register for checkConnection events
2025-10-06 23:42:14,994 [INFO] WebApp:463 - Apply proxy settings
2025-10-06 23:42:14,994 [INFO] WebApp:548 - Chromium requires no authentication
2025-10-06 23:42:14,994 [INFO] WebApp:491 - Direct internet connection detected
2025-10-06 23:42:15,258 [INFO] WebApp:225 - Starting web application
2025-10-06 23:42:15,258 [INFO] WebApp:593 - Web application path used C:\ST\STM32CubeIDE_1.19.0\STM32CubeIDE\plugins\com.st.stm32cube.common.mx_6.15.0.202507011659\db\plugins\mcufinder\reactClient1\index.html
2025-10-06 23:42:15,483 [INFO] WebApp:191 - Connection restablished
2025-10-06 23:42:15,530 [INFO] UserAuth:487 - Internet connection configuration mode: 1
2025-10-06 23:42:26,486 [ERROR] LogOutputStream:75 - [STDERR_REDIRECT] 
2025-10-06 23:42:26,487 [ERROR] LogOutputStream:75 - [STDERR_REDIRECT] 
